#
# There is insufficient memory for the Java Runtime Environment to continue.
# Native memory allocation (malloc) failed to allocate 1309936 bytes for Chunk::new
# Possible reasons:
#   The system is out of physical RAM or swap space
#   The process is running with CompressedOops enabled, and the Java Heap may be blocking the growth of the native heap
# Possible solutions:
#   Reduce memory load on the system
#   Increase physical memory or swap space
#   Check if swap backing store is full
#   Decrease Java heap size (-Xmx/-Xms)
#   Decrease number of Java threads
#   Decrease Java thread stack sizes (-Xss)
#   Set larger code cache with -XX:ReservedCodeCacheSize=
#   JVM is running with Unscaled Compressed Oops mode in which the Java heap is
#     placed in the first 4GB address space. The Java Heap base address is the
#     maximum limit for the native heap growth. Please use -XX:HeapBaseMinAddress
#     to set the Java Heap base and to place the Java Heap above 4GB virtual address.
# This output file may be truncated or incomplete.
#
#  Out of Memory Error (arena.cpp:191), pid=9248, tid=14720
#
# JRE version: OpenJDK Runtime Environment Temurin-17.0.10+7 (17.0.10+7) (build 17.0.10+7)
# Java VM: OpenJDK 64-Bit Server VM Temurin-17.0.10+7 (17.0.10+7, mixed mode, tiered, compressed oops, compressed class ptrs, parallel gc, windows-amd64)
# No core dump will be written. Minidumps are not enabled by default on client versions of Windows
#

---------------  S U M M A R Y ------------

Command Line: --add-modules=ALL-SYSTEM --add-opens=java.base/java.util=ALL-UNNAMED --add-opens=java.base/java.lang=ALL-UNNAMED --add-opens=java.base/sun.nio.fs=ALL-UNNAMED -Declipse.application=org.eclipse.jdt.ls.core.id1 -Dosgi.bundles.defaultStartLevel=4 -Declipse.product=org.eclipse.jdt.ls.core.product -Djava.import.generatesMetadataFilesAtProjectRoot=false -DDetectVMInstallationsJob.disabled=true -Dfile.encoding=utf8 -XX:+UseParallelGC -XX:GCTimeRatio=4 -XX:AdaptiveSizePolicyWeight=90 -Dsun.zip.disableMemoryMapping=true -Xmx1G -Xms100m -Xlog:disable -javaagent:c:\Users\Abel Apriliani\.vscode\extensions\redhat.java-1.30.0-win32-x64\lombok\lombok-1.18.32.jar -XX:+HeapDumpOnOutOfMemoryError -XX:HeapDumpPath=c:\Users\Abel Apriliani\AppData\Roaming\Code\User\workspaceStorage\c818537a7e6f00fbf71c54d39c6815c5\redhat.java -Daether.dependencyCollector.impl=bf c:\Users\Abel Apriliani\.vscode\extensions\redhat.java-1.30.0-win32-x64\server\plugins\org.eclipse.equinox.launcher_1.6.800.v20240330-1250.jar -configuration c:\Users\Abel Apriliani\AppData\Roaming\Code\User\globalStorage\redhat.java\1.30.0\config_win -data c:\Users\Abel Apriliani\AppData\Roaming\Code\User\workspaceStorage\c818537a7e6f00fbf71c54d39c6815c5\redhat.java\jdt_ws --pipe=\\.\pipe\lsp-8afb4c024483aa2de0de941d430ddaca-sock

Host: AMD Athlon Silver 3050U with Radeon Graphics   , 2 cores, 5G,  Windows 11 , 64 bit Build 22621 (10.0.22621.3374)
Time: Wed May 15 22:55:07 2024 SE Asia Standard Time elapsed time: 38.107998 seconds (0d 0h 0m 38s)

---------------  T H R E A D  ---------------

Current thread (0x000001969ee71b70):  JavaThread "C2 CompilerThread0" daemon [_thread_in_native, id=14720, stack(0x00000057fb100000,0x00000057fb200000)]


Current CompileTask:
C2:  38108 9368       4       org.lombokweb.asm.SymbolTable::<init> (536 bytes)

Stack: [0x00000057fb100000,0x00000057fb200000]
Native frames: (J=compiled Java code, j=interpreted, Vv=VM code, C=native code)
V  [jvm.dll+0x67d2c9]
V  [jvm.dll+0x834afa]
V  [jvm.dll+0x8365be]
V  [jvm.dll+0x836c23]
V  [jvm.dll+0x2477ff]
V  [jvm.dll+0xac514]
V  [jvm.dll+0xacb5c]
V  [jvm.dll+0x2aed1f]
V  [jvm.dll+0x584b67]
V  [jvm.dll+0x2228a2]
V  [jvm.dll+0x222c8f]
V  [jvm.dll+0x21bdb6]
V  [jvm.dll+0x219201]
V  [jvm.dll+0x1a502d]
V  [jvm.dll+0x2290de]
V  [jvm.dll+0x2272ac]
V  [jvm.dll+0x7e9bb7]
V  [jvm.dll+0x7e3fba]
V  [jvm.dll+0x67c1b5]
C  [ucrtbase.dll+0x29333]
C  [KERNEL32.DLL+0x1257d]
C  [ntdll.dll+0x5aa48]


---------------  P R O C E S S  ---------------

Threads class SMR info:
_java_thread_list=0x00000196b98b76f0, length=53, elements={
0x000001968b03efb0, 0x000001968b0eafd0, 0x000001968b0ee050, 0x000001969ee6b330,
0x000001969ee6bd00, 0x000001969ee705f0, 0x000001969ee70ec0, 0x000001969ee71b70,
0x000001969ee8b970, 0x00000196a3998070, 0x000001968b0a0440, 0x00000196a3c28840,
0x00000196a41b31c0, 0x00000196a41b5530, 0x00000196a41b5a40, 0x00000196a41b36d0,
0x00000196a41b5020, 0x00000196a41b6970, 0x00000196a41b40f0, 0x00000196a41b4600,
0x00000196a41b4b10, 0x00000196a5c7c870, 0x00000196a5c78bb0, 0x00000196a5c75400,
0x00000196a5c7c360, 0x00000196a5c76d50, 0x00000196a5c77260, 0x00000196a5c795d0,
0x00000196a5c77770, 0x00000196a5c79ff0, 0x00000196a5c77c80, 0x00000196a5c7a500,
0x00000196a5c7b940, 0x00000196a5c7be50, 0x00000196a5c75910, 0x00000196a5c75e20,
0x00000196a5c786a0, 0x00000196a4ba0760, 0x00000196a4ba20b0, 0x00000196a4b9f320,
0x00000196a4b9a730, 0x00000196a4b9e3f0, 0x00000196a4b9d9d0, 0x00000196a4b9f830,
0x00000196a4ba1690, 0x00000196a4ba0250, 0x00000196a4b9ac40, 0x00000196a4b9b150,
0x00000196a4b9b660, 0x00000196a4b9c080, 0x00000196a4b9cfb0, 0x00000196a5c7af20,
0x00000196a5c790c0
}

Java Threads: ( => current thread )
  0x000001968b03efb0 JavaThread "main" [_thread_blocked, id=11692, stack(0x00000057fa700000,0x00000057fa800000)]
  0x000001968b0eafd0 JavaThread "Reference Handler" daemon [_thread_blocked, id=12756, stack(0x00000057fab00000,0x00000057fac00000)]
  0x000001968b0ee050 JavaThread "Finalizer" daemon [_thread_blocked, id=15108, stack(0x00000057fac00000,0x00000057fad00000)]
  0x000001969ee6b330 JavaThread "Signal Dispatcher" daemon [_thread_blocked, id=9964, stack(0x00000057fad00000,0x00000057fae00000)]
  0x000001969ee6bd00 JavaThread "Attach Listener" daemon [_thread_blocked, id=9368, stack(0x00000057fae00000,0x00000057faf00000)]
  0x000001969ee705f0 JavaThread "Service Thread" daemon [_thread_blocked, id=3984, stack(0x00000057faf00000,0x00000057fb000000)]
  0x000001969ee70ec0 JavaThread "Monitor Deflation Thread" daemon [_thread_blocked, id=1808, stack(0x00000057fb000000,0x00000057fb100000)]
=>0x000001969ee71b70 JavaThread "C2 CompilerThread0" daemon [_thread_in_native, id=14720, stack(0x00000057fb100000,0x00000057fb200000)]
  0x000001969ee8b970 JavaThread "C1 CompilerThread0" daemon [_thread_blocked, id=9296, stack(0x00000057fb200000,0x00000057fb300000)]
  0x00000196a3998070 JavaThread "Sweeper thread" daemon [_thread_blocked, id=6480, stack(0x00000057fb300000,0x00000057fb400000)]
  0x000001968b0a0440 JavaThread "Common-Cleaner" daemon [_thread_blocked, id=8408, stack(0x00000057fb400000,0x00000057fb500000)]
  0x00000196a3c28840 JavaThread "Notification Thread" daemon [_thread_blocked, id=10676, stack(0x00000057fb500000,0x00000057fb600000)]
  0x00000196a41b31c0 JavaThread "Active Thread: Equinox Container: c47858ca-91e4-4f88-bd36-1f1a8745933b" [_thread_blocked, id=7504, stack(0x00000057fb800000,0x00000057fb900000)]
  0x00000196a41b5530 JavaThread "Framework Event Dispatcher: Equinox Container: c47858ca-91e4-4f88-bd36-1f1a8745933b" daemon [_thread_blocked, id=12360, stack(0x00000057fb900000,0x00000057fba00000)]
  0x00000196a41b5a40 JavaThread "Start Level: Equinox Container: c47858ca-91e4-4f88-bd36-1f1a8745933b" daemon [_thread_blocked, id=13516, stack(0x00000057fba00000,0x00000057fbb00000)]
  0x00000196a41b36d0 JavaThread "Bundle File Closer" daemon [_thread_blocked, id=9704, stack(0x00000057fbb00000,0x00000057fbc00000)]
  0x00000196a41b5020 JavaThread "SCR Component Actor" daemon [_thread_blocked, id=10172, stack(0x00000057fbc00000,0x00000057fbd00000)]
  0x00000196a41b6970 JavaThread "Worker-JM" [_thread_blocked, id=10320, stack(0x00000057fbe00000,0x00000057fbf00000)]
  0x00000196a41b40f0 JavaThread "Worker-0: Publish Diagnostics" [_thread_blocked, id=10372, stack(0x00000057fbf00000,0x00000057fc000000)]
  0x00000196a41b4600 JavaThread "Worker-1: Initialize workspace" [_thread_blocked, id=9260, stack(0x00000057fc000000,0x00000057fc100000)]
  0x00000196a41b4b10 JavaThread "Worker-2" [_thread_blocked, id=304, stack(0x00000057fc100000,0x00000057fc200000)]
  0x00000196a5c7c870 JavaThread "Worker-3: Validate documents" [_thread_blocked, id=8640, stack(0x00000057fc200000,0x00000057fc300000)]
  0x00000196a5c78bb0 JavaThread "Worker-4: Java indexing... " [_thread_blocked, id=13092, stack(0x00000057fc300000,0x00000057fc400000)]
  0x00000196a5c75400 JavaThread "Java indexing" daemon [_thread_blocked, id=10212, stack(0x00000057fc400000,0x00000057fc500000)]
  0x00000196a5c7c360 JavaThread "Thread-2" daemon [_thread_in_native, id=948, stack(0x00000057fbd00000,0x00000057fbe00000)]
  0x00000196a5c76d50 JavaThread "Thread-3" daemon [_thread_in_native, id=14552, stack(0x00000057fc500000,0x00000057fc600000)]
  0x00000196a5c77260 JavaThread "Thread-4" daemon [_thread_in_native, id=11572, stack(0x00000057fc600000,0x00000057fc700000)]
  0x00000196a5c795d0 JavaThread "Worker-5" [_thread_blocked, id=14796, stack(0x00000057fc700000,0x00000057fc800000)]
  0x00000196a5c77770 JavaThread "Worker-6: Publish Diagnostics" [_thread_blocked, id=6824, stack(0x00000057fc800000,0x00000057fc900000)]
  0x00000196a5c79ff0 JavaThread "pool-2-thread-1" [_thread_blocked, id=13992, stack(0x00000057fc900000,0x00000057fca00000)]
  0x00000196a5c77c80 JavaThread "WorkspaceEventsHandler" [_thread_blocked, id=14176, stack(0x00000057fca00000,0x00000057fcb00000)]
  0x00000196a5c7a500 JavaThread "pool-1-thread-1" [_thread_blocked, id=1468, stack(0x00000057fcb00000,0x00000057fcc00000)]
  0x00000196a5c7b940 JavaThread "Timer-0" [_thread_blocked, id=6948, stack(0x00000057fcc00000,0x00000057fcd00000)]
  0x00000196a5c7be50 JavaThread "Exec process" [_thread_blocked, id=14452, stack(0x00000057fce00000,0x00000057fcf00000)]
  0x00000196a5c75910 JavaThread "Exec process Thread 2" [_thread_blocked, id=13336, stack(0x00000057fcf00000,0x00000057fd000000)]
  0x00000196a5c75e20 JavaThread "Exec process Thread 3" [_thread_blocked, id=8672, stack(0x00000057fd000000,0x00000057fd100000)]
  0x00000196a5c786a0 JavaThread "Timer-1" [_thread_blocked, id=2980, stack(0x00000057fcd00000,0x00000057fce00000)]
  0x00000196a4ba0760 JavaThread "Thread-23" [_thread_blocked, id=13700, stack(0x00000057fdb00000,0x00000057fdc00000)]
  0x00000196a4ba20b0 JavaThread "Thread-32" [_thread_blocked, id=9728, stack(0x00000057fe400000,0x00000057fe500000)]
  0x00000196a4b9f320 JavaThread "Thread-33" [_thread_blocked, id=15000, stack(0x00000057fe500000,0x00000057fe600000)]
  0x00000196a4b9a730 JavaThread "Thread-34" [_thread_blocked, id=7924, stack(0x00000057fd100000,0x00000057fd200000)]
  0x00000196a4b9e3f0 JavaThread "Thread-38" [_thread_blocked, id=6636, stack(0x00000057fd400000,0x00000057fd500000)]
  0x00000196a4b9d9d0 JavaThread "Thread-43" [_thread_blocked, id=12000, stack(0x00000057fd200000,0x00000057fd300000)]
  0x00000196a4b9f830 JavaThread "Thread-46" [_thread_blocked, id=10648, stack(0x00000057fd700000,0x00000057fd800000)]
  0x00000196a4ba1690 JavaThread "Thread-50" [_thread_blocked, id=6400, stack(0x00000057fdc00000,0x00000057fdd00000)]
  0x00000196a4ba0250 JavaThread "Thread-51" [_thread_blocked, id=13544, stack(0x00000057fdd00000,0x00000057fde00000)]
  0x00000196a4b9ac40 JavaThread "Thread-54" [_thread_blocked, id=10236, stack(0x00000057fdf00000,0x00000057fe000000)]
  0x00000196a4b9b150 JavaThread "Thread-55" [_thread_blocked, id=9724, stack(0x00000057fe000000,0x00000057fe100000)]
  0x00000196a4b9b660 JavaThread "Thread-56" [_thread_blocked, id=13068, stack(0x00000057fe100000,0x00000057fe200000)]
  0x00000196a4b9c080 JavaThread "Thread-58" [_thread_blocked, id=13688, stack(0x00000057fe300000,0x00000057fe400000)]
  0x00000196a4b9cfb0 JavaThread "Thread-61" [_thread_blocked, id=10020, stack(0x00000057fe800000,0x00000057fe900000)]
  0x00000196a5c7af20 JavaThread "Thread-64" [_thread_blocked, id=1280, stack(0x00000057fd500000,0x00000057fd600000)]
  0x00000196a5c790c0 JavaThread "Worker-7" [_thread_blocked, id=14512, stack(0x00000057fd600000,0x00000057fd700000)]

Other Threads:
  0x000001969ee2a930 VMThread "VM Thread" [stack: 0x00000057faa00000,0x00000057fab00000] [id=9588]
  0x00000196a3c28d20 WatcherThread [stack: 0x00000057fb600000,0x00000057fb700000] [id=6280]
  0x000001968b053e10 GCTaskThread "GC Thread#0" [stack: 0x00000057fa900000,0x00000057faa00000] [id=4464]
  0x00000196a40bf080 GCTaskThread "GC Thread#1" [stack: 0x00000057fb700000,0x00000057fb800000] [id=9956]

Threads with active compile tasks:
C2 CompilerThread0    38127 9368       4       org.lombokweb.asm.SymbolTable::<init> (536 bytes)
C1 CompilerThread0    38127 9390       3       org.eclipse.jdt.internal.compiler.util.JrtFileSystem$2::visitFile (72 bytes)

VM state: not at safepoint (normal execution)

VM Mutex/Monitor currently owned by a thread:  ([mutex/lock_event])
[0x000001968b03be50] Heap_lock - owner thread: 0x00000196a5c7a500
[0x000001968b03b1f0] Compile_lock - owner thread: 0x00000196a4b9e3f0

Heap address: 0x00000000c0000000, size: 1024 MB, Compressed Oops mode: 32-bit

CDS archive(s) not mapped
Compressed class space mapped at: 0x0000000100000000-0x0000000140000000, reserved size: 1073741824
Narrow klass base: 0x0000000000000000, Narrow klass shift: 3, Narrow klass range: 0x140000000

GC Precious Log:
 CPUs: 2 total, 2 available
 Memory: 6094M
 Large Page Support: Disabled
 NUMA Support: Disabled
 Compressed Oops: Enabled (32-bit)
 Alignments: Space 512K, Generation 512K, Heap 2M
 Heap Min Capacity: 100M
 Heap Initial Capacity: 100M
 Heap Max Capacity: 1G
 Pre-touch: Disabled
 Parallel Workers: 2

Heap:
 PSYoungGen      total 15360K, used 478K [0x00000000eab00000, 0x00000000eba80000, 0x0000000100000000)
  eden space 13824K, 0% used [0x00000000eab00000,0x00000000eab00010,0x00000000eb880000)
  from space 1536K, 31% used [0x00000000eb880000,0x00000000eb8f77f0,0x00000000eba00000)
  to   space 512K, 0% used [0x00000000eba00000,0x00000000eba00000,0x00000000eba80000)
 ParOldGen       total 111104K, used 91903K [0x00000000c0000000, 0x00000000c6c80000, 0x00000000eab00000)
  object space 111104K, 82% used [0x00000000c0000000,0x00000000c59bfd88,0x00000000c6c80000)
 Metaspace       used 73469K, committed 74688K, reserved 1179648K
  class space    used 8323K, committed 8832K, reserved 1048576K

Card table byte_map: [0x000001968aa00000,0x000001968ac10000] _byte_map_base: 0x000001968a400000

Marking Bits: (ParMarkBitMap*) 0x00007ffe11fad7d0
 Begin Bits: [0x000001969ccd0000, 0x000001969dcd0000)
 End Bits:   [0x000001969dcd0000, 0x000001969ecd0000)

Polling page: 0x000001968a7f0000

Metaspace:

Usage:
  Non-class:     63.62 MB used.
      Class:      8.13 MB used.
       Both:     71.75 MB used.

Virtual space:
  Non-class space:      128.00 MB reserved,      64.31 MB ( 50%) committed,  2 nodes.
      Class space:        1.00 GB reserved,       8.62 MB ( <1%) committed,  1 nodes.
             Both:        1.12 GB reserved,      72.94 MB (  6%) committed. 

Chunk freelists:
   Non-Class:  15.30 MB
       Class:  7.25 MB
        Both:  22.55 MB

MaxMetaspaceSize: unlimited
CompressedClassSpaceSize: 1.00 GB
Initial GC threshold: 21.00 MB
Current GC threshold: 120.56 MB
CDS: off
MetaspaceReclaimPolicy: balanced
 - commit_granule_bytes: 65536.
 - commit_granule_words: 8192.
 - virtual_space_node_default_size: 8388608.
 - enlarge_chunks_in_place: 1.
 - new_chunks_are_fully_committed: 0.
 - uncommit_free_chunks: 1.
 - use_allocation_guard: 0.
 - handle_deallocations: 1.


Internal statistics:

num_allocs_failed_limit: 9.
num_arena_births: 780.
num_arena_deaths: 28.
num_vsnodes_births: 3.
num_vsnodes_deaths: 0.
num_space_committed: 1167.
num_space_uncommitted: 0.
num_chunks_returned_to_freelist: 40.
num_chunks_taken_from_freelist: 3720.
num_chunk_merges: 12.
num_chunk_splits: 2351.
num_chunks_enlarged: 1454.
num_inconsistent_stats: 0.

CodeHeap 'non-profiled nmethods': size=120064Kb used=5291Kb max_used=5291Kb free=114772Kb
 bounds [0x0000019695790000, 0x0000019695cc0000, 0x000001969ccd0000]
CodeHeap 'profiled nmethods': size=120000Kb used=16039Kb max_used=16108Kb free=103960Kb
 bounds [0x000001968dcd0000, 0x000001968ec90000, 0x0000019695200000]
CodeHeap 'non-nmethods': size=5696Kb used=1363Kb max_used=1415Kb free=4332Kb
 bounds [0x0000019695200000, 0x0000019695470000, 0x0000019695790000]
 total_blobs=8650 nmethods=7938 adapters=626
 compilation: enabled
              stopped_count=0, restarted_count=0
 full_count=0

Compilation events (20 events):
Event: 37.946 Thread 0x000001969ee8b970 nmethod 9374 0x000001968ec8b610 code [0x000001968ec8b800, 0x000001968ec8ba88]
Event: 37.959 Thread 0x000001969ee8b970 9379       2       org.eclipse.jdt.internal.core.util.HashSetOfArray::rehash (64 bytes)
Event: 37.959 Thread 0x000001969ee8b970 nmethod 9379 0x000001968e9a6290 code [0x000001968e9a6440, 0x000001968e9a66f8]
Event: 37.960 Thread 0x000001969ee8b970 9380  s    2       org.eclipse.jdt.internal.core.JavaModelManager::getExistingElement (9 bytes)
Event: 37.960 Thread 0x000001969ee8b970 nmethod 9380 0x000001968e9a5e10 code [0x000001968e9a5fc0, 0x000001968e9a6188]
Event: 37.960 Thread 0x000001969ee8b970 9381       2       org.eclipse.jdt.internal.core.util.LRUCache::getKey (23 bytes)
Event: 37.960 Thread 0x000001969ee8b970 nmethod 9381 0x000001968e9a5990 code [0x000001968e9a5b40, 0x000001968e9a5ce8]
Event: 37.960 Thread 0x000001969ee8b970 9382       2       org.eclipse.jdt.internal.core.util.HashSetOfArray::<init> (7 bytes)
Event: 37.960 Thread 0x000001969ee8b970 nmethod 9382 0x000001968e9a5610 code [0x000001968e9a57a0, 0x000001968e9a58c8]
Event: 37.961 Thread 0x000001969ee8b970 9383       3       org.eclipse.jdt.internal.core.JavaProjectElementInfo::addSuperPackageNames (47 bytes)
Event: 37.961 Thread 0x000001969ee8b970 nmethod 9383 0x000001968e9a4d90 code [0x000001968e9a4f60, 0x000001968e9a5448]
Event: 37.961 Thread 0x000001969ee8b970 9384       2       org.eclipse.jdt.internal.compiler.util.HashtableOfObjectToInt::put (104 bytes)
Event: 37.962 Thread 0x000001969ee8b970 nmethod 9384 0x000001968e9a4510 code [0x000001968e9a4700, 0x000001968e9a4ac8]
Event: 37.962 Thread 0x000001969ee8b970 9385       3       org.eclipse.jdt.internal.core.AbstractClassFile::equals (49 bytes)
Event: 37.962 Thread 0x000001969ee8b970 nmethod 9385 0x000001968e9a3b90 code [0x000001968e9a3d80, 0x000001968e9a43b8]
Event: 37.964 Thread 0x000001969ee8b970 9387       2       org.eclipse.jdt.internal.core.CompilationUnit::isPrimary (14 bytes)
Event: 37.964 Thread 0x000001969ee8b970 nmethod 9387 0x000001968e9a3810 code [0x000001968e9a39a0, 0x000001968e9a3af8]
Event: 37.964 Thread 0x000001969ee8b970 9388       2       org.eclipse.jdt.internal.core.PackageFragmentRoot::internalPath (10 bytes)
Event: 37.964 Thread 0x000001969ee8b970 nmethod 9388 0x000001968e9a3210 code [0x000001968e9a33e0, 0x000001968e9a3638]
Event: 37.985 Thread 0x000001969ee8b970 9390       3       org.eclipse.jdt.internal.compiler.util.JrtFileSystem$2::visitFile (72 bytes)

GC Heap History (20 events):
Event: 36.942 GC heap before
{Heap before GC invocations=77 (full 4):
 PSYoungGen      total 15872K, used 15218K [0x00000000eab00000, 0x00000000ebc00000, 0x0000000100000000)
  eden space 14336K, 100% used [0x00000000eab00000,0x00000000eb900000,0x00000000eb900000)
  from space 1536K, 57% used [0x00000000eba80000,0x00000000ebb5caa0,0x00000000ebc00000)
  to   space 1536K, 0% used [0x00000000eb900000,0x00000000eb900000,0x00000000eba80000)
 ParOldGen       total 95744K, used 94863K [0x00000000c0000000, 0x00000000c5d80000, 0x00000000eab00000)
  object space 95744K, 99% used [0x00000000c0000000,0x00000000c5ca3e90,0x00000000c5d80000)
 Metaspace       used 72787K, committed 74048K, reserved 1179648K
  class space    used 8270K, committed 8832K, reserved 1048576K
}
Event: 36.950 GC heap after
{Heap after GC invocations=77 (full 4):
 PSYoungGen      total 15872K, used 1004K [0x00000000eab00000, 0x00000000ebc00000, 0x0000000100000000)
  eden space 14336K, 0% used [0x00000000eab00000,0x00000000eab00000,0x00000000eb900000)
  from space 1536K, 65% used [0x00000000eb900000,0x00000000eb9fb228,0x00000000eba80000)
  to   space 1536K, 0% used [0x00000000eba80000,0x00000000eba80000,0x00000000ebc00000)
 ParOldGen       total 95744K, used 95655K [0x00000000c0000000, 0x00000000c5d80000, 0x00000000eab00000)
  object space 95744K, 99% used [0x00000000c0000000,0x00000000c5d69e90,0x00000000c5d80000)
 Metaspace       used 72787K, committed 74048K, reserved 1179648K
  class space    used 8270K, committed 8832K, reserved 1048576K
}
Event: 36.950 GC heap before
{Heap before GC invocations=78 (full 5):
 PSYoungGen      total 15872K, used 1004K [0x00000000eab00000, 0x00000000ebc00000, 0x0000000100000000)
  eden space 14336K, 0% used [0x00000000eab00000,0x00000000eab00000,0x00000000eb900000)
  from space 1536K, 65% used [0x00000000eb900000,0x00000000eb9fb228,0x00000000eba80000)
  to   space 1536K, 0% used [0x00000000eba80000,0x00000000eba80000,0x00000000ebc00000)
 ParOldGen       total 95744K, used 95655K [0x00000000c0000000, 0x00000000c5d80000, 0x00000000eab00000)
  object space 95744K, 99% used [0x00000000c0000000,0x00000000c5d69e90,0x00000000c5d80000)
 Metaspace       used 72787K, committed 74048K, reserved 1179648K
  class space    used 8270K, committed 8832K, reserved 1048576K
}
Event: 37.164 GC heap after
{Heap after GC invocations=78 (full 5):
 PSYoungGen      total 15872K, used 0K [0x00000000eab00000, 0x00000000ebc00000, 0x0000000100000000)
  eden space 14336K, 0% used [0x00000000eab00000,0x00000000eab00000,0x00000000eb900000)
  from space 1536K, 0% used [0x00000000eba80000,0x00000000eba80000,0x00000000ebc00000)
  to   space 1536K, 0% used [0x00000000eb900000,0x00000000eb900000,0x00000000eba80000)
 ParOldGen       total 111104K, used 85451K [0x00000000c0000000, 0x00000000c6c80000, 0x00000000eab00000)
  object space 111104K, 76% used [0x00000000c0000000,0x00000000c5372ef8,0x00000000c6c80000)
 Metaspace       used 72787K, committed 74048K, reserved 1179648K
  class space    used 8270K, committed 8832K, reserved 1048576K
}
Event: 37.333 GC heap before
{Heap before GC invocations=79 (full 5):
 PSYoungGen      total 15872K, used 14336K [0x00000000eab00000, 0x00000000ebc00000, 0x0000000100000000)
  eden space 14336K, 100% used [0x00000000eab00000,0x00000000eb900000,0x00000000eb900000)
  from space 1536K, 0% used [0x00000000eba80000,0x00000000eba80000,0x00000000ebc00000)
  to   space 1536K, 0% used [0x00000000eb900000,0x00000000eb900000,0x00000000eba80000)
 ParOldGen       total 111104K, used 85451K [0x00000000c0000000, 0x00000000c6c80000, 0x00000000eab00000)
  object space 111104K, 76% used [0x00000000c0000000,0x00000000c5372ef8,0x00000000c6c80000)
 Metaspace       used 72900K, committed 74176K, reserved 1179648K
  class space    used 8279K, committed 8832K, reserved 1048576K
}
Event: 37.335 GC heap after
{Heap after GC invocations=79 (full 5):
 PSYoungGen      total 15360K, used 608K [0x00000000eab00000, 0x00000000ebb00000, 0x0000000100000000)
  eden space 14336K, 0% used [0x00000000eab00000,0x00000000eab00000,0x00000000eb900000)
  from space 1024K, 59% used [0x00000000eb900000,0x00000000eb998000,0x00000000eba00000)
  to   space 1024K, 0% used [0x00000000eba00000,0x00000000eba00000,0x00000000ebb00000)
 ParOldGen       total 111104K, used 85451K [0x00000000c0000000, 0x00000000c6c80000, 0x00000000eab00000)
  object space 111104K, 76% used [0x00000000c0000000,0x00000000c5372ef8,0x00000000c6c80000)
 Metaspace       used 72900K, committed 74176K, reserved 1179648K
  class space    used 8279K, committed 8832K, reserved 1048576K
}
Event: 37.383 GC heap before
{Heap before GC invocations=80 (full 5):
 PSYoungGen      total 15360K, used 14944K [0x00000000eab00000, 0x00000000ebb00000, 0x0000000100000000)
  eden space 14336K, 100% used [0x00000000eab00000,0x00000000eb900000,0x00000000eb900000)
  from space 1024K, 59% used [0x00000000eb900000,0x00000000eb998000,0x00000000eba00000)
  to   space 1024K, 0% used [0x00000000eba00000,0x00000000eba00000,0x00000000ebb00000)
 ParOldGen       total 111104K, used 85451K [0x00000000c0000000, 0x00000000c6c80000, 0x00000000eab00000)
  object space 111104K, 76% used [0x00000000c0000000,0x00000000c5372ef8,0x00000000c6c80000)
 Metaspace       used 72935K, committed 74176K, reserved 1179648K
  class space    used 8282K, committed 8832K, reserved 1048576K
}
Event: 37.386 GC heap after
{Heap after GC invocations=80 (full 5):
 PSYoungGen      total 15360K, used 866K [0x00000000eab00000, 0x00000000ebb00000, 0x0000000100000000)
  eden space 14336K, 0% used [0x00000000eab00000,0x00000000eab00000,0x00000000eb900000)
  from space 1024K, 84% used [0x00000000eba00000,0x00000000ebad8ac0,0x00000000ebb00000)
  to   space 1024K, 0% used [0x00000000eb900000,0x00000000eb900000,0x00000000eba00000)
 ParOldGen       total 111104K, used 85845K [0x00000000c0000000, 0x00000000c6c80000, 0x00000000eab00000)
  object space 111104K, 77% used [0x00000000c0000000,0x00000000c53d57f8,0x00000000c6c80000)
 Metaspace       used 72935K, committed 74176K, reserved 1179648K
  class space    used 8282K, committed 8832K, reserved 1048576K
}
Event: 37.413 GC heap before
{Heap before GC invocations=81 (full 5):
 PSYoungGen      total 15360K, used 15202K [0x00000000eab00000, 0x00000000ebb00000, 0x0000000100000000)
  eden space 14336K, 100% used [0x00000000eab00000,0x00000000eb900000,0x00000000eb900000)
  from space 1024K, 84% used [0x00000000eba00000,0x00000000ebad8ac0,0x00000000ebb00000)
  to   space 1024K, 0% used [0x00000000eb900000,0x00000000eb900000,0x00000000eba00000)
 ParOldGen       total 111104K, used 85845K [0x00000000c0000000, 0x00000000c6c80000, 0x00000000eab00000)
  object space 111104K, 77% used [0x00000000c0000000,0x00000000c53d57f8,0x00000000c6c80000)
 Metaspace       used 72938K, committed 74176K, reserved 1179648K
  class space    used 8282K, committed 8832K, reserved 1048576K
}
Event: 37.416 GC heap after
{Heap after GC invocations=81 (full 5):
 PSYoungGen      total 15360K, used 960K [0x00000000eab00000, 0x00000000ebb00000, 0x0000000100000000)
  eden space 14336K, 0% used [0x00000000eab00000,0x00000000eab00000,0x00000000eb900000)
  from space 1024K, 93% used [0x00000000eb900000,0x00000000eb9f0000,0x00000000eba00000)
  to   space 1024K, 0% used [0x00000000eba00000,0x00000000eba00000,0x00000000ebb00000)
 ParOldGen       total 111104K, used 86626K [0x00000000c0000000, 0x00000000c6c80000, 0x00000000eab00000)
  object space 111104K, 77% used [0x00000000c0000000,0x00000000c5498a70,0x00000000c6c80000)
 Metaspace       used 72938K, committed 74176K, reserved 1179648K
  class space    used 8282K, committed 8832K, reserved 1048576K
}
Event: 37.520 GC heap before
{Heap before GC invocations=82 (full 5):
 PSYoungGen      total 15360K, used 15296K [0x00000000eab00000, 0x00000000ebb00000, 0x0000000100000000)
  eden space 14336K, 100% used [0x00000000eab00000,0x00000000eb900000,0x00000000eb900000)
  from space 1024K, 93% used [0x00000000eb900000,0x00000000eb9f0000,0x00000000eba00000)
  to   space 1024K, 0% used [0x00000000eba00000,0x00000000eba00000,0x00000000ebb00000)
 ParOldGen       total 111104K, used 86626K [0x00000000c0000000, 0x00000000c6c80000, 0x00000000eab00000)
  object space 111104K, 77% used [0x00000000c0000000,0x00000000c5498a70,0x00000000c6c80000)
 Metaspace       used 72961K, committed 74240K, reserved 1179648K
  class space    used 8284K, committed 8832K, reserved 1048576K
}
Event: 37.523 GC heap after
{Heap after GC invocations=82 (full 5):
 PSYoungGen      total 15360K, used 708K [0x00000000eab00000, 0x00000000ebb00000, 0x0000000100000000)
  eden space 14336K, 0% used [0x00000000eab00000,0x00000000eab00000,0x00000000eb900000)
  from space 1024K, 69% used [0x00000000eba00000,0x00000000ebab1060,0x00000000ebb00000)
  to   space 1024K, 0% used [0x00000000eb900000,0x00000000eb900000,0x00000000eba00000)
 ParOldGen       total 111104K, used 87570K [0x00000000c0000000, 0x00000000c6c80000, 0x00000000eab00000)
  object space 111104K, 78% used [0x00000000c0000000,0x00000000c5584a70,0x00000000c6c80000)
 Metaspace       used 72961K, committed 74240K, reserved 1179648K
  class space    used 8284K, committed 8832K, reserved 1048576K
}
Event: 37.568 GC heap before
{Heap before GC invocations=83 (full 5):
 PSYoungGen      total 15360K, used 15044K [0x00000000eab00000, 0x00000000ebb00000, 0x0000000100000000)
  eden space 14336K, 100% used [0x00000000eab00000,0x00000000eb900000,0x00000000eb900000)
  from space 1024K, 69% used [0x00000000eba00000,0x00000000ebab1060,0x00000000ebb00000)
  to   space 1024K, 0% used [0x00000000eb900000,0x00000000eb900000,0x00000000eba00000)
 ParOldGen       total 111104K, used 87572K [0x00000000c0000000, 0x00000000c6c80000, 0x00000000eab00000)
  object space 111104K, 78% used [0x00000000c0000000,0x00000000c5585178,0x00000000c6c80000)
 Metaspace       used 73050K, committed 74304K, reserved 1179648K
  class space    used 8293K, committed 8832K, reserved 1048576K
}
Event: 37.573 GC heap after
{Heap after GC invocations=83 (full 5):
 PSYoungGen      total 15360K, used 556K [0x00000000eab00000, 0x00000000ebb00000, 0x0000000100000000)
  eden space 14336K, 0% used [0x00000000eab00000,0x00000000eab00000,0x00000000eb900000)
  from space 1024K, 54% used [0x00000000eb900000,0x00000000eb98b198,0x00000000eba00000)
  to   space 1024K, 0% used [0x00000000eba00000,0x00000000eba00000,0x00000000ebb00000)
 ParOldGen       total 111104K, used 88204K [0x00000000c0000000, 0x00000000c6c80000, 0x00000000eab00000)
  object space 111104K, 79% used [0x00000000c0000000,0x00000000c5623208,0x00000000c6c80000)
 Metaspace       used 73050K, committed 74304K, reserved 1179648K
  class space    used 8293K, committed 8832K, reserved 1048576K
}
Event: 37.611 GC heap before
{Heap before GC invocations=84 (full 5):
 PSYoungGen      total 15360K, used 14892K [0x00000000eab00000, 0x00000000ebb00000, 0x0000000100000000)
  eden space 14336K, 100% used [0x00000000eab00000,0x00000000eb900000,0x00000000eb900000)
  from space 1024K, 54% used [0x00000000eb900000,0x00000000eb98b198,0x00000000eba00000)
  to   space 1024K, 0% used [0x00000000eba00000,0x00000000eba00000,0x00000000ebb00000)
 ParOldGen       total 111104K, used 88204K [0x00000000c0000000, 0x00000000c6c80000, 0x00000000eab00000)
  object space 111104K, 79% used [0x00000000c0000000,0x00000000c5623208,0x00000000c6c80000)
 Metaspace       used 73196K, committed 74432K, reserved 1179648K
  class space    used 8299K, committed 8832K, reserved 1048576K
}
Event: 37.616 GC heap after
{Heap after GC invocations=84 (full 5):
 PSYoungGen      total 14848K, used 1015K [0x00000000eab00000, 0x00000000ebc00000, 0x0000000100000000)
  eden space 13824K, 0% used [0x00000000eab00000,0x00000000eab00000,0x00000000eb880000)
  from space 1024K, 99% used [0x00000000eba00000,0x00000000ebafdcf8,0x00000000ebb00000)
  to   space 1536K, 0% used [0x00000000eb880000,0x00000000eb880000,0x00000000eba00000)
 ParOldGen       total 111104K, used 88997K [0x00000000c0000000, 0x00000000c6c80000, 0x00000000eab00000)
  object space 111104K, 80% used [0x00000000c0000000,0x00000000c56e97a0,0x00000000c6c80000)
 Metaspace       used 73196K, committed 74432K, reserved 1179648K
  class space    used 8299K, committed 8832K, reserved 1048576K
}
Event: 37.649 GC heap before
{Heap before GC invocations=85 (full 5):
 PSYoungGen      total 14848K, used 14839K [0x00000000eab00000, 0x00000000ebc00000, 0x0000000100000000)
  eden space 13824K, 100% used [0x00000000eab00000,0x00000000eb880000,0x00000000eb880000)
  from space 1024K, 99% used [0x00000000eba00000,0x00000000ebafdcf8,0x00000000ebb00000)
  to   space 1536K, 0% used [0x00000000eb880000,0x00000000eb880000,0x00000000eba00000)
 ParOldGen       total 111104K, used 88997K [0x00000000c0000000, 0x00000000c6c80000, 0x00000000eab00000)
  object space 111104K, 80% used [0x00000000c0000000,0x00000000c56e97a0,0x00000000c6c80000)
 Metaspace       used 73239K, committed 74496K, reserved 1179648K
  class space    used 8304K, committed 8832K, reserved 1048576K
}
Event: 37.651 GC heap after
{Heap after GC invocations=85 (full 5):
 PSYoungGen      total 15360K, used 160K [0x00000000eab00000, 0x00000000eba80000, 0x0000000100000000)
  eden space 13824K, 0% used [0x00000000eab00000,0x00000000eab00000,0x00000000eb880000)
  from space 1536K, 10% used [0x00000000eb880000,0x00000000eb8a8000,0x00000000eba00000)
  to   space 512K, 0% used [0x00000000eba00000,0x00000000eba00000,0x00000000eba80000)
 ParOldGen       total 111104K, used 89485K [0x00000000c0000000, 0x00000000c6c80000, 0x00000000eab00000)
  object space 111104K, 80% used [0x00000000c0000000,0x00000000c57637c0,0x00000000c6c80000)
 Metaspace       used 73239K, committed 74496K, reserved 1179648K
  class space    used 8304K, committed 8832K, reserved 1048576K
}
Event: 37.928 GC heap before
{Heap before GC invocations=86 (full 5):
 PSYoungGen      total 15360K, used 13984K [0x00000000eab00000, 0x00000000eba80000, 0x0000000100000000)
  eden space 13824K, 100% used [0x00000000eab00000,0x00000000eb880000,0x00000000eb880000)
  from space 1536K, 10% used [0x00000000eb880000,0x00000000eb8a8000,0x00000000eba00000)
  to   space 512K, 0% used [0x00000000eba00000,0x00000000eba00000,0x00000000eba80000)
 ParOldGen       total 111104K, used 89485K [0x00000000c0000000, 0x00000000c6c80000, 0x00000000eab00000)
  object space 111104K, 80% used [0x00000000c0000000,0x00000000c57637c0,0x00000000c6c80000)
 Metaspace       used 73344K, committed 74560K, reserved 1179648K
  class space    used 8316K, committed 8832K, reserved 1048576K
}
Event: 37.931 GC heap after
{Heap after GC invocations=86 (full 5):
 PSYoungGen      total 14336K, used 500K [0x00000000eab00000, 0x00000000eba80000, 0x0000000100000000)
  eden space 13824K, 0% used [0x00000000eab00000,0x00000000eab00000,0x00000000eb880000)
  from space 512K, 97% used [0x00000000eba00000,0x00000000eba7d040,0x00000000eba80000)
  to   space 1536K, 0% used [0x00000000eb880000,0x00000000eb880000,0x00000000eba00000)
 ParOldGen       total 111104K, used 91435K [0x00000000c0000000, 0x00000000c6c80000, 0x00000000eab00000)
  object space 111104K, 82% used [0x00000000c0000000,0x00000000c594aff0,0x00000000c6c80000)
 Metaspace       used 73344K, committed 74560K, reserved 1179648K
  class space    used 8316K, committed 8832K, reserved 1048576K
}

Dll operation events (14 events):
Event: 0.017 Loaded shared library c:\Users\Abel Apriliani\.vscode\extensions\redhat.java-1.30.0-win32-x64\jre\17.0.10-win32-x86_64\bin\java.dll
Event: 0.265 Loaded shared library c:\Users\Abel Apriliani\.vscode\extensions\redhat.java-1.30.0-win32-x64\jre\17.0.10-win32-x86_64\bin\zip.dll
Event: 0.270 Loaded shared library C:\Users\Abel Apriliani\.vscode\extensions\redhat.java-1.30.0-win32-x64\jre\17.0.10-win32-x86_64\bin\instrument.dll
Event: 0.313 Loaded shared library C:\Users\Abel Apriliani\.vscode\extensions\redhat.java-1.30.0-win32-x64\jre\17.0.10-win32-x86_64\bin\net.dll
Event: 0.316 Loaded shared library C:\Users\Abel Apriliani\.vscode\extensions\redhat.java-1.30.0-win32-x64\jre\17.0.10-win32-x86_64\bin\nio.dll
Event: 0.344 Loaded shared library C:\Users\Abel Apriliani\.vscode\extensions\redhat.java-1.30.0-win32-x64\jre\17.0.10-win32-x86_64\bin\zip.dll
Event: 0.417 Loaded shared library C:\Users\Abel Apriliani\.vscode\extensions\redhat.java-1.30.0-win32-x64\jre\17.0.10-win32-x86_64\bin\jimage.dll
Event: 0.700 Loaded shared library c:\Users\Abel Apriliani\.vscode\extensions\redhat.java-1.30.0-win32-x64\jre\17.0.10-win32-x86_64\bin\verify.dll
Event: 3.374 Loaded shared library C:\Users\Abel Apriliani\AppData\Roaming\Code\User\globalStorage\redhat.java\1.30.0\config_win\org.eclipse.equinox.launcher\org.eclipse.equinox.launcher.win32.win32.x86_64_1.2.900.v20240213-1244\eclipse_11900.dll
Event: 19.113 Loaded shared library C:\Users\Abel Apriliani\.gradle\native\c067742578af261105cb4f569cf0c3c89f3d7b1fecec35dd04571415982c5e48\windows-amd64\native-platform.dll
Event: 21.296 Loaded shared library C:\Users\Abel Apriliani\.vscode\extensions\redhat.java-1.30.0-win32-x64\jre\17.0.10-win32-x86_64\bin\management.dll
Event: 21.299 Loaded shared library C:\Users\Abel Apriliani\.vscode\extensions\redhat.java-1.30.0-win32-x64\jre\17.0.10-win32-x86_64\bin\management_ext.dll
Event: 23.425 Loaded shared library C:\Users\Abel Apriliani\.vscode\extensions\redhat.java-1.30.0-win32-x64\jre\17.0.10-win32-x86_64\bin\extnet.dll
Event: 23.564 Loaded shared library C:\Users\Abel Apriliani\.vscode\extensions\redhat.java-1.30.0-win32-x64\jre\17.0.10-win32-x86_64\bin\sunmscapi.dll

Deoptimization events (20 events):
Event: 37.769 Thread 0x00000196a4b9c590 DEOPT PACKING pc=0x000001968deed95c sp=0x00000057fe6ff0e0
Event: 37.769 Thread 0x00000196a5c7aa10 DEOPT PACKING pc=0x000001968deed95c sp=0x00000057fe9fee30
Event: 37.769 Thread 0x00000196a4b9c590 DEOPT UNPACKING pc=0x0000019695256e43 sp=0x00000057fe6fe630 mode 0
Event: 37.769 Thread 0x00000196a5c7aa10 DEOPT UNPACKING pc=0x0000019695256e43 sp=0x00000057fe9fe380 mode 0
Event: 37.969 Thread 0x00000196a4b9a730 Uncommon trap: trap_request=0xffffffde fr.pc=0x0000019695afb83c relative=0x00000000000048dc
Event: 37.974 Thread 0x00000196a4b9a730 Uncommon trap: reason=class_check action=maybe_recompile pc=0x0000019695afb83c method=org.eclipse.jdt.internal.compiler.util.JrtFileSystem$2.preVisitDirectory(Ljava/nio/file/Path;Ljava/nio/file/attribute/BasicFileAttributes;)Ljava/nio/file/FileVisitResult
Event: 37.982 Thread 0x00000196a4b9a730 DEOPT PACKING pc=0x0000019695afb83c sp=0x00000057fd1fdad0
Event: 37.982 Thread 0x00000196a4b9a730 DEOPT UNPACKING pc=0x00000196952566a3 sp=0x00000057fd1fdab0 mode 2
Event: 37.982 Thread 0x00000196a4b9a730 Uncommon trap: trap_request=0xffffff45 fr.pc=0x0000019695aa7a3c relative=0x0000000000004d9c
Event: 37.983 Thread 0x00000196a4b9a730 Uncommon trap: reason=unstable_if action=reinterpret pc=0x0000019695aa7a3c method=org.eclipse.jdt.internal.compiler.util.JrtFileSystem$2.visitFile(Ljava/nio/file/Path;Ljava/nio/file/attribute/BasicFileAttributes;)Ljava/nio/file/FileVisitResult; @ 6 c2
Event: 37.984 Thread 0x00000196a4b9a730 DEOPT PACKING pc=0x0000019695aa7a3c sp=0x00000057fd1fdad0
Event: 37.984 Thread 0x00000196a4b9a730 DEOPT UNPACKING pc=0x00000196952566a3 sp=0x00000057fd1fdad0 mode 2
Event: 37.984 Thread 0x00000196a4b9a730 Uncommon trap: trap_request=0xffffffde fr.pc=0x0000019695afb83c relative=0x00000000000048dc
Event: 37.984 Thread 0x00000196a4b9a730 Uncommon trap: reason=class_check action=maybe_recompile pc=0x0000019695afb83c method=org.eclipse.jdt.internal.compiler.util.JrtFileSystem$2.preVisitDirectory(Ljava/nio/file/Path;Ljava/nio/file/attribute/BasicFileAttributes;)Ljava/nio/file/FileVisitResult
Event: 37.984 Thread 0x00000196a4b9a730 DEOPT PACKING pc=0x0000019695afb83c sp=0x00000057fd1fdad0
Event: 37.984 Thread 0x00000196a4b9a730 DEOPT UNPACKING pc=0x00000196952566a3 sp=0x00000057fd1fdab0 mode 2
Event: 37.984 Thread 0x00000196a4b9a730 Uncommon trap: trap_request=0xffffffde fr.pc=0x0000019695afb83c relative=0x00000000000048dc
Event: 37.984 Thread 0x00000196a4b9a730 Uncommon trap: reason=class_check action=maybe_recompile pc=0x0000019695afb83c method=org.eclipse.jdt.internal.compiler.util.JrtFileSystem$2.preVisitDirectory(Ljava/nio/file/Path;Ljava/nio/file/attribute/BasicFileAttributes;)Ljava/nio/file/FileVisitResult
Event: 37.984 Thread 0x00000196a4b9a730 DEOPT PACKING pc=0x0000019695afb83c sp=0x00000057fd1fdad0
Event: 37.984 Thread 0x00000196a4b9a730 DEOPT UNPACKING pc=0x00000196952566a3 sp=0x00000057fd1fdab0 mode 2

Classes unloaded (14 events):
Event: 10.392 Thread 0x000001969ee2a930 Unloading class 0x000000010032e400 'java/lang/invoke/LambdaForm$MH+0x000000010032e400'
Event: 10.392 Thread 0x000001969ee2a930 Unloading class 0x000000010032d800 'java/lang/invoke/LambdaForm$MH+0x000000010032d800'
Event: 10.392 Thread 0x000001969ee2a930 Unloading class 0x000000010032d000 'java/lang/invoke/LambdaForm$MH+0x000000010032d000'
Event: 10.392 Thread 0x000001969ee2a930 Unloading class 0x000000010032c800 'java/lang/invoke/LambdaForm$MH+0x000000010032c800'
Event: 10.392 Thread 0x000001969ee2a930 Unloading class 0x000000010032c400 'java/lang/invoke/LambdaForm$DMH+0x000000010032c400'
Event: 10.392 Thread 0x000001969ee2a930 Unloading class 0x000000010032b800 'java/lang/invoke/LambdaForm$MH+0x000000010032b800'
Event: 10.392 Thread 0x000001969ee2a930 Unloading class 0x000000010032b000 'java/lang/invoke/LambdaForm$MH+0x000000010032b000'
Event: 10.392 Thread 0x000001969ee2a930 Unloading class 0x0000000100250400 'java/lang/invoke/LambdaForm$MH+0x0000000100250400'
Event: 10.392 Thread 0x000001969ee2a930 Unloading class 0x0000000100250000 'java/lang/invoke/LambdaForm$MH+0x0000000100250000'
Event: 10.392 Thread 0x000001969ee2a930 Unloading class 0x000000010024fc00 'java/lang/invoke/LambdaForm$MH+0x000000010024fc00'
Event: 10.392 Thread 0x000001969ee2a930 Unloading class 0x000000010024f800 'java/lang/invoke/LambdaForm$MH+0x000000010024f800'
Event: 10.392 Thread 0x000001969ee2a930 Unloading class 0x000000010024f400 'java/lang/invoke/LambdaForm$BMH+0x000000010024f400'
Event: 10.392 Thread 0x000001969ee2a930 Unloading class 0x000000010024f000 'java/lang/invoke/LambdaForm$DMH+0x000000010024f000'
Event: 10.392 Thread 0x000001969ee2a930 Unloading class 0x000000010024c400 'java/lang/invoke/LambdaForm$DMH+0x000000010024c400'

Classes redefined (0 events):
No events

Internal exceptions (20 events):
Event: 33.765 Thread 0x00000196a4b9e900 Exception <a 'java/lang/LinkageError'{0x00000000eba672d0}: loader lombok.launch.ShadowClassLoader @2ceda22b attempted duplicate class definition for lombok.launch.PatchFixesHider$ValPortal. (lombok.launch.PatchFixesHider$ValPortal is in unnamed module of loader lombok.launch.ShadowClassLoader @2ceda22b, parent loader org.eclipse.osgi.internal.loader.EquinoxClassLoader @399575e2)> (0x00000000eba672d0) 
thrown [s\src\hotspot\share\classfile\systemDictionary.cpp, line 1724]
Event: 33.765 Thread 0x00000196a4b9fd40 Exception <a 'java/lang/LinkageError'{0x00000000eba28318}: loader lombok.launch.ShadowClassLoader @2ceda22b attempted duplicate class definition for lombok.launch.PatchFixesHider$ValPortal. (lombok.launch.PatchFixesHider$ValPortal is in unnamed module of loader lombok.launch.ShadowClassLoader @2ceda22b, parent loader org.eclipse.osgi.internal.loader.EquinoxClassLoader @399575e2)> (0x00000000eba28318) 
thrown [s\src\hotspot\share\classfile\systemDictionary.cpp, line 1724]
Event: 33.896 Thread 0x00000196a5c795d0 Exception <a 'java/io/FileNotFoundException'{0x00000000eae9af38}> (0x00000000eae9af38) 
thrown [s\src\hotspot\share\prims\jni.cpp, line 516]
Event: 33.897 Thread 0x00000196a5c795d0 Exception <a 'java/io/FileNotFoundException'{0x00000000eae9bf90}> (0x00000000eae9bf90) 
thrown [s\src\hotspot\share\prims\jni.cpp, line 516]
Event: 35.482 Thread 0x00000196a4b9f830 Exception <a 'java/lang/LinkageError'{0x00000000eb572ba8}: loader lombok.launch.ShadowClassLoader @18bfc1a2 attempted duplicate class definition for lombok.launch.PatchFixesHider$FieldInitializer. (lombok.launch.PatchFixesHider$FieldInitializer is in unnamed module of loader lombok.launch.ShadowClassLoader @18bfc1a2, parent loader org.eclipse.osgi.internal.loader.EquinoxClassLoader @67131a29)> (0x00000000eb572ba8) 
thrown [s\src\hotspot\share\classfile\systemDictionary.cpp, line 1724]
Event: 35.482 Thread 0x00000196a4b9e900 Exception <a 'java/lang/LinkageError'{0x00000000eb5ae218}: loader lombok.launch.ShadowClassLoader @18bfc1a2 attempted duplicate class definition for lombok.launch.PatchFixesHider$FieldInitializer. (lombok.launch.PatchFixesHider$FieldInitializer is in unnamed module of loader lombok.launch.ShadowClassLoader @18bfc1a2, parent loader org.eclipse.osgi.internal.loader.EquinoxClassLoader @67131a29)> (0x00000000eb5ae218) 
thrown [s\src\hotspot\share\classfile\systemDictionary.cpp, line 1724]
Event: 35.484 Thread 0x00000196a5c7a500 Exception <a 'java/lang/LinkageError'{0x00000000eb5c8660}: loader lombok.launch.ShadowClassLoader @18bfc1a2 attempted duplicate class definition for lombok.launch.PatchFixesHider$FieldInitializer. (lombok.launch.PatchFixesHider$FieldInitializer is in unnamed module of loader lombok.launch.ShadowClassLoader @18bfc1a2, parent loader org.eclipse.osgi.internal.loader.EquinoxClassLoader @67131a29)> (0x00000000eb5c8660) 
thrown [s\src\hotspot\share\classfile\systemDictionary.cpp, line 1724]
Event: 35.484 Thread 0x00000196a4b9a730 Exception <a 'java/lang/LinkageError'{0x00000000eb641bf8}: loader lombok.launch.ShadowClassLoader @18bfc1a2 attempted duplicate class definition for lombok.launch.PatchFixesHider$FieldInitializer. (lombok.launch.PatchFixesHider$FieldInitializer is in unnamed module of loader lombok.launch.ShadowClassLoader @18bfc1a2, parent loader org.eclipse.osgi.internal.loader.EquinoxClassLoader @67131a29)> (0x00000000eb641bf8) 
thrown [s\src\hotspot\share\classfile\systemDictionary.cpp, line 1724]
Event: 35.486 Thread 0x00000196a4b9f320 Exception <a 'java/lang/LinkageError'{0x00000000eb64d330}: loader lombok.launch.ShadowClassLoader @18bfc1a2 attempted duplicate class definition for lombok.launch.PatchFixesHider$FieldInitializer. (lombok.launch.PatchFixesHider$FieldInitializer is in unnamed module of loader lombok.launch.ShadowClassLoader @18bfc1a2, parent loader org.eclipse.osgi.internal.loader.EquinoxClassLoader @67131a29)> (0x00000000eb64d330) 
thrown [s\src\hotspot\share\classfile\systemDictionary.cpp, line 1724]
Event: 35.486 Thread 0x00000196a4ba20b0 Exception <a 'java/lang/LinkageError'{0x00000000eb4f6f58}: loader lombok.launch.ShadowClassLoader @18bfc1a2 attempted duplicate class definition for lombok.launch.PatchFixesHider$FieldInitializer. (lombok.launch.PatchFixesHider$FieldInitializer is in unnamed module of loader lombok.launch.ShadowClassLoader @18bfc1a2, parent loader org.eclipse.osgi.internal.loader.EquinoxClassLoader @67131a29)> (0x00000000eb4f6f58) 
thrown [s\src\hotspot\share\classfile\systemDictionary.cpp, line 1724]
Event: 35.488 Thread 0x00000196a4b9fd40 Exception <a 'java/lang/LinkageError'{0x00000000eb666f20}: loader lombok.launch.ShadowClassLoader @18bfc1a2 attempted duplicate class definition for lombok.launch.PatchFixesHider$FieldInitializer. (lombok.launch.PatchFixesHider$FieldInitializer is in unnamed module of loader lombok.launch.ShadowClassLoader @18bfc1a2, parent loader org.eclipse.osgi.internal.loader.EquinoxClassLoader @67131a29)> (0x00000000eb666f20) 
thrown [s\src\hotspot\share\classfile\systemDictionary.cpp, line 1724]
Event: 35.488 Thread 0x00000196a4b9caa0 Exception <a 'java/lang/LinkageError'{0x00000000eb690c48}: loader lombok.launch.ShadowClassLoader @18bfc1a2 attempted duplicate class definition for lombok.launch.PatchFixesHider$FieldInitializer. (lombok.launch.PatchFixesHider$FieldInitializer is in unnamed module of loader lombok.launch.ShadowClassLoader @18bfc1a2, parent loader org.eclipse.osgi.internal.loader.EquinoxClassLoader @67131a29)> (0x00000000eb690c48) 
thrown [s\src\hotspot\share\classfile\systemDictionary.cpp, line 1724]
Event: 36.183 Thread 0x00000196a5c7a500 Exception <a 'sun/nio/fs/WindowsException'{0x00000000eb700f90}> (0x00000000eb700f90) 
thrown [s\src\hotspot\share\prims\jni.cpp, line 516]
Event: 36.239 Thread 0x00000196a5c7a500 Implicit null exception at 0x0000019695b389ef to 0x0000019695b38e6c
Event: 36.286 Thread 0x00000196a5c7a500 Exception <a 'sun/nio/fs/WindowsException'{0x00000000eb7fa4d0}> (0x00000000eb7fa4d0) 
thrown [s\src\hotspot\share\prims\jni.cpp, line 516]
Event: 36.752 Thread 0x00000196a41b4b10 Exception <a 'java/lang/NoSuchMethodError'{0x00000000ead9a800}: 'java.lang.Object java.lang.invoke.DirectMethodHandle$Holder.newInvokeSpecial(java.lang.Object, java.lang.Object, java.lang.Object, java.lang.Object, java.lang.Object, java.lang.Object)'> (0x00000000ead9a800) 
thrown [s\src\hotspot\share\interpreter\linkResolver.cpp, line 759]
Event: 36.869 Thread 0x00000196a4b9a730 Exception <a 'java/lang/NoSuchMethodError'{0x00000000eabf3df8}: 'int java.lang.invoke.DirectMethodHandle$Holder.invokeStatic(java.lang.Object)'> (0x00000000eabf3df8) 
thrown [s\src\hotspot\share\interpreter\linkResolver.cpp, line 759]
Event: 37.304 Thread 0x00000196a4ba20b0 Exception <a 'java/lang/IncompatibleClassChangeError'{0x00000000eaed1f00}: Found class java.lang.Object, but interface was expected> (0x00000000eaed1f00) 
thrown [s\src\hotspot\share\interpreter\linkResolver.cpp, line 826]
Event: 37.304 Thread 0x00000196a4b9f320 Exception <a 'java/lang/IncompatibleClassChangeError'{0x00000000eab49088}: Found class java.lang.Object, but interface was expected> (0x00000000eab49088) 
thrown [s\src\hotspot\share\interpreter\linkResolver.cpp, line 826]
Event: 37.315 Thread 0x00000196a4ba0760 Exception <a 'java/lang/IncompatibleClassChangeError'{0x00000000eab60150}: Found class java.lang.Object, but interface was expected> (0x00000000eab60150) 
thrown [s\src\hotspot\share\interpreter\linkResolver.cpp, line 826]

VM Operations (20 events):
Event: 37.412 Executing VM operation: ParallelGCFailedAllocation
Event: 37.445 Executing VM operation: ParallelGCFailedAllocation done
Event: 37.449 Executing VM operation: ParallelGCFailedAllocation
Event: 37.537 Executing VM operation: ParallelGCFailedAllocation done
Event: 37.548 Executing VM operation: ParallelGCFailedAllocation
Event: 37.565 Executing VM operation: ParallelGCFailedAllocation done
Event: 37.566 Executing VM operation: HandshakeAllThreads
Event: 37.566 Executing VM operation: HandshakeAllThreads done
Event: 37.568 Executing VM operation: ParallelGCFailedAllocation
Event: 37.573 Executing VM operation: ParallelGCFailedAllocation done
Event: 37.610 Executing VM operation: ParallelGCFailedAllocation
Event: 37.624 Executing VM operation: ParallelGCFailedAllocation done
Event: 37.648 Executing VM operation: ParallelGCFailedAllocation
Event: 37.704 Executing VM operation: ParallelGCFailedAllocation done
Event: 37.704 Executing VM operation: HandshakeAllThreads
Event: 37.770 Executing VM operation: HandshakeAllThreads done
Event: 37.780 Executing VM operation: ParallelGCFailedAllocation
Event: 38.100 Executing VM operation: ParallelGCFailedAllocation done
Event: 38.100 Executing VM operation: HandshakeAllThreads
Event: 38.103 Executing VM operation: HandshakeAllThreads done

Events (20 events):
Event: 37.441 Thread 0x00000196a4b9c590 Thread added: 0x00000196a4b9c590
Event: 37.441 Thread 0x00000196a4b9caa0 Thread added: 0x00000196a4b9caa0
Event: 37.442 Thread 0x00000196a4b9cfb0 Thread added: 0x00000196a4b9cfb0
Event: 37.442 Thread 0x00000196a5c7aa10 Thread added: 0x00000196a5c7aa10
Event: 37.443 Thread 0x00000196a5c78190 Thread added: 0x00000196a5c78190
Event: 37.445 Thread 0x00000196a4ba1ba0 Thread exited: 0x00000196a4ba1ba0
Event: 37.445 Thread 0x00000196a4ba1180 Thread exited: 0x00000196a4ba1180
Event: 37.445 Thread 0x00000196a4b9fd40 Thread exited: 0x00000196a4b9fd40
Event: 37.527 Thread 0x00000196a4b9e900 Thread exited: 0x00000196a4b9e900
Event: 37.535 Thread 0x00000196a4ba0c70 Thread exited: 0x00000196a4ba0c70
Event: 37.537 Thread 0x00000196a4b9ee10 Thread exited: 0x00000196a4b9ee10
Event: 37.549 Thread 0x00000196a5c7af20 Thread added: 0x00000196a5c7af20
Event: 37.691 Thread 0x00000196a4b9bb70 Thread exited: 0x00000196a4b9bb70
Event: 37.760 Thread 0x00000196a5c78190 Thread exited: 0x00000196a5c78190
Event: 37.779 Thread 0x00000196a4b9caa0 Thread exited: 0x00000196a4b9caa0
Event: 37.779 Thread 0x00000196a5c7aa10 Thread exited: 0x00000196a5c7aa10
Event: 37.948 Thread 0x00000196a3998070 flushing nmethod 0x000001968e9a2690
Event: 37.948 Thread 0x00000196a3998070 flushing nmethod 0x000001968e9df710
Event: 37.981 Thread 0x00000196a5c790c0 Thread added: 0x00000196a5c790c0
Event: 37.982 Thread 0x00000196a4b9c590 Thread exited: 0x00000196a4b9c590


Dynamic libraries:
0x00007ff600740000 - 0x00007ff60074e000 	c:\Users\Abel Apriliani\.vscode\extensions\redhat.java-1.30.0-win32-x64\jre\17.0.10-win32-x86_64\bin\java.exe
0x00007ffe8cf10000 - 0x00007ffe8d126000 	C:\WINDOWS\SYSTEM32\ntdll.dll
0x00007ffe8b350000 - 0x00007ffe8b414000 	C:\WINDOWS\System32\KERNEL32.DLL
0x00007ffe8a500000 - 0x00007ffe8a8a7000 	C:\WINDOWS\System32\KERNELBASE.dll
0x00007ffe8a980000 - 0x00007ffe8aa91000 	C:\WINDOWS\System32\ucrtbase.dll
0x00007ffe78b10000 - 0x00007ffe78b27000 	c:\Users\Abel Apriliani\.vscode\extensions\redhat.java-1.30.0-win32-x64\jre\17.0.10-win32-x86_64\bin\jli.dll
0x00007ffe8c1b0000 - 0x00007ffe8c35e000 	C:\WINDOWS\System32\USER32.dll
0x00007ffe8a8b0000 - 0x00007ffe8a8d6000 	C:\WINDOWS\System32\win32u.dll
0x00007ffe8ad30000 - 0x00007ffe8ad59000 	C:\WINDOWS\System32\GDI32.dll
0x00007ffe8a230000 - 0x00007ffe8a349000 	C:\WINDOWS\System32\gdi32full.dll
0x00007ffe8a8e0000 - 0x00007ffe8a97a000 	C:\WINDOWS\System32\msvcp_win.dll
0x00007ffe76530000 - 0x00007ffe7654b000 	c:\Users\Abel Apriliani\.vscode\extensions\redhat.java-1.30.0-win32-x64\jre\17.0.10-win32-x86_64\bin\VCRUNTIME140.dll
0x00007ffe72fd0000 - 0x00007ffe73263000 	C:\WINDOWS\WinSxS\amd64_microsoft.windows.common-controls_6595b64144ccf1df_6.0.22621.3235_none_270f74e173860f98\COMCTL32.dll
0x00007ffe8ad60000 - 0x00007ffe8ae07000 	C:\WINDOWS\System32\msvcrt.dll
0x00007ffe8c5f0000 - 0x00007ffe8c621000 	C:\WINDOWS\System32\IMM32.DLL
0x00007ffe78b00000 - 0x00007ffe78b0c000 	c:\Users\Abel Apriliani\.vscode\extensions\redhat.java-1.30.0-win32-x64\jre\17.0.10-win32-x86_64\bin\vcruntime140_1.dll
0x00007ffe6be40000 - 0x00007ffe6becd000 	c:\Users\Abel Apriliani\.vscode\extensions\redhat.java-1.30.0-win32-x64\jre\17.0.10-win32-x86_64\bin\msvcp140.dll
0x00007ffe11410000 - 0x00007ffe12072000 	c:\Users\Abel Apriliani\.vscode\extensions\redhat.java-1.30.0-win32-x64\jre\17.0.10-win32-x86_64\bin\server\jvm.dll
0x00007ffe8b290000 - 0x00007ffe8b342000 	C:\WINDOWS\System32\ADVAPI32.dll
0x00007ffe8b1e0000 - 0x00007ffe8b288000 	C:\WINDOWS\System32\sechost.dll
0x00007ffe8aaa0000 - 0x00007ffe8aac8000 	C:\WINDOWS\System32\bcrypt.dll
0x00007ffe8c010000 - 0x00007ffe8c125000 	C:\WINDOWS\System32\RPCRT4.dll
0x00007ffe8a100000 - 0x00007ffe8a14d000 	C:\WINDOWS\SYSTEM32\POWRPROF.dll
0x00007ffe66c20000 - 0x00007ffe66c29000 	C:\WINDOWS\SYSTEM32\WSOCK32.dll
0x00007ffe8ae10000 - 0x00007ffe8ae81000 	C:\WINDOWS\System32\WS2_32.dll
0x00007ffe81d20000 - 0x00007ffe81d54000 	C:\WINDOWS\SYSTEM32\WINMM.dll
0x00007ffe81d60000 - 0x00007ffe81d6a000 	C:\WINDOWS\SYSTEM32\VERSION.dll
0x00007ffe8a0e0000 - 0x00007ffe8a0f3000 	C:\WINDOWS\SYSTEM32\UMPDC.dll
0x00007ffe89240000 - 0x00007ffe89258000 	C:\WINDOWS\SYSTEM32\kernel.appcore.dll
0x00007ffe76520000 - 0x00007ffe7652a000 	c:\Users\Abel Apriliani\.vscode\extensions\redhat.java-1.30.0-win32-x64\jre\17.0.10-win32-x86_64\bin\jimage.dll
0x00007ffe80070000 - 0x00007ffe802a3000 	C:\WINDOWS\SYSTEM32\DBGHELP.DLL
0x00007ffe8b420000 - 0x00007ffe8b7a8000 	C:\WINDOWS\System32\combase.dll
0x00007ffe8c460000 - 0x00007ffe8c537000 	C:\WINDOWS\System32\OLEAUT32.dll
0x00007ffe6b430000 - 0x00007ffe6b462000 	C:\WINDOWS\SYSTEM32\dbgcore.DLL
0x00007ffe8a480000 - 0x00007ffe8a4f9000 	C:\WINDOWS\System32\bcryptPrimitives.dll
0x00007ffe756f0000 - 0x00007ffe756fe000 	c:\Users\Abel Apriliani\.vscode\extensions\redhat.java-1.30.0-win32-x64\jre\17.0.10-win32-x86_64\bin\instrument.dll
0x00007ffe71120000 - 0x00007ffe71145000 	c:\Users\Abel Apriliani\.vscode\extensions\redhat.java-1.30.0-win32-x64\jre\17.0.10-win32-x86_64\bin\java.dll
0x00007ffe708e0000 - 0x00007ffe708f8000 	c:\Users\Abel Apriliani\.vscode\extensions\redhat.java-1.30.0-win32-x64\jre\17.0.10-win32-x86_64\bin\zip.dll
0x00007ffe8b7b0000 - 0x00007ffe8c00c000 	C:\WINDOWS\System32\SHELL32.dll
0x00007ffe88140000 - 0x00007ffe88a39000 	C:\WINDOWS\SYSTEM32\windows.storage.dll
0x00007ffe88000000 - 0x00007ffe8813e000 	C:\WINDOWS\SYSTEM32\wintypes.dll
0x00007ffe8cdd0000 - 0x00007ffe8cec3000 	C:\WINDOWS\System32\SHCORE.dll
0x00007ffe8acd0000 - 0x00007ffe8ad2e000 	C:\WINDOWS\System32\shlwapi.dll
0x00007ffe8a160000 - 0x00007ffe8a181000 	C:\WINDOWS\SYSTEM32\profapi.dll
0x00007ffe76590000 - 0x00007ffe765a9000 	C:\Users\Abel Apriliani\.vscode\extensions\redhat.java-1.30.0-win32-x64\jre\17.0.10-win32-x86_64\bin\net.dll
0x00007ffe81ba0000 - 0x00007ffe81cd6000 	C:\WINDOWS\SYSTEM32\WINHTTP.dll
0x00007ffe896c0000 - 0x00007ffe89729000 	C:\WINDOWS\system32\mswsock.dll
0x00007ffe6e490000 - 0x00007ffe6e4a6000 	C:\Users\Abel Apriliani\.vscode\extensions\redhat.java-1.30.0-win32-x64\jre\17.0.10-win32-x86_64\bin\nio.dll
0x00007ffe7fd70000 - 0x00007ffe7fd80000 	c:\Users\Abel Apriliani\.vscode\extensions\redhat.java-1.30.0-win32-x64\jre\17.0.10-win32-x86_64\bin\verify.dll
0x00007ffe5ec30000 - 0x00007ffe5ec6e000 	C:\Users\Abel Apriliani\AppData\Roaming\Code\User\globalStorage\redhat.java\1.30.0\config_win\org.eclipse.equinox.launcher\org.eclipse.equinox.launcher.win32.win32.x86_64_1.2.900.v20240213-1244\eclipse_11900.dll
0x00007ffe8cc20000 - 0x00007ffe8cdc5000 	C:\WINDOWS\System32\ole32.dll
0x00007ffe89940000 - 0x00007ffe8995b000 	C:\WINDOWS\SYSTEM32\CRYPTSP.dll
0x00007ffe891a0000 - 0x00007ffe891d5000 	C:\WINDOWS\system32\rsaenh.dll
0x00007ffe897e0000 - 0x00007ffe89808000 	C:\WINDOWS\SYSTEM32\USERENV.dll
0x00007ffe89960000 - 0x00007ffe8996c000 	C:\WINDOWS\SYSTEM32\CRYPTBASE.dll
0x00007ffe88d30000 - 0x00007ffe88d5d000 	C:\WINDOWS\SYSTEM32\IPHLPAPI.DLL
0x00007ffe8cc10000 - 0x00007ffe8cc19000 	C:\WINDOWS\System32\NSI.dll
0x00007ffe81b80000 - 0x00007ffe81b99000 	C:\WINDOWS\SYSTEM32\dhcpcsvc6.DLL
0x00007ffe81b60000 - 0x00007ffe81b7f000 	C:\WINDOWS\SYSTEM32\dhcpcsvc.DLL
0x00007ffe88d60000 - 0x00007ffe88e59000 	C:\WINDOWS\SYSTEM32\DNSAPI.dll
0x00007ffe61130000 - 0x00007ffe61157000 	C:\Users\Abel Apriliani\.gradle\native\c067742578af261105cb4f569cf0c3c89f3d7b1fecec35dd04571415982c5e48\windows-amd64\native-platform.dll
0x00007ffe76580000 - 0x00007ffe76589000 	C:\Users\Abel Apriliani\.vscode\extensions\redhat.java-1.30.0-win32-x64\jre\17.0.10-win32-x86_64\bin\management.dll
0x00007ffe756e0000 - 0x00007ffe756eb000 	C:\Users\Abel Apriliani\.vscode\extensions\redhat.java-1.30.0-win32-x64\jre\17.0.10-win32-x86_64\bin\management_ext.dll
0x00007ffe8c3e0000 - 0x00007ffe8c3e8000 	C:\WINDOWS\System32\PSAPI.DLL
0x00007ffe71b10000 - 0x00007ffe71b19000 	C:\Users\Abel Apriliani\.vscode\extensions\redhat.java-1.30.0-win32-x64\jre\17.0.10-win32-x86_64\bin\extnet.dll
0x00007ffe710c0000 - 0x00007ffe710ce000 	C:\Users\Abel Apriliani\.vscode\extensions\redhat.java-1.30.0-win32-x64\jre\17.0.10-win32-x86_64\bin\sunmscapi.dll
0x00007ffe8aad0000 - 0x00007ffe8ac37000 	C:\WINDOWS\System32\CRYPT32.dll
0x00007ffe89b00000 - 0x00007ffe89b2e000 	C:\WINDOWS\SYSTEM32\ncrypt.dll
0x00007ffe89ac0000 - 0x00007ffe89af7000 	C:\WINDOWS\SYSTEM32\NTASN1.dll
0x00007ffe65ed0000 - 0x00007ffe65ed8000 	C:\WINDOWS\system32\wshunix.dll

dbghelp: loaded successfully - version: 4.0.5 - missing functions: none
symbol engine: initialized successfully - sym options: 0x614 - pdb path: .;c:\Users\Abel Apriliani\.vscode\extensions\redhat.java-1.30.0-win32-x64\jre\17.0.10-win32-x86_64\bin;C:\WINDOWS\SYSTEM32;C:\WINDOWS\WinSxS\amd64_microsoft.windows.common-controls_6595b64144ccf1df_6.0.22621.3235_none_270f74e173860f98;c:\Users\Abel Apriliani\.vscode\extensions\redhat.java-1.30.0-win32-x64\jre\17.0.10-win32-x86_64\bin\server;C:\Users\Abel Apriliani\AppData\Roaming\Code\User\globalStorage\redhat.java\1.30.0\config_win\org.eclipse.equinox.launcher\org.eclipse.equinox.launcher.win32.win32.x86_64_1.2.900.v20240213-1244;C:\Users\Abel Apriliani\.gradle\native\c067742578af261105cb4f569cf0c3c89f3d7b1fecec35dd04571415982c5e48\windows-amd64

VM Arguments:
jvm_args: --add-modules=ALL-SYSTEM --add-opens=java.base/java.util=ALL-UNNAMED --add-opens=java.base/java.lang=ALL-UNNAMED --add-opens=java.base/sun.nio.fs=ALL-UNNAMED -Declipse.application=org.eclipse.jdt.ls.core.id1 -Dosgi.bundles.defaultStartLevel=4 -Declipse.product=org.eclipse.jdt.ls.core.product -Djava.import.generatesMetadataFilesAtProjectRoot=false -DDetectVMInstallationsJob.disabled=true -Dfile.encoding=utf8 -XX:+UseParallelGC -XX:GCTimeRatio=4 -XX:AdaptiveSizePolicyWeight=90 -Dsun.zip.disableMemoryMapping=true -Xmx1G -Xms100m -Xlog:disable -javaagent:c:\Users\Abel Apriliani\.vscode\extensions\redhat.java-1.30.0-win32-x64\lombok\lombok-1.18.32.jar -XX:+HeapDumpOnOutOfMemoryError -XX:HeapDumpPath=c:\Users\Abel Apriliani\AppData\Roaming\Code\User\workspaceStorage\c818537a7e6f00fbf71c54d39c6815c5\redhat.java -Daether.dependencyCollector.impl=bf 
java_command: c:\Users\Abel Apriliani\.vscode\extensions\redhat.java-1.30.0-win32-x64\server\plugins\org.eclipse.equinox.launcher_1.6.800.v20240330-1250.jar -configuration c:\Users\Abel Apriliani\AppData\Roaming\Code\User\globalStorage\redhat.java\1.30.0\config_win -data c:\Users\Abel Apriliani\AppData\Roaming\Code\User\workspaceStorage\c818537a7e6f00fbf71c54d39c6815c5\redhat.java\jdt_ws --pipe=\\.\pipe\lsp-8afb4c024483aa2de0de941d430ddaca-sock
java_class_path (initial): c:\Users\Abel Apriliani\.vscode\extensions\redhat.java-1.30.0-win32-x64\server\plugins\org.eclipse.equinox.launcher_1.6.800.v20240330-1250.jar
Launcher Type: SUN_STANDARD

[Global flags]
    uintx AdaptiveSizePolicyWeight                 = 90                                        {product} {command line}
     intx CICompilerCount                          = 2                                         {product} {ergonomic}
    uintx GCTimeRatio                              = 4                                         {product} {command line}
     bool HeapDumpOnOutOfMemoryError               = true                                   {manageable} {command line}
    ccstr HeapDumpPath                             = c:\Users\Abel Apriliani\AppData\Roaming\Code\User\workspaceStorage\c818537a7e6f00fbf71c54d39c6815c5\redhat.java         {manageable} {command line}
   size_t InitialHeapSize                          = 104857600                                 {product} {command line}
   size_t MaxHeapSize                              = 1073741824                                {product} {command line}
   size_t MaxNewSize                               = 357564416                                 {product} {ergonomic}
   size_t MinHeapDeltaBytes                        = 524288                                    {product} {ergonomic}
   size_t MinHeapSize                              = 104857600                                 {product} {command line}
   size_t NewSize                                  = 34603008                                  {product} {ergonomic}
    uintx NonNMethodCodeHeapSize                   = 5826188                                {pd product} {ergonomic}
    uintx NonProfiledCodeHeapSize                  = 122916026                              {pd product} {ergonomic}
   size_t OldSize                                  = 70254592                                  {product} {ergonomic}
    uintx ProfiledCodeHeapSize                     = 122916026                              {pd product} {ergonomic}
    uintx ReservedCodeCacheSize                    = 251658240                              {pd product} {ergonomic}
     bool SegmentedCodeCache                       = true                                      {product} {ergonomic}
   size_t SoftMaxHeapSize                          = 1073741824                             {manageable} {ergonomic}
     bool UseCompressedClassPointers               = true                           {product lp64_product} {ergonomic}
     bool UseCompressedOops                        = true                           {product lp64_product} {ergonomic}
     bool UseLargePagesIndividualAllocation        = false                                  {pd product} {ergonomic}
     bool UseParallelGC                            = true                                      {product} {command line}

Logging:
Log output configuration:
 #0: stdout all=off uptime,level,tags
 #1: stderr all=off uptime,level,tags

Environment Variables:
PATH=C:\Program Files\Common Files\Oracle\Java\javapath;C:\Program Files\Microsoft\jdk-11.0.16.101-hotspot\bin;C:\WINDOWS\system32;C:\WINDOWS;C:\WINDOWS\System32\Wbem;C:\WINDOWS\System32\WindowsPowerShell\v1.0\;C:\WINDOWS\System32\OpenSSH\;C:\Program Files\Git\cmd;C:\Users\Abel Apriliani\Downloads\flutter_windows_3.7.5-stable.zip\flutter\bin;C:\Users\Abel Apriliani\Downloads\flutter_windows_3.7.5-stable.zip\flutter\bin;C:\Program Files\MySQL\MySQL Server 8.0\bin;C:\Program Files\MySQL\MySQL Server 8.0\bin;C:\ProgramData\chocolatey\bin;C:\Users\Abel Apriliani\AppData\Local\Programs\Python\Python310\Scripts\;C:\Users\Abel Apriliani\AppData\Local\Programs\Python\Python310\;C:\Users\Abel Apriliani\AppData\Local\Microsoft\WindowsApps;C:\Users\Abel Apriliani\AppData\Local\Programs\Microsoft VS Code\bin;C:\ghcup\bin;C:\Users\Abel Apriliani\Downloads\flutter_windows_3.7.5-stable.zip\flutter\bin;C:\Users\Abel Apriliani\Downloads\flutter_windows_3.7.5-stable.zip\flutter\bin;C:\MinGW\bin;C:\Program Files\MySQL\MySQL Server 8.0\bin;C:\Users\Abel Apriliani\AppData\Local\GitHubDesktop\bin;C:\ProgramData\Abel Apriliani\GitHubDesktop\bin;D:\IntelliJ IDEA 2023.3.2\bin;;D:\IntelliJ IDEA Community Edition 2023.3.2\bin;
USERNAME=Abel Apriliani
OS=Windows_NT
PROCESSOR_IDENTIFIER=AMD64 Family 23 Model 24 Stepping 1, AuthenticAMD
TMP=C:\Users\ABELAP~1\AppData\Local\Temp
TEMP=C:\Users\ABELAP~1\AppData\Local\Temp



Periodic native trim disabled


---------------  S Y S T E M  ---------------

OS:
 Windows 11 , 64 bit Build 22621 (10.0.22621.3374)
OS uptime: 0 days 4:03 hours
Hyper-V role detected

CPU: total 2 (initial active 2) (2 cores per cpu, 1 threads per core) family 23 model 24 stepping 1 microcode 0x0, cx8, cmov, fxsr, mmx, 3dnowpref, sse, sse2, sse3, ssse3, sse4a, sse4.1, sse4.2, popcnt, lzcnt, tsc, tscinvbit, avx, avx2, aes, clmul, bmi1, bmi2, adx, sha, fma, vzeroupper, clflush, clflushopt, hv
Processor Information for all 2 processors :
  Max Mhz: 2300, Current Mhz: 2300, Mhz Limit: 2300

Memory: 4k page, system-wide physical 6094M (845M free)
TotalPageFile size 13055M (AvailPageFile size 6M)
current process WorkingSet (physical memory assigned to process): 322M, peak: 323M
current process commit charge ("private bytes"): 350M, peak: 354M

vm_info: OpenJDK 64-Bit Server VM (17.0.10+7) for windows-amd64 JRE (17.0.10+7), built on Jan 16 2024 23:25:11 by "admin" with MS VC++ 16.10 / 16.11 (VS2019)

END.
