#
# There is insufficient memory for the Java Runtime Environment to continue.
# Native memory allocation (malloc) failed to allocate 280336 bytes for Chunk::new
# Possible reasons:
#   The system is out of physical RAM or swap space
#   The process is running with CompressedOops enabled, and the Java Heap may be blocking the growth of the native heap
# Possible solutions:
#   Reduce memory load on the system
#   Increase physical memory or swap space
#   Check if swap backing store is full
#   Decrease Java heap size (-Xmx/-Xms)
#   Decrease number of Java threads
#   Decrease Java thread stack sizes (-Xss)
#   Set larger code cache with -XX:ReservedCodeCacheSize=
#   JVM is running with Unscaled Compressed Oops mode in which the Java heap is
#     placed in the first 4GB address space. The Java Heap base address is the
#     maximum limit for the native heap growth. Please use -XX:HeapBaseMinAddress
#     to set the Java Heap base and to place the Java Heap above 4GB virtual address.
# This output file may be truncated or incomplete.
#
#  Out of Memory Error (./src/hotspot/share/memory/arena.cpp:197), pid=13904, tid=2236
#
# JRE version: OpenJDK Runtime Environment Microsoft-40648 (11.0.16.1+1) (build 11.0.16.1+1-LTS)
# Java VM: OpenJDK 64-Bit Server VM Microsoft-40648 (11.0.16.1+1-LTS, mixed mode, tiered, compressed oops, g1 gc, windows-amd64)
# No core dump will be written. Minidumps are not enabled by default on client versions of Windows
#

---------------  S U M M A R Y ------------

Command Line: --add-opens=java.base/java.util=ALL-UNNAMED --add-opens=java.base/java.lang=ALL-UNNAMED --add-opens=java.base/java.lang.invoke=ALL-UNNAMED --add-opens=java.prefs/java.util.prefs=ALL-UNNAMED --add-opens=java.base/java.nio.charset=ALL-UNNAMED --add-opens=java.base/java.net=ALL-UNNAMED --add-opens=java.base/java.util.concurrent.atomic=ALL-UNNAMED -XX:MaxMetaspaceSize=384m -XX:+HeapDumpOnOutOfMemoryError -Xms256m -Xmx512m -Dfile.encoding=utf8 -Duser.country=ID -Duser.language=en -Duser.variant -javaagent:C:\Users\Abel Apriliani\.gradle\wrapper\dists\gradle-8.7-bin\bhs2wmbdwecv87pi65oeuq5iu\gradle-8.7\lib\agents\gradle-instrumentation-agent-8.7.jar org.gradle.launcher.daemon.bootstrap.GradleDaemon 8.7

Host: AMD Athlon Silver 3050U with Radeon Graphics   , 2 cores, 5G,  Windows 11 , 64 bit Build 22621 (10.0.22621.3374)
Time: Wed May 15 19:36:37 2024 SE Asia Standard Time elapsed time: 11.478219 seconds (0d 0h 0m 11s)

---------------  T H R E A D  ---------------

Current thread (0x0000018af0c42800):  JavaThread "C2 CompilerThread0" daemon [_thread_in_native, id=2236, stack(0x0000006611000000,0x0000006611100000)]


Current CompileTask:
C2:  11478 2164       4       java.lang.reflect.ProxyGenerator$ConstantPool::getValue (87 bytes)

Stack: [0x0000006611000000,0x0000006611100000]
Native frames: (J=compiled Java code, j=interpreted, Vv=VM code, C=native code)
V  [jvm.dll+0x62652a]
V  [jvm.dll+0x7b3249]
V  [jvm.dll+0x7b4938]
V  [jvm.dll+0x7b5013]
V  [jvm.dll+0x24fca8]
V  [jvm.dll+0xc262c]
V  [jvm.dll+0xc2bec]
V  [jvm.dll+0x359e77]
V  [jvm.dll+0x19e8e9]
V  [jvm.dll+0x2090e2]
V  [jvm.dll+0x2080fd]
V  [jvm.dll+0x18a411]
V  [jvm.dll+0x217954]
V  [jvm.dll+0x215b9b]
V  [jvm.dll+0x775d50]
V  [jvm.dll+0x76ec84]
V  [jvm.dll+0x625395]
C  [ucrtbase.dll+0x29333]
C  [KERNEL32.DLL+0x1257d]
C  [ntdll.dll+0x5aa48]


---------------  P R O C E S S  ---------------

Threads class SMR info:
_java_thread_list=0x0000018af2ecc3b0, length=20, elements={
0x0000018ad5877000, 0x0000018af0394000, 0x0000018af03cc000, 0x0000018af03d9000,
0x0000018af03da800, 0x0000018af03db800, 0x0000018af0c42800, 0x0000018af0c47800,
0x0000018af0ca6000, 0x0000018af0d19800, 0x0000018af1ee8000, 0x0000018af2d34800,
0x0000018af3402800, 0x0000018af3403800, 0x0000018af1cca800, 0x0000018af0cf0800,
0x0000018af1d74000, 0x0000018af1d74800, 0x0000018af2e87800, 0x0000018af1164800
}

Java Threads: ( => current thread )
  0x0000018ad5877000 JavaThread "main" [_thread_blocked, id=13324, stack(0x0000006610300000,0x0000006610400000)]
  0x0000018af0394000 JavaThread "Reference Handler" daemon [_thread_blocked, id=6508, stack(0x0000006610b00000,0x0000006610c00000)]
  0x0000018af03cc000 JavaThread "Finalizer" daemon [_thread_blocked, id=9648, stack(0x0000006610c00000,0x0000006610d00000)]
  0x0000018af03d9000 JavaThread "Signal Dispatcher" daemon [_thread_blocked, id=1852, stack(0x0000006610d00000,0x0000006610e00000)]
  0x0000018af03da800 JavaThread "Attach Listener" daemon [_thread_blocked, id=10596, stack(0x0000006610e00000,0x0000006610f00000)]
  0x0000018af03db800 JavaThread "Service Thread" daemon [_thread_blocked, id=14780, stack(0x0000006610f00000,0x0000006611000000)]
=>0x0000018af0c42800 JavaThread "C2 CompilerThread0" daemon [_thread_in_native, id=2236, stack(0x0000006611000000,0x0000006611100000)]
  0x0000018af0c47800 JavaThread "C1 CompilerThread0" daemon [_thread_blocked, id=3028, stack(0x0000006611100000,0x0000006611200000)]
  0x0000018af0ca6000 JavaThread "Sweeper thread" daemon [_thread_blocked, id=6948, stack(0x0000006611200000,0x0000006611300000)]
  0x0000018af0d19800 JavaThread "Common-Cleaner" daemon [_thread_blocked, id=8424, stack(0x0000006611300000,0x0000006611400000)]
  0x0000018af1ee8000 JavaThread "Daemon health stats" [_thread_blocked, id=14252, stack(0x0000006611600000,0x0000006611700000)]
  0x0000018af2d34800 JavaThread "Incoming local TCP Connector on port 50239" [_thread_in_native, id=13336, stack(0x0000006611700000,0x0000006611800000)]
  0x0000018af3402800 JavaThread "Daemon periodic checks" [_thread_blocked, id=13800, stack(0x0000006611900000,0x0000006611a00000)]
  0x0000018af3403800 JavaThread "Daemon" [_thread_blocked, id=11340, stack(0x0000006611a00000,0x0000006611b00000)]
  0x0000018af1cca800 JavaThread "Handler for socket connection from /127.0.0.1:50239 to /127.0.0.1:50240" [_thread_in_native, id=13340, stack(0x0000006611b00000,0x0000006611c00000)]
  0x0000018af0cf0800 JavaThread "Cancel handler" [_thread_blocked, id=5072, stack(0x0000006611c00000,0x0000006611d00000)]
  0x0000018af1d74000 JavaThread "Daemon worker" [_thread_blocked, id=2584, stack(0x0000006611d00000,0x0000006611e00000)]
  0x0000018af1d74800 JavaThread "Asynchronous log dispatcher for DefaultDaemonConnection: socket connection from /127.0.0.1:50239 to /127.0.0.1:50240" [_thread_blocked, id=10884, stack(0x0000006611e00000,0x0000006611f00000)]
  0x0000018af2e87800 JavaThread "Stdin handler" [_thread_blocked, id=14332, stack(0x0000006611f00000,0x0000006612000000)]
  0x0000018af1164800 JavaThread "Daemon client event forwarder" [_thread_blocked, id=14328, stack(0x0000006612000000,0x0000006612100000)]

Other Threads:
  0x0000018af038f800 VMThread "VM Thread" [stack: 0x0000006610a00000,0x0000006610b00000] [id=10080]
  0x0000018af0eab000 WatcherThread [stack: 0x0000006611400000,0x0000006611500000] [id=1944]
  0x0000018ad5890800 GCTaskThread "GC Thread#0" [stack: 0x0000006610500000,0x0000006610600000] [id=12628]
  0x0000018af0eab800 GCTaskThread "GC Thread#1" [stack: 0x0000006611500000,0x0000006611600000] [id=14192]
  0x0000018ad58a0800 ConcurrentGCThread "G1 Main Marker" [stack: 0x0000006610600000,0x0000006610700000] [id=3784]
  0x0000018ad58a2000 ConcurrentGCThread "G1 Conc#0" [stack: 0x0000006610700000,0x0000006610800000] [id=11020]
  0x0000018ad593d800 ConcurrentGCThread "G1 Refine#0" [stack: 0x0000006610800000,0x0000006610900000] [id=4520]
  0x0000018af218b800 ConcurrentGCThread "G1 Refine#1" [stack: 0x0000006611800000,0x0000006611900000] [id=8344]
  0x0000018af0228800 ConcurrentGCThread "G1 Young RemSet Sampling" [stack: 0x0000006610900000,0x0000006610a00000] [id=2996]

Threads with active compile tasks:
C2 CompilerThread0    11503 2164       4       java.lang.reflect.ProxyGenerator$ConstantPool::getValue (87 bytes)

VM state:at safepoint (normal execution)

VM Mutex/Monitor currently owned by a thread:  ([mutex/lock_event])
[0x0000018ad5872510] Threads_lock - owner thread: 0x0000018af038f800
[0x0000018ad5872870] Heap_lock - owner thread: 0x0000018af1d74000

Heap address: 0x00000000e0000000, size: 512 MB, Compressed Oops mode: 32-bit
Narrow klass base: 0x0000000000000000, Narrow klass shift: 3
Compressed class space size: 394264576 Address: 0x0000000100000000

Heap:
 garbage-first heap   total 262144K, used 18717K [0x00000000e0000000, 0x0000000100000000)
  region size 1024K, 2 young (2048K), 2 survivors (2048K)
 Metaspace       used 21668K, capacity 22233K, committed 22272K, reserved 413696K
  class space    used 2580K, capacity 2806K, committed 2816K, reserved 385024K
Heap Regions: E=young(eden), S=young(survivor), O=old, HS=humongous(starts), HC=humongous(continues), CS=collection set, F=free, A=archive, TAMS=top-at-mark-start (previous, next)
|   0|0x00000000e0000000, 0x00000000e0100000, 0x00000000e0100000|100%|HS|  |TAMS 0x00000000e0100000, 0x00000000e0100000| Complete 
|   1|0x00000000e0100000, 0x00000000e0200000, 0x00000000e0200000|100%|HC|  |TAMS 0x00000000e0200000, 0x00000000e0200000| Complete 
|   2|0x00000000e0200000, 0x00000000e0300000, 0x00000000e0300000|100%|HC|  |TAMS 0x00000000e0300000, 0x00000000e0300000| Complete 
|   3|0x00000000e0300000, 0x00000000e0400000, 0x00000000e0400000|100%|HC|  |TAMS 0x00000000e0400000, 0x00000000e0400000| Complete 
|   4|0x00000000e0400000, 0x00000000e0500000, 0x00000000e0500000|100%| O|  |TAMS 0x00000000e0500000, 0x00000000e0500000| Untracked 
|   5|0x00000000e0500000, 0x00000000e0600000, 0x00000000e0600000|100%| O|  |TAMS 0x00000000e0600000, 0x00000000e0600000| Untracked 
|   6|0x00000000e0600000, 0x00000000e0700000, 0x00000000e0700000|100%| O|  |TAMS 0x00000000e0700000, 0x00000000e0700000| Untracked 
|   7|0x00000000e0700000, 0x00000000e0800000, 0x00000000e0800000|100%| O|  |TAMS 0x00000000e0800000, 0x00000000e0800000| Untracked 
|   8|0x00000000e0800000, 0x00000000e0900000, 0x00000000e0900000|100%| O|  |TAMS 0x00000000e0900000, 0x00000000e0900000| Untracked 
|   9|0x00000000e0900000, 0x00000000e0a00000, 0x00000000e0a00000|100%| O|  |TAMS 0x00000000e0a00000, 0x00000000e0a00000| Untracked 
|  10|0x00000000e0a00000, 0x00000000e0b00000, 0x00000000e0b00000|100%| O|  |TAMS 0x00000000e0b00000, 0x00000000e0b00000| Untracked 
|  11|0x00000000e0b00000, 0x00000000e0c00000, 0x00000000e0c00000|100%| O|  |TAMS 0x00000000e0c00000, 0x00000000e0c00000| Untracked 
|  12|0x00000000e0c00000, 0x00000000e0d00000, 0x00000000e0d00000|100%| O|  |TAMS 0x00000000e0d00000, 0x00000000e0d00000| Untracked 
|  13|0x00000000e0d00000, 0x00000000e0e00000, 0x00000000e0e00000|100%| O|  |TAMS 0x00000000e0e00000, 0x00000000e0e00000| Untracked 
|  14|0x00000000e0e00000, 0x00000000e0f00000, 0x00000000e0f00000|100%| O|  |TAMS 0x00000000e0f00000, 0x00000000e0f00000| Untracked 
|  15|0x00000000e0f00000, 0x00000000e1000000, 0x00000000e1000000|100%| O|  |TAMS 0x00000000e1000000, 0x00000000e1000000| Untracked 
|  16|0x00000000e1000000, 0x00000000e10f2000, 0x00000000e1100000| 94%| O|  |TAMS 0x00000000e10f2000, 0x00000000e10f2000| Untracked 
|  17|0x00000000e1100000, 0x00000000e1100000, 0x00000000e1200000|  0%| F|  |TAMS 0x00000000e1100000, 0x00000000e1100000| Untracked 
|  18|0x00000000e1200000, 0x00000000e1200000, 0x00000000e1300000|  0%| F|  |TAMS 0x00000000e1200000, 0x00000000e1200000| Untracked 
|  19|0x00000000e1300000, 0x00000000e1300000, 0x00000000e1400000|  0%| F|  |TAMS 0x00000000e1300000, 0x00000000e1300000| Untracked 
|  20|0x00000000e1400000, 0x00000000e1400000, 0x00000000e1500000|  0%| F|  |TAMS 0x00000000e1400000, 0x00000000e1400000| Untracked 
|  21|0x00000000e1500000, 0x00000000e1500000, 0x00000000e1600000|  0%| F|  |TAMS 0x00000000e1500000, 0x00000000e1500000| Untracked 
|  22|0x00000000e1600000, 0x00000000e1600000, 0x00000000e1700000|  0%| F|  |TAMS 0x00000000e1600000, 0x00000000e1600000| Untracked 
|  23|0x00000000e1700000, 0x00000000e1700000, 0x00000000e1800000|  0%| F|  |TAMS 0x00000000e1700000, 0x00000000e1700000| Untracked 
|  24|0x00000000e1800000, 0x00000000e1800000, 0x00000000e1900000|  0%| F|  |TAMS 0x00000000e1800000, 0x00000000e1800000| Untracked 
|  25|0x00000000e1900000, 0x00000000e1900000, 0x00000000e1a00000|  0%| F|  |TAMS 0x00000000e1900000, 0x00000000e1900000| Untracked 
|  26|0x00000000e1a00000, 0x00000000e1a00000, 0x00000000e1b00000|  0%| F|  |TAMS 0x00000000e1a00000, 0x00000000e1a00000| Untracked 
|  27|0x00000000e1b00000, 0x00000000e1b00000, 0x00000000e1c00000|  0%| F|  |TAMS 0x00000000e1b00000, 0x00000000e1b00000| Untracked 
|  28|0x00000000e1c00000, 0x00000000e1c00000, 0x00000000e1d00000|  0%| F|  |TAMS 0x00000000e1c00000, 0x00000000e1c00000| Untracked 
|  29|0x00000000e1d00000, 0x00000000e1d00000, 0x00000000e1e00000|  0%| F|  |TAMS 0x00000000e1d00000, 0x00000000e1d00000| Untracked 
|  30|0x00000000e1e00000, 0x00000000e1e00000, 0x00000000e1f00000|  0%| F|  |TAMS 0x00000000e1e00000, 0x00000000e1e00000| Untracked 
|  31|0x00000000e1f00000, 0x00000000e1f00000, 0x00000000e2000000|  0%| F|  |TAMS 0x00000000e1f00000, 0x00000000e1f00000| Untracked 
|  32|0x00000000e2000000, 0x00000000e2000000, 0x00000000e2100000|  0%| F|  |TAMS 0x00000000e2000000, 0x00000000e2000000| Untracked 
|  33|0x00000000e2100000, 0x00000000e2100000, 0x00000000e2200000|  0%| F|  |TAMS 0x00000000e2100000, 0x00000000e2100000| Untracked 
|  34|0x00000000e2200000, 0x00000000e2200000, 0x00000000e2300000|  0%| F|  |TAMS 0x00000000e2200000, 0x00000000e2200000| Untracked 
|  35|0x00000000e2300000, 0x00000000e2300000, 0x00000000e2400000|  0%| F|  |TAMS 0x00000000e2300000, 0x00000000e2300000| Untracked 
|  36|0x00000000e2400000, 0x00000000e2400000, 0x00000000e2500000|  0%| F|  |TAMS 0x00000000e2400000, 0x00000000e2400000| Untracked 
|  37|0x00000000e2500000, 0x00000000e2500000, 0x00000000e2600000|  0%| F|  |TAMS 0x00000000e2500000, 0x00000000e2500000| Untracked 
|  38|0x00000000e2600000, 0x00000000e2600000, 0x00000000e2700000|  0%| F|  |TAMS 0x00000000e2600000, 0x00000000e2600000| Untracked 
|  39|0x00000000e2700000, 0x00000000e2700000, 0x00000000e2800000|  0%| F|  |TAMS 0x00000000e2700000, 0x00000000e2700000| Untracked 
|  40|0x00000000e2800000, 0x00000000e2800000, 0x00000000e2900000|  0%| F|  |TAMS 0x00000000e2800000, 0x00000000e2800000| Untracked 
|  41|0x00000000e2900000, 0x00000000e2900000, 0x00000000e2a00000|  0%| F|  |TAMS 0x00000000e2900000, 0x00000000e2900000| Untracked 
|  42|0x00000000e2a00000, 0x00000000e2a00000, 0x00000000e2b00000|  0%| F|  |TAMS 0x00000000e2a00000, 0x00000000e2a00000| Untracked 
|  43|0x00000000e2b00000, 0x00000000e2b00000, 0x00000000e2c00000|  0%| F|  |TAMS 0x00000000e2b00000, 0x00000000e2b00000| Untracked 
|  44|0x00000000e2c00000, 0x00000000e2c00000, 0x00000000e2d00000|  0%| F|  |TAMS 0x00000000e2c00000, 0x00000000e2c00000| Untracked 
|  45|0x00000000e2d00000, 0x00000000e2d00000, 0x00000000e2e00000|  0%| F|  |TAMS 0x00000000e2d00000, 0x00000000e2d00000| Untracked 
|  46|0x00000000e2e00000, 0x00000000e2e00000, 0x00000000e2f00000|  0%| F|  |TAMS 0x00000000e2e00000, 0x00000000e2e00000| Untracked 
|  47|0x00000000e2f00000, 0x00000000e2f00000, 0x00000000e3000000|  0%| F|  |TAMS 0x00000000e2f00000, 0x00000000e2f00000| Untracked 
|  48|0x00000000e3000000, 0x00000000e3000000, 0x00000000e3100000|  0%| F|  |TAMS 0x00000000e3000000, 0x00000000e3000000| Untracked 
|  49|0x00000000e3100000, 0x00000000e3100000, 0x00000000e3200000|  0%| F|  |TAMS 0x00000000e3100000, 0x00000000e3100000| Untracked 
|  50|0x00000000e3200000, 0x00000000e3200000, 0x00000000e3300000|  0%| F|  |TAMS 0x00000000e3200000, 0x00000000e3200000| Untracked 
|  51|0x00000000e3300000, 0x00000000e3300000, 0x00000000e3400000|  0%| F|  |TAMS 0x00000000e3300000, 0x00000000e3300000| Untracked 
|  52|0x00000000e3400000, 0x00000000e3400000, 0x00000000e3500000|  0%| F|  |TAMS 0x00000000e3400000, 0x00000000e3400000| Untracked 
|  53|0x00000000e3500000, 0x00000000e3500000, 0x00000000e3600000|  0%| F|  |TAMS 0x00000000e3500000, 0x00000000e3500000| Untracked 
|  54|0x00000000e3600000, 0x00000000e3600000, 0x00000000e3700000|  0%| F|  |TAMS 0x00000000e3600000, 0x00000000e3600000| Untracked 
|  55|0x00000000e3700000, 0x00000000e3700000, 0x00000000e3800000|  0%| F|  |TAMS 0x00000000e3700000, 0x00000000e3700000| Untracked 
|  56|0x00000000e3800000, 0x00000000e3800000, 0x00000000e3900000|  0%| F|  |TAMS 0x00000000e3800000, 0x00000000e3800000| Untracked 
|  57|0x00000000e3900000, 0x00000000e3900000, 0x00000000e3a00000|  0%| F|  |TAMS 0x00000000e3900000, 0x00000000e3900000| Untracked 
|  58|0x00000000e3a00000, 0x00000000e3a00000, 0x00000000e3b00000|  0%| F|  |TAMS 0x00000000e3a00000, 0x00000000e3a00000| Untracked 
|  59|0x00000000e3b00000, 0x00000000e3b00000, 0x00000000e3c00000|  0%| F|  |TAMS 0x00000000e3b00000, 0x00000000e3b00000| Untracked 
|  60|0x00000000e3c00000, 0x00000000e3c00000, 0x00000000e3d00000|  0%| F|  |TAMS 0x00000000e3c00000, 0x00000000e3c00000| Untracked 
|  61|0x00000000e3d00000, 0x00000000e3d00000, 0x00000000e3e00000|  0%| F|  |TAMS 0x00000000e3d00000, 0x00000000e3d00000| Untracked 
|  62|0x00000000e3e00000, 0x00000000e3e00000, 0x00000000e3f00000|  0%| F|  |TAMS 0x00000000e3e00000, 0x00000000e3e00000| Untracked 
|  63|0x00000000e3f00000, 0x00000000e3f00000, 0x00000000e4000000|  0%| F|  |TAMS 0x00000000e3f00000, 0x00000000e3f00000| Untracked 
|  64|0x00000000e4000000, 0x00000000e4000000, 0x00000000e4100000|  0%| F|  |TAMS 0x00000000e4000000, 0x00000000e4000000| Untracked 
|  65|0x00000000e4100000, 0x00000000e4100000, 0x00000000e4200000|  0%| F|  |TAMS 0x00000000e4100000, 0x00000000e4100000| Untracked 
|  66|0x00000000e4200000, 0x00000000e4200000, 0x00000000e4300000|  0%| F|  |TAMS 0x00000000e4200000, 0x00000000e4200000| Untracked 
|  67|0x00000000e4300000, 0x00000000e4300000, 0x00000000e4400000|  0%| F|  |TAMS 0x00000000e4300000, 0x00000000e4300000| Untracked 
|  68|0x00000000e4400000, 0x00000000e4400000, 0x00000000e4500000|  0%| F|  |TAMS 0x00000000e4400000, 0x00000000e4400000| Untracked 
|  69|0x00000000e4500000, 0x00000000e4500000, 0x00000000e4600000|  0%| F|  |TAMS 0x00000000e4500000, 0x00000000e4500000| Untracked 
|  70|0x00000000e4600000, 0x00000000e4600000, 0x00000000e4700000|  0%| F|  |TAMS 0x00000000e4600000, 0x00000000e4600000| Untracked 
|  71|0x00000000e4700000, 0x00000000e4700000, 0x00000000e4800000|  0%| F|  |TAMS 0x00000000e4700000, 0x00000000e4700000| Untracked 
|  72|0x00000000e4800000, 0x00000000e4800000, 0x00000000e4900000|  0%| F|  |TAMS 0x00000000e4800000, 0x00000000e4800000| Untracked 
|  73|0x00000000e4900000, 0x00000000e4900000, 0x00000000e4a00000|  0%| F|  |TAMS 0x00000000e4900000, 0x00000000e4900000| Untracked 
|  74|0x00000000e4a00000, 0x00000000e4a00000, 0x00000000e4b00000|  0%| F|  |TAMS 0x00000000e4a00000, 0x00000000e4a00000| Untracked 
|  75|0x00000000e4b00000, 0x00000000e4b00000, 0x00000000e4c00000|  0%| F|  |TAMS 0x00000000e4b00000, 0x00000000e4b00000| Untracked 
|  76|0x00000000e4c00000, 0x00000000e4c00000, 0x00000000e4d00000|  0%| F|  |TAMS 0x00000000e4c00000, 0x00000000e4c00000| Untracked 
|  77|0x00000000e4d00000, 0x00000000e4d00000, 0x00000000e4e00000|  0%| F|  |TAMS 0x00000000e4d00000, 0x00000000e4d00000| Untracked 
|  78|0x00000000e4e00000, 0x00000000e4e00000, 0x00000000e4f00000|  0%| F|  |TAMS 0x00000000e4e00000, 0x00000000e4e00000| Untracked 
|  79|0x00000000e4f00000, 0x00000000e4f00000, 0x00000000e5000000|  0%| F|  |TAMS 0x00000000e4f00000, 0x00000000e4f00000| Untracked 
|  80|0x00000000e5000000, 0x00000000e5000000, 0x00000000e5100000|  0%| F|  |TAMS 0x00000000e5000000, 0x00000000e5000000| Untracked 
|  81|0x00000000e5100000, 0x00000000e5100000, 0x00000000e5200000|  0%| F|  |TAMS 0x00000000e5100000, 0x00000000e5100000| Untracked 
|  82|0x00000000e5200000, 0x00000000e5200000, 0x00000000e5300000|  0%| F|  |TAMS 0x00000000e5200000, 0x00000000e5200000| Untracked 
|  83|0x00000000e5300000, 0x00000000e5300000, 0x00000000e5400000|  0%| F|  |TAMS 0x00000000e5300000, 0x00000000e5300000| Untracked 
|  84|0x00000000e5400000, 0x00000000e5400000, 0x00000000e5500000|  0%| F|  |TAMS 0x00000000e5400000, 0x00000000e5400000| Untracked 
|  85|0x00000000e5500000, 0x00000000e5500000, 0x00000000e5600000|  0%| F|  |TAMS 0x00000000e5500000, 0x00000000e5500000| Untracked 
|  86|0x00000000e5600000, 0x00000000e5600000, 0x00000000e5700000|  0%| F|  |TAMS 0x00000000e5600000, 0x00000000e5600000| Untracked 
|  87|0x00000000e5700000, 0x00000000e5700000, 0x00000000e5800000|  0%| F|  |TAMS 0x00000000e5700000, 0x00000000e5700000| Untracked 
|  88|0x00000000e5800000, 0x00000000e5800000, 0x00000000e5900000|  0%| F|  |TAMS 0x00000000e5800000, 0x00000000e5800000| Untracked 
|  89|0x00000000e5900000, 0x00000000e5900000, 0x00000000e5a00000|  0%| F|  |TAMS 0x00000000e5900000, 0x00000000e5900000| Untracked 
|  90|0x00000000e5a00000, 0x00000000e5a00000, 0x00000000e5b00000|  0%| F|  |TAMS 0x00000000e5a00000, 0x00000000e5a00000| Untracked 
|  91|0x00000000e5b00000, 0x00000000e5b00000, 0x00000000e5c00000|  0%| F|  |TAMS 0x00000000e5b00000, 0x00000000e5b00000| Untracked 
|  92|0x00000000e5c00000, 0x00000000e5c00000, 0x00000000e5d00000|  0%| F|  |TAMS 0x00000000e5c00000, 0x00000000e5c00000| Untracked 
|  93|0x00000000e5d00000, 0x00000000e5d00000, 0x00000000e5e00000|  0%| F|  |TAMS 0x00000000e5d00000, 0x00000000e5d00000| Untracked 
|  94|0x00000000e5e00000, 0x00000000e5e00000, 0x00000000e5f00000|  0%| F|  |TAMS 0x00000000e5e00000, 0x00000000e5e00000| Untracked 
|  95|0x00000000e5f00000, 0x00000000e5f00000, 0x00000000e6000000|  0%| F|  |TAMS 0x00000000e5f00000, 0x00000000e5f00000| Untracked 
|  96|0x00000000e6000000, 0x00000000e6000000, 0x00000000e6100000|  0%| F|  |TAMS 0x00000000e6000000, 0x00000000e6000000| Untracked 
|  97|0x00000000e6100000, 0x00000000e6100000, 0x00000000e6200000|  0%| F|  |TAMS 0x00000000e6100000, 0x00000000e6100000| Untracked 
|  98|0x00000000e6200000, 0x00000000e6200000, 0x00000000e6300000|  0%| F|  |TAMS 0x00000000e6200000, 0x00000000e6200000| Untracked 
|  99|0x00000000e6300000, 0x00000000e6300000, 0x00000000e6400000|  0%| F|  |TAMS 0x00000000e6300000, 0x00000000e6300000| Untracked 
| 100|0x00000000e6400000, 0x00000000e6400000, 0x00000000e6500000|  0%| F|  |TAMS 0x00000000e6400000, 0x00000000e6400000| Untracked 
| 101|0x00000000e6500000, 0x00000000e6500000, 0x00000000e6600000|  0%| F|  |TAMS 0x00000000e6500000, 0x00000000e6500000| Untracked 
| 102|0x00000000e6600000, 0x00000000e6600000, 0x00000000e6700000|  0%| F|  |TAMS 0x00000000e6600000, 0x00000000e6600000| Untracked 
| 103|0x00000000e6700000, 0x00000000e6700000, 0x00000000e6800000|  0%| F|  |TAMS 0x00000000e6700000, 0x00000000e6700000| Untracked 
| 104|0x00000000e6800000, 0x00000000e6800000, 0x00000000e6900000|  0%| F|  |TAMS 0x00000000e6800000, 0x00000000e6800000| Untracked 
| 105|0x00000000e6900000, 0x00000000e6900000, 0x00000000e6a00000|  0%| F|  |TAMS 0x00000000e6900000, 0x00000000e6900000| Untracked 
| 106|0x00000000e6a00000, 0x00000000e6a00000, 0x00000000e6b00000|  0%| F|  |TAMS 0x00000000e6a00000, 0x00000000e6a00000| Untracked 
| 107|0x00000000e6b00000, 0x00000000e6b00000, 0x00000000e6c00000|  0%| F|  |TAMS 0x00000000e6b00000, 0x00000000e6b00000| Untracked 
| 108|0x00000000e6c00000, 0x00000000e6c00000, 0x00000000e6d00000|  0%| F|  |TAMS 0x00000000e6c00000, 0x00000000e6c00000| Untracked 
| 109|0x00000000e6d00000, 0x00000000e6d00000, 0x00000000e6e00000|  0%| F|  |TAMS 0x00000000e6d00000, 0x00000000e6d00000| Untracked 
| 110|0x00000000e6e00000, 0x00000000e6e00000, 0x00000000e6f00000|  0%| F|  |TAMS 0x00000000e6e00000, 0x00000000e6e00000| Untracked 
| 111|0x00000000e6f00000, 0x00000000e6f00000, 0x00000000e7000000|  0%| F|  |TAMS 0x00000000e6f00000, 0x00000000e6f00000| Untracked 
| 112|0x00000000e7000000, 0x00000000e7000000, 0x00000000e7100000|  0%| F|  |TAMS 0x00000000e7000000, 0x00000000e7000000| Untracked 
| 113|0x00000000e7100000, 0x00000000e7100000, 0x00000000e7200000|  0%| F|  |TAMS 0x00000000e7100000, 0x00000000e7100000| Untracked 
| 114|0x00000000e7200000, 0x00000000e7200000, 0x00000000e7300000|  0%| F|  |TAMS 0x00000000e7200000, 0x00000000e7200000| Untracked 
| 115|0x00000000e7300000, 0x00000000e7300000, 0x00000000e7400000|  0%| F|  |TAMS 0x00000000e7300000, 0x00000000e7300000| Untracked 
| 116|0x00000000e7400000, 0x00000000e7400000, 0x00000000e7500000|  0%| F|  |TAMS 0x00000000e7400000, 0x00000000e7400000| Untracked 
| 117|0x00000000e7500000, 0x00000000e7500000, 0x00000000e7600000|  0%| F|  |TAMS 0x00000000e7500000, 0x00000000e7500000| Untracked 
| 118|0x00000000e7600000, 0x00000000e7600000, 0x00000000e7700000|  0%| F|  |TAMS 0x00000000e7600000, 0x00000000e7600000| Untracked 
| 119|0x00000000e7700000, 0x00000000e7700000, 0x00000000e7800000|  0%| F|  |TAMS 0x00000000e7700000, 0x00000000e7700000| Untracked 
| 120|0x00000000e7800000, 0x00000000e7800000, 0x00000000e7900000|  0%| F|  |TAMS 0x00000000e7800000, 0x00000000e7800000| Untracked 
| 121|0x00000000e7900000, 0x00000000e7900000, 0x00000000e7a00000|  0%| F|  |TAMS 0x00000000e7900000, 0x00000000e7900000| Untracked 
| 122|0x00000000e7a00000, 0x00000000e7a00000, 0x00000000e7b00000|  0%| F|  |TAMS 0x00000000e7a00000, 0x00000000e7a00000| Untracked 
| 123|0x00000000e7b00000, 0x00000000e7b00000, 0x00000000e7c00000|  0%| F|  |TAMS 0x00000000e7b00000, 0x00000000e7b00000| Untracked 
| 124|0x00000000e7c00000, 0x00000000e7c00000, 0x00000000e7d00000|  0%| F|  |TAMS 0x00000000e7c00000, 0x00000000e7c00000| Untracked 
| 125|0x00000000e7d00000, 0x00000000e7d00000, 0x00000000e7e00000|  0%| F|  |TAMS 0x00000000e7d00000, 0x00000000e7d00000| Untracked 
| 126|0x00000000e7e00000, 0x00000000e7e00000, 0x00000000e7f00000|  0%| F|  |TAMS 0x00000000e7e00000, 0x00000000e7e00000| Untracked 
| 127|0x00000000e7f00000, 0x00000000e7f00000, 0x00000000e8000000|  0%| F|  |TAMS 0x00000000e7f00000, 0x00000000e7f00000| Untracked 
| 128|0x00000000e8000000, 0x00000000e8000000, 0x00000000e8100000|  0%| F|  |TAMS 0x00000000e8000000, 0x00000000e8000000| Untracked 
| 129|0x00000000e8100000, 0x00000000e8100000, 0x00000000e8200000|  0%| F|  |TAMS 0x00000000e8100000, 0x00000000e8100000| Untracked 
| 130|0x00000000e8200000, 0x00000000e8200000, 0x00000000e8300000|  0%| F|  |TAMS 0x00000000e8200000, 0x00000000e8200000| Untracked 
| 131|0x00000000e8300000, 0x00000000e8300000, 0x00000000e8400000|  0%| F|  |TAMS 0x00000000e8300000, 0x00000000e8300000| Untracked 
| 132|0x00000000e8400000, 0x00000000e8400000, 0x00000000e8500000|  0%| F|  |TAMS 0x00000000e8400000, 0x00000000e8400000| Untracked 
| 133|0x00000000e8500000, 0x00000000e8500000, 0x00000000e8600000|  0%| F|  |TAMS 0x00000000e8500000, 0x00000000e8500000| Untracked 
| 134|0x00000000e8600000, 0x00000000e8600000, 0x00000000e8700000|  0%| F|  |TAMS 0x00000000e8600000, 0x00000000e8600000| Untracked 
| 135|0x00000000e8700000, 0x00000000e8700000, 0x00000000e8800000|  0%| F|  |TAMS 0x00000000e8700000, 0x00000000e8700000| Untracked 
| 136|0x00000000e8800000, 0x00000000e8800000, 0x00000000e8900000|  0%| F|  |TAMS 0x00000000e8800000, 0x00000000e8800000| Untracked 
| 137|0x00000000e8900000, 0x00000000e8900000, 0x00000000e8a00000|  0%| F|  |TAMS 0x00000000e8900000, 0x00000000e8900000| Untracked 
| 138|0x00000000e8a00000, 0x00000000e8a00000, 0x00000000e8b00000|  0%| F|  |TAMS 0x00000000e8a00000, 0x00000000e8a00000| Untracked 
| 139|0x00000000e8b00000, 0x00000000e8b00000, 0x00000000e8c00000|  0%| F|  |TAMS 0x00000000e8b00000, 0x00000000e8b00000| Untracked 
| 140|0x00000000e8c00000, 0x00000000e8c00000, 0x00000000e8d00000|  0%| F|  |TAMS 0x00000000e8c00000, 0x00000000e8c00000| Untracked 
| 141|0x00000000e8d00000, 0x00000000e8d00000, 0x00000000e8e00000|  0%| F|  |TAMS 0x00000000e8d00000, 0x00000000e8d00000| Untracked 
| 142|0x00000000e8e00000, 0x00000000e8e00000, 0x00000000e8f00000|  0%| F|  |TAMS 0x00000000e8e00000, 0x00000000e8e00000| Untracked 
| 143|0x00000000e8f00000, 0x00000000e8f00000, 0x00000000e9000000|  0%| F|  |TAMS 0x00000000e8f00000, 0x00000000e8f00000| Untracked 
| 144|0x00000000e9000000, 0x00000000e9000000, 0x00000000e9100000|  0%| F|  |TAMS 0x00000000e9000000, 0x00000000e9000000| Untracked 
| 145|0x00000000e9100000, 0x00000000e9100000, 0x00000000e9200000|  0%| F|  |TAMS 0x00000000e9100000, 0x00000000e9100000| Untracked 
| 146|0x00000000e9200000, 0x00000000e9200000, 0x00000000e9300000|  0%| F|  |TAMS 0x00000000e9200000, 0x00000000e9200000| Untracked 
| 147|0x00000000e9300000, 0x00000000e9300000, 0x00000000e9400000|  0%| F|  |TAMS 0x00000000e9300000, 0x00000000e9300000| Untracked 
| 148|0x00000000e9400000, 0x00000000e9400000, 0x00000000e9500000|  0%| F|  |TAMS 0x00000000e9400000, 0x00000000e9400000| Untracked 
| 149|0x00000000e9500000, 0x00000000e9500000, 0x00000000e9600000|  0%| F|  |TAMS 0x00000000e9500000, 0x00000000e9500000| Untracked 
| 150|0x00000000e9600000, 0x00000000e9600000, 0x00000000e9700000|  0%| F|  |TAMS 0x00000000e9600000, 0x00000000e9600000| Untracked 
| 151|0x00000000e9700000, 0x00000000e9700000, 0x00000000e9800000|  0%| F|  |TAMS 0x00000000e9700000, 0x00000000e9700000| Untracked 
| 152|0x00000000e9800000, 0x00000000e9800000, 0x00000000e9900000|  0%| F|  |TAMS 0x00000000e9800000, 0x00000000e9800000| Untracked 
| 153|0x00000000e9900000, 0x00000000e9900000, 0x00000000e9a00000|  0%| F|  |TAMS 0x00000000e9900000, 0x00000000e9900000| Untracked 
| 154|0x00000000e9a00000, 0x00000000e9a00000, 0x00000000e9b00000|  0%| F|  |TAMS 0x00000000e9a00000, 0x00000000e9a00000| Untracked 
| 155|0x00000000e9b00000, 0x00000000e9b00000, 0x00000000e9c00000|  0%| F|  |TAMS 0x00000000e9b00000, 0x00000000e9b00000| Untracked 
| 156|0x00000000e9c00000, 0x00000000e9c00000, 0x00000000e9d00000|  0%| F|  |TAMS 0x00000000e9c00000, 0x00000000e9c00000| Untracked 
| 157|0x00000000e9d00000, 0x00000000e9d00000, 0x00000000e9e00000|  0%| F|  |TAMS 0x00000000e9d00000, 0x00000000e9d00000| Untracked 
| 158|0x00000000e9e00000, 0x00000000e9e00000, 0x00000000e9f00000|  0%| F|  |TAMS 0x00000000e9e00000, 0x00000000e9e00000| Untracked 
| 159|0x00000000e9f00000, 0x00000000e9f00000, 0x00000000ea000000|  0%| F|  |TAMS 0x00000000e9f00000, 0x00000000e9f00000| Untracked 
| 160|0x00000000ea000000, 0x00000000ea000000, 0x00000000ea100000|  0%| F|  |TAMS 0x00000000ea000000, 0x00000000ea000000| Untracked 
| 161|0x00000000ea100000, 0x00000000ea100000, 0x00000000ea200000|  0%| F|  |TAMS 0x00000000ea100000, 0x00000000ea100000| Untracked 
| 162|0x00000000ea200000, 0x00000000ea200000, 0x00000000ea300000|  0%| F|  |TAMS 0x00000000ea200000, 0x00000000ea200000| Untracked 
| 163|0x00000000ea300000, 0x00000000ea300000, 0x00000000ea400000|  0%| F|  |TAMS 0x00000000ea300000, 0x00000000ea300000| Untracked 
| 164|0x00000000ea400000, 0x00000000ea400000, 0x00000000ea500000|  0%| F|  |TAMS 0x00000000ea400000, 0x00000000ea400000| Untracked 
| 165|0x00000000ea500000, 0x00000000ea500000, 0x00000000ea600000|  0%| F|  |TAMS 0x00000000ea500000, 0x00000000ea500000| Untracked 
| 166|0x00000000ea600000, 0x00000000ea600000, 0x00000000ea700000|  0%| F|  |TAMS 0x00000000ea600000, 0x00000000ea600000| Untracked 
| 167|0x00000000ea700000, 0x00000000ea700000, 0x00000000ea800000|  0%| F|  |TAMS 0x00000000ea700000, 0x00000000ea700000| Untracked 
| 168|0x00000000ea800000, 0x00000000ea800000, 0x00000000ea900000|  0%| F|  |TAMS 0x00000000ea800000, 0x00000000ea800000| Untracked 
| 169|0x00000000ea900000, 0x00000000ea900000, 0x00000000eaa00000|  0%| F|  |TAMS 0x00000000ea900000, 0x00000000ea900000| Untracked 
| 170|0x00000000eaa00000, 0x00000000eaa00000, 0x00000000eab00000|  0%| F|  |TAMS 0x00000000eaa00000, 0x00000000eaa00000| Untracked 
| 171|0x00000000eab00000, 0x00000000eab00000, 0x00000000eac00000|  0%| F|  |TAMS 0x00000000eab00000, 0x00000000eab00000| Untracked 
| 172|0x00000000eac00000, 0x00000000eac00000, 0x00000000ead00000|  0%| F|  |TAMS 0x00000000eac00000, 0x00000000eac00000| Untracked 
| 173|0x00000000ead00000, 0x00000000ead00000, 0x00000000eae00000|  0%| F|  |TAMS 0x00000000ead00000, 0x00000000ead00000| Untracked 
| 174|0x00000000eae00000, 0x00000000eae00000, 0x00000000eaf00000|  0%| F|  |TAMS 0x00000000eae00000, 0x00000000eae00000| Untracked 
| 175|0x00000000eaf00000, 0x00000000eaf00000, 0x00000000eb000000|  0%| F|  |TAMS 0x00000000eaf00000, 0x00000000eaf00000| Untracked 
| 176|0x00000000eb000000, 0x00000000eb000000, 0x00000000eb100000|  0%| F|  |TAMS 0x00000000eb000000, 0x00000000eb000000| Untracked 
| 177|0x00000000eb100000, 0x00000000eb100000, 0x00000000eb200000|  0%| F|  |TAMS 0x00000000eb100000, 0x00000000eb100000| Untracked 
| 178|0x00000000eb200000, 0x00000000eb200000, 0x00000000eb300000|  0%| F|  |TAMS 0x00000000eb200000, 0x00000000eb200000| Untracked 
| 179|0x00000000eb300000, 0x00000000eb300000, 0x00000000eb400000|  0%| F|  |TAMS 0x00000000eb300000, 0x00000000eb300000| Untracked 
| 180|0x00000000eb400000, 0x00000000eb400000, 0x00000000eb500000|  0%| F|  |TAMS 0x00000000eb400000, 0x00000000eb400000| Untracked 
| 181|0x00000000eb500000, 0x00000000eb500000, 0x00000000eb600000|  0%| F|  |TAMS 0x00000000eb500000, 0x00000000eb500000| Untracked 
| 182|0x00000000eb600000, 0x00000000eb600000, 0x00000000eb700000|  0%| F|  |TAMS 0x00000000eb600000, 0x00000000eb600000| Untracked 
| 183|0x00000000eb700000, 0x00000000eb700000, 0x00000000eb800000|  0%| F|  |TAMS 0x00000000eb700000, 0x00000000eb700000| Untracked 
| 184|0x00000000eb800000, 0x00000000eb800000, 0x00000000eb900000|  0%| F|  |TAMS 0x00000000eb800000, 0x00000000eb800000| Untracked 
| 185|0x00000000eb900000, 0x00000000eb900000, 0x00000000eba00000|  0%| F|  |TAMS 0x00000000eb900000, 0x00000000eb900000| Untracked 
| 186|0x00000000eba00000, 0x00000000eba00000, 0x00000000ebb00000|  0%| F|  |TAMS 0x00000000eba00000, 0x00000000eba00000| Untracked 
| 187|0x00000000ebb00000, 0x00000000ebb00000, 0x00000000ebc00000|  0%| F|  |TAMS 0x00000000ebb00000, 0x00000000ebb00000| Untracked 
| 188|0x00000000ebc00000, 0x00000000ebc00000, 0x00000000ebd00000|  0%| F|  |TAMS 0x00000000ebc00000, 0x00000000ebc00000| Untracked 
| 189|0x00000000ebd00000, 0x00000000ebd00000, 0x00000000ebe00000|  0%| F|  |TAMS 0x00000000ebd00000, 0x00000000ebd00000| Untracked 
| 190|0x00000000ebe00000, 0x00000000ebe00000, 0x00000000ebf00000|  0%| F|  |TAMS 0x00000000ebe00000, 0x00000000ebe00000| Untracked 
| 191|0x00000000ebf00000, 0x00000000ebf00000, 0x00000000ec000000|  0%| F|  |TAMS 0x00000000ebf00000, 0x00000000ebf00000| Untracked 
| 192|0x00000000ec000000, 0x00000000ec000000, 0x00000000ec100000|  0%| F|  |TAMS 0x00000000ec000000, 0x00000000ec000000| Untracked 
| 193|0x00000000ec100000, 0x00000000ec100000, 0x00000000ec200000|  0%| F|  |TAMS 0x00000000ec100000, 0x00000000ec100000| Untracked 
| 194|0x00000000ec200000, 0x00000000ec200000, 0x00000000ec300000|  0%| F|  |TAMS 0x00000000ec200000, 0x00000000ec200000| Untracked 
| 195|0x00000000ec300000, 0x00000000ec300000, 0x00000000ec400000|  0%| F|  |TAMS 0x00000000ec300000, 0x00000000ec300000| Untracked 
| 196|0x00000000ec400000, 0x00000000ec400000, 0x00000000ec500000|  0%| F|  |TAMS 0x00000000ec400000, 0x00000000ec400000| Untracked 
| 197|0x00000000ec500000, 0x00000000ec500000, 0x00000000ec600000|  0%| F|  |TAMS 0x00000000ec500000, 0x00000000ec500000| Untracked 
| 198|0x00000000ec600000, 0x00000000ec600000, 0x00000000ec700000|  0%| F|  |TAMS 0x00000000ec600000, 0x00000000ec600000| Untracked 
| 199|0x00000000ec700000, 0x00000000ec700000, 0x00000000ec800000|  0%| F|  |TAMS 0x00000000ec700000, 0x00000000ec700000| Untracked 
| 200|0x00000000ec800000, 0x00000000ec800000, 0x00000000ec900000|  0%| F|  |TAMS 0x00000000ec800000, 0x00000000ec800000| Untracked 
| 201|0x00000000ec900000, 0x00000000ec900000, 0x00000000eca00000|  0%| F|  |TAMS 0x00000000ec900000, 0x00000000ec900000| Untracked 
| 202|0x00000000eca00000, 0x00000000eca00000, 0x00000000ecb00000|  0%| F|  |TAMS 0x00000000eca00000, 0x00000000eca00000| Untracked 
| 203|0x00000000ecb00000, 0x00000000ecb00000, 0x00000000ecc00000|  0%| F|  |TAMS 0x00000000ecb00000, 0x00000000ecb00000| Untracked 
| 204|0x00000000ecc00000, 0x00000000ecc00000, 0x00000000ecd00000|  0%| F|  |TAMS 0x00000000ecc00000, 0x00000000ecc00000| Untracked 
| 205|0x00000000ecd00000, 0x00000000ecd00000, 0x00000000ece00000|  0%| F|  |TAMS 0x00000000ecd00000, 0x00000000ecd00000| Untracked 
| 206|0x00000000ece00000, 0x00000000ece00000, 0x00000000ecf00000|  0%| F|  |TAMS 0x00000000ece00000, 0x00000000ece00000| Untracked 
| 207|0x00000000ecf00000, 0x00000000ecf00000, 0x00000000ed000000|  0%| F|  |TAMS 0x00000000ecf00000, 0x00000000ecf00000| Untracked 
| 208|0x00000000ed000000, 0x00000000ed000000, 0x00000000ed100000|  0%| F|  |TAMS 0x00000000ed000000, 0x00000000ed000000| Untracked 
| 209|0x00000000ed100000, 0x00000000ed100000, 0x00000000ed200000|  0%| F|  |TAMS 0x00000000ed100000, 0x00000000ed100000| Untracked 
| 210|0x00000000ed200000, 0x00000000ed200000, 0x00000000ed300000|  0%| F|  |TAMS 0x00000000ed200000, 0x00000000ed200000| Untracked 
| 211|0x00000000ed300000, 0x00000000ed300000, 0x00000000ed400000|  0%| F|  |TAMS 0x00000000ed300000, 0x00000000ed300000| Untracked 
| 212|0x00000000ed400000, 0x00000000ed400000, 0x00000000ed500000|  0%| F|  |TAMS 0x00000000ed400000, 0x00000000ed400000| Untracked 
| 213|0x00000000ed500000, 0x00000000ed500000, 0x00000000ed600000|  0%| F|  |TAMS 0x00000000ed500000, 0x00000000ed500000| Untracked 
| 214|0x00000000ed600000, 0x00000000ed600000, 0x00000000ed700000|  0%| F|  |TAMS 0x00000000ed600000, 0x00000000ed600000| Untracked 
| 215|0x00000000ed700000, 0x00000000ed700000, 0x00000000ed800000|  0%| F|  |TAMS 0x00000000ed700000, 0x00000000ed700000| Untracked 
| 216|0x00000000ed800000, 0x00000000ed800000, 0x00000000ed900000|  0%| F|  |TAMS 0x00000000ed800000, 0x00000000ed800000| Untracked 
| 217|0x00000000ed900000, 0x00000000ed900000, 0x00000000eda00000|  0%| F|  |TAMS 0x00000000ed900000, 0x00000000ed900000| Untracked 
| 218|0x00000000eda00000, 0x00000000eda00000, 0x00000000edb00000|  0%| F|  |TAMS 0x00000000eda00000, 0x00000000eda00000| Untracked 
| 219|0x00000000edb00000, 0x00000000edb00000, 0x00000000edc00000|  0%| F|  |TAMS 0x00000000edb00000, 0x00000000edb00000| Untracked 
| 220|0x00000000edc00000, 0x00000000edc00000, 0x00000000edd00000|  0%| F|  |TAMS 0x00000000edc00000, 0x00000000edc00000| Untracked 
| 221|0x00000000edd00000, 0x00000000edd00000, 0x00000000ede00000|  0%| F|  |TAMS 0x00000000edd00000, 0x00000000edd00000| Untracked 
| 222|0x00000000ede00000, 0x00000000ede00000, 0x00000000edf00000|  0%| F|  |TAMS 0x00000000ede00000, 0x00000000ede00000| Untracked 
| 223|0x00000000edf00000, 0x00000000edf00000, 0x00000000ee000000|  0%| F|  |TAMS 0x00000000edf00000, 0x00000000edf00000| Untracked 
| 224|0x00000000ee000000, 0x00000000ee000000, 0x00000000ee100000|  0%| F|  |TAMS 0x00000000ee000000, 0x00000000ee000000| Untracked 
| 225|0x00000000ee100000, 0x00000000ee100000, 0x00000000ee200000|  0%| F|  |TAMS 0x00000000ee100000, 0x00000000ee100000| Untracked 
| 226|0x00000000ee200000, 0x00000000ee200000, 0x00000000ee300000|  0%| F|  |TAMS 0x00000000ee200000, 0x00000000ee200000| Untracked 
| 227|0x00000000ee300000, 0x00000000ee300000, 0x00000000ee400000|  0%| F|  |TAMS 0x00000000ee300000, 0x00000000ee300000| Untracked 
| 228|0x00000000ee400000, 0x00000000ee400000, 0x00000000ee500000|  0%| F|  |TAMS 0x00000000ee400000, 0x00000000ee400000| Untracked 
| 229|0x00000000ee500000, 0x00000000ee500000, 0x00000000ee600000|  0%| F|  |TAMS 0x00000000ee500000, 0x00000000ee500000| Untracked 
| 230|0x00000000ee600000, 0x00000000ee600000, 0x00000000ee700000|  0%| F|  |TAMS 0x00000000ee600000, 0x00000000ee600000| Untracked 
| 231|0x00000000ee700000, 0x00000000ee700000, 0x00000000ee800000|  0%| F|  |TAMS 0x00000000ee700000, 0x00000000ee700000| Untracked 
| 232|0x00000000ee800000, 0x00000000ee800000, 0x00000000ee900000|  0%| F|  |TAMS 0x00000000ee800000, 0x00000000ee800000| Untracked 
| 233|0x00000000ee900000, 0x00000000ee900000, 0x00000000eea00000|  0%| F|  |TAMS 0x00000000ee900000, 0x00000000ee900000| Untracked 
| 234|0x00000000eea00000, 0x00000000eea00000, 0x00000000eeb00000|  0%| F|  |TAMS 0x00000000eea00000, 0x00000000eea00000| Untracked 
| 235|0x00000000eeb00000, 0x00000000eeb00000, 0x00000000eec00000|  0%| F|  |TAMS 0x00000000eeb00000, 0x00000000eeb00000| Untracked 
| 236|0x00000000eec00000, 0x00000000eec00000, 0x00000000eed00000|  0%| F|  |TAMS 0x00000000eec00000, 0x00000000eec00000| Untracked 
| 237|0x00000000eed00000, 0x00000000eed00000, 0x00000000eee00000|  0%| F|  |TAMS 0x00000000eed00000, 0x00000000eed00000| Untracked 
| 238|0x00000000eee00000, 0x00000000eee00000, 0x00000000eef00000|  0%| F|  |TAMS 0x00000000eee00000, 0x00000000eee00000| Untracked 
| 239|0x00000000eef00000, 0x00000000eef556c0, 0x00000000ef000000| 33%| S|CS|TAMS 0x00000000eef00000, 0x00000000eef00000| Complete 
| 240|0x00000000ef000000, 0x00000000ef100000, 0x00000000ef100000|100%| S|CS|TAMS 0x00000000ef000000, 0x00000000ef000000| Complete 
| 241|0x00000000ef100000, 0x00000000ef100000, 0x00000000ef200000|  0%| F|  |TAMS 0x00000000ef100000, 0x00000000ef100000| Untracked 
| 242|0x00000000ef200000, 0x00000000ef200000, 0x00000000ef300000|  0%| F|  |TAMS 0x00000000ef200000, 0x00000000ef200000| Untracked 
| 243|0x00000000ef300000, 0x00000000ef300000, 0x00000000ef400000|  0%| F|  |TAMS 0x00000000ef300000, 0x00000000ef300000| Untracked 
| 244|0x00000000ef400000, 0x00000000ef400000, 0x00000000ef500000|  0%| F|  |TAMS 0x00000000ef400000, 0x00000000ef400000| Untracked 
| 245|0x00000000ef500000, 0x00000000ef500000, 0x00000000ef600000|  0%| F|  |TAMS 0x00000000ef500000, 0x00000000ef500000| Untracked 
| 246|0x00000000ef600000, 0x00000000ef600000, 0x00000000ef700000|  0%| F|  |TAMS 0x00000000ef600000, 0x00000000ef600000| Untracked 
| 247|0x00000000ef700000, 0x00000000ef700000, 0x00000000ef800000|  0%| F|  |TAMS 0x00000000ef700000, 0x00000000ef700000| Untracked 
| 248|0x00000000ef800000, 0x00000000ef800000, 0x00000000ef900000|  0%| F|  |TAMS 0x00000000ef800000, 0x00000000ef800000| Untracked 
| 249|0x00000000ef900000, 0x00000000ef900000, 0x00000000efa00000|  0%| F|  |TAMS 0x00000000ef900000, 0x00000000ef900000| Untracked 
| 250|0x00000000efa00000, 0x00000000efa00000, 0x00000000efb00000|  0%| F|  |TAMS 0x00000000efa00000, 0x00000000efa00000| Untracked 
| 251|0x00000000efb00000, 0x00000000efb00000, 0x00000000efc00000|  0%| F|  |TAMS 0x00000000efb00000, 0x00000000efb00000| Untracked 
| 252|0x00000000efc00000, 0x00000000efc00000, 0x00000000efd00000|  0%| F|  |TAMS 0x00000000efc00000, 0x00000000efc00000| Untracked 
| 253|0x00000000efd00000, 0x00000000efd00000, 0x00000000efe00000|  0%| F|  |TAMS 0x00000000efd00000, 0x00000000efd00000| Untracked 
| 254|0x00000000efe00000, 0x00000000efe00000, 0x00000000eff00000|  0%| F|  |TAMS 0x00000000efe00000, 0x00000000efe00000| Untracked 
| 255|0x00000000eff00000, 0x00000000eff00000, 0x00000000f0000000|  0%| F|  |TAMS 0x00000000eff00000, 0x00000000eff00000| Untracked 

Card table byte_map: [0x0000018ad5540000,0x0000018ad5640000] _byte_map_base: 0x0000018ad4e40000

Marking Bits (Prev, Next): (CMBitMap*) 0x0000018ad589dc90, (CMBitMap*) 0x0000018ad589dc58
 Prev Bits: [0x0000018aed7c0000, 0x0000018aedfc0000)
 Next Bits: [0x0000018aecfc0000, 0x0000018aed7c0000)

Polling page: 0x0000018ad3820000

Metaspace:

Usage:
  Non-class:     18.97 MB capacity,    18.64 MB ( 98%) used,   294.55 KB (  2%) free+waste,    44.56 KB ( <1%) overhead. 
      Class:      2.74 MB capacity,     2.52 MB ( 92%) used,   203.50 KB (  7%) free+waste,    22.25 KB ( <1%) overhead. 
       Both:     21.71 MB capacity,    21.16 MB ( 97%) used,   498.05 KB (  2%) free+waste,    66.81 KB ( <1%) overhead. 

Virtual space:
  Non-class space:       28.00 MB reserved,      19.00 MB ( 68%) committed 
      Class space:      376.00 MB reserved,       2.75 MB ( <1%) committed 
             Both:      404.00 MB reserved,      21.75 MB (  5%) committed 

Chunk freelists:
   Non-Class:  29.00 KB
       Class:  10.00 KB
        Both:  39.00 KB

MaxMetaspaceSize: 384.00 MB
CompressedClassSpaceSize: 376.00 MB
Initial GC threshold: 20.80 MB
Current GC threshold: 35.12 MB
CDS: off

CodeHeap 'non-profiled nmethods': size=120064Kb used=1150Kb max_used=1150Kb free=118913Kb
 bounds [0x0000018ae5a80000, 0x0000018ae5cf0000, 0x0000018aecfc0000]
CodeHeap 'profiled nmethods': size=120000Kb used=4743Kb max_used=4743Kb free=115256Kb
 bounds [0x0000018ade550000, 0x0000018adea00000, 0x0000018ae5a80000]
CodeHeap 'non-nmethods': size=5696Kb used=1219Kb max_used=1239Kb free=4476Kb
 bounds [0x0000018addfc0000, 0x0000018ade230000, 0x0000018ade550000]
 total_blobs=2668 nmethods=2172 adapters=408
 compilation: enabled
              stopped_count=0, restarted_count=0
 full_count=0

Compilation events (20 events):
Event: 11.424 Thread 0x0000018af0c47800 2166       3       java.lang.invoke.MemberName::<init> (131 bytes)
Event: 11.425 Thread 0x0000018af0c47800 nmethod 2166 0x0000018ade9e8890 code [0x0000018ade9e8be0, 0x0000018ade9e9fd8]
Event: 11.426 Thread 0x0000018af0c47800 2167       1       org.gradle.internal.service.DefaultServiceRegistry::access$1700 (5 bytes)
Event: 11.426 Thread 0x0000018af0c47800 nmethod 2167 0x0000018ae5b9bf90 code [0x0000018ae5b9c140, 0x0000018ae5b9c1d8]
Event: 11.426 Thread 0x0000018af0c47800 2168       3       org.gradle.internal.service.DefaultServiceRegistry$OwnServices::getProviders (26 bytes)
Event: 11.426 Thread 0x0000018af0c47800 nmethod 2168 0x0000018ade9ea590 code [0x0000018ade9ea760, 0x0000018ade9eaac8]
Event: 11.426 Thread 0x0000018af0c47800 2169       3       org.gradle.internal.service.DefaultServiceRegistry$OwnServices::getService (309 bytes)
Event: 11.428 Thread 0x0000018af0c47800 nmethod 2169 0x0000018ade9eac10 code [0x0000018ade9eb180, 0x0000018ade9ee108]
Event: 11.428 Thread 0x0000018af0c47800 2170       3       org.gradle.internal.service.DefaultServiceRegistry$CompositeServiceProvider::getService (49 bytes)
Event: 11.429 Thread 0x0000018af0c47800 nmethod 2170 0x0000018ade9eef90 code [0x0000018ade9ef160, 0x0000018ade9ef468]
Event: 11.441 Thread 0x0000018af0c47800 2171       3       java.lang.invoke.MemberName::hashCode (43 bytes)
Event: 11.441 Thread 0x0000018af0c47800 nmethod 2171 0x0000018ade9ef590 code [0x0000018ade9ef800, 0x0000018ade9f04a8]
Event: 11.441 Thread 0x0000018af0c47800 2172       3       java.lang.Byte::hashCode (8 bytes)
Event: 11.441 Thread 0x0000018af0c47800 nmethod 2172 0x0000018ade9f0810 code [0x0000018ade9f09c0, 0x0000018ade9f0b18]
Event: 11.443 Thread 0x0000018af0c42800 nmethod 2163 0x0000018ae5b9c590 code [0x0000018ae5b9c800, 0x0000018ae5b9ea08]
Event: 11.443 Thread 0x0000018af0c42800 2164       4       java.lang.reflect.ProxyGenerator$ConstantPool::getValue (87 bytes)
Event: 11.447 Thread 0x0000018af0c47800 2174       3       java.lang.Package::<init> (47 bytes)
Event: 11.447 Thread 0x0000018af0c47800 nmethod 2174 0x0000018ade9f0c10 code [0x0000018ade9f0e00, 0x0000018ade9f1248]
Event: 11.448 Thread 0x0000018af0c47800 2176       3       jdk.internal.org.objectweb.asm.AnnotationWriter::put (109 bytes)
Event: 11.449 Thread 0x0000018af0c47800 nmethod 2176 0x0000018ade9f1490 code [0x0000018ade9f16a0, 0x0000018ade9f1ad8]

GC Heap History (11 events):
Event: 1.665 GC heap before
{Heap before GC invocations=0 (full 0):
 garbage-first heap   total 262144K, used 11264K [0x00000000e0000000, 0x0000000100000000)
  region size 1024K, 12 young (12288K), 0 survivors (0K)
 Metaspace       used 6993K, capacity 7138K, committed 7424K, reserved 393216K
  class space    used 605K, capacity 655K, committed 768K, reserved 385024K
}
Event: 1.696 GC heap after
{Heap after GC invocations=1 (full 0):
 garbage-first heap   total 262144K, used 1720K [0x00000000e0000000, 0x0000000100000000)
  region size 1024K, 2 young (2048K), 2 survivors (2048K)
 Metaspace       used 6993K, capacity 7138K, committed 7424K, reserved 393216K
  class space    used 605K, capacity 655K, committed 768K, reserved 385024K
}
Event: 8.992 GC heap before
{Heap before GC invocations=1 (full 0):
 garbage-first heap   total 262144K, used 96952K [0x00000000e0000000, 0x0000000100000000)
  region size 1024K, 90 young (92160K), 2 survivors (2048K)
 Metaspace       used 16691K, capacity 17007K, committed 17152K, reserved 401408K
  class space    used 1837K, capacity 1945K, committed 2048K, reserved 385024K
}
Event: 9.010 GC heap after
{Heap after GC invocations=2 (full 0):
 garbage-first heap   total 262144K, used 17428K [0x00000000e0000000, 0x0000000100000000)
  region size 1024K, 12 young (12288K), 12 survivors (12288K)
 Metaspace       used 16691K, capacity 17007K, committed 17152K, reserved 401408K
  class space    used 1837K, capacity 1945K, committed 2048K, reserved 385024K
}
Event: 9.352 GC heap before
{Heap before GC invocations=2 (full 0):
 garbage-first heap   total 262144K, used 20500K [0x00000000e0000000, 0x0000000100000000)
  region size 1024K, 15 young (15360K), 12 survivors (12288K)
 Metaspace       used 17359K, capacity 17709K, committed 18048K, reserved 401408K
  class space    used 1933K, capacity 2052K, committed 2176K, reserved 385024K
}
Event: 9.365 GC heap after
{Heap after GC invocations=3 (full 0):
 garbage-first heap   total 262144K, used 18376K [0x00000000e0000000, 0x0000000100000000)
  region size 1024K, 1 young (1024K), 1 survivors (1024K)
 Metaspace       used 17359K, capacity 17709K, committed 18048K, reserved 401408K
  class space    used 1933K, capacity 2052K, committed 2176K, reserved 385024K
}
Event: 10.613 GC heap before
{Heap before GC invocations=3 (full 0):
 garbage-first heap   total 262144K, used 32712K [0x00000000e0000000, 0x0000000100000000)
  region size 1024K, 16 young (16384K), 1 survivors (1024K)
 Metaspace       used 19748K, capacity 20176K, committed 20352K, reserved 403456K
  class space    used 2266K, capacity 2428K, committed 2432K, reserved 385024K
}
Event: 10.616 GC heap after
{Heap after GC invocations=4 (full 0):
 garbage-first heap   total 262144K, used 18219K [0x00000000e0000000, 0x0000000100000000)
  region size 1024K, 1 young (1024K), 1 survivors (1024K)
 Metaspace       used 19748K, capacity 20176K, committed 20352K, reserved 403456K
  class space    used 2266K, capacity 2428K, committed 2432K, reserved 385024K
}
Event: 10.857 GC heap before
{Heap before GC invocations=4 (full 0):
 garbage-first heap   total 262144K, used 23339K [0x00000000e0000000, 0x0000000100000000)
  region size 1024K, 7 young (7168K), 1 survivors (1024K)
 Metaspace       used 20549K, capacity 21018K, committed 21248K, reserved 405504K
  class space    used 2388K, capacity 2544K, committed 2560K, reserved 385024K
}
Event: 10.859 GC heap after
{Heap after GC invocations=5 (full 0):
 garbage-first heap   total 262144K, used 18265K [0x00000000e0000000, 0x0000000100000000)
  region size 1024K, 1 young (1024K), 1 survivors (1024K)
 Metaspace       used 20549K, capacity 21018K, committed 21248K, reserved 405504K
  class space    used 2388K, capacity 2544K, committed 2560K, reserved 385024K
}
Event: 11.468 GC heap before
{Heap before GC invocations=6 (full 0):
 garbage-first heap   total 262144K, used 31577K [0x00000000e0000000, 0x0000000100000000)
  region size 1024K, 15 young (15360K), 1 survivors (1024K)
 Metaspace       used 21668K, capacity 22233K, committed 22272K, reserved 411648K
  class space    used 2580K, capacity 2806K, committed 2816K, reserved 385024K
}

Deoptimization events (20 events):
Event: 9.430 Thread 0x0000018af1cca800 Uncommon trap: trap_request=0xffffff4d fr.pc=0x0000018ae5aa2b10 relative=0x00000000000003f0
Event: 9.430 Thread 0x0000018af1cca800 Uncommon trap: reason=unstable_if action=reinterpret pc=0x0000018ae5aa2b10 method=java.util.regex.Matcher.match(II)Z @ 76 c2
Event: 9.430 Thread 0x0000018af1cca800 DEOPT PACKING pc=0x0000018ae5aa2b10 sp=0x0000006611bfdf00
Event: 9.430 Thread 0x0000018af1cca800 DEOPT UNPACKING pc=0x0000018ade00a1af sp=0x0000006611bfded0 mode 2
Event: 9.647 Thread 0x0000018af1d74000 Uncommon trap: trap_request=0xffffffc6 fr.pc=0x0000018ae5b5fda8 relative=0x0000000000000c88
Event: 9.647 Thread 0x0000018af1d74000 Uncommon trap: reason=bimorphic_or_optimized_type_check action=maybe_recompile pc=0x0000018ae5b5fda8 method=java.util.HashMap.putVal(ILjava/lang/Object;Ljava/lang/Object;ZZ)Ljava/lang/Object; @ 253 c2
Event: 9.647 Thread 0x0000018af1d74000 DEOPT PACKING pc=0x0000018ae5b5fda8 sp=0x0000006611dfeec0
Event: 9.647 Thread 0x0000018af1d74000 DEOPT UNPACKING pc=0x0000018ade00a1af sp=0x0000006611dfedf8 mode 2
Event: 9.648 Thread 0x0000018af1d74000 Uncommon trap: trap_request=0xffffffc6 fr.pc=0x0000018ae5b5fda8 relative=0x0000000000000c88
Event: 9.648 Thread 0x0000018af1d74000 Uncommon trap: reason=bimorphic_or_optimized_type_check action=maybe_recompile pc=0x0000018ae5b5fda8 method=java.util.HashMap.putVal(ILjava/lang/Object;Ljava/lang/Object;ZZ)Ljava/lang/Object; @ 253 c2
Event: 9.648 Thread 0x0000018af1d74000 DEOPT PACKING pc=0x0000018ae5b5fda8 sp=0x0000006611dfefb0
Event: 9.648 Thread 0x0000018af1d74000 DEOPT UNPACKING pc=0x0000018ade00a1af sp=0x0000006611dfeee8 mode 2
Event: 9.978 Thread 0x0000018af1d74000 Uncommon trap: trap_request=0xffffff4d fr.pc=0x0000018ae5b7aa88 relative=0x0000000000000308
Event: 9.978 Thread 0x0000018af1d74000 Uncommon trap: reason=unstable_if action=reinterpret pc=0x0000018ae5b7aa88 method=jdk.internal.org.objectweb.asm.Type.getArgumentsAndReturnSizes(Ljava/lang/String;)I @ 47 c2
Event: 9.978 Thread 0x0000018af1d74000 DEOPT PACKING pc=0x0000018ae5b7aa88 sp=0x0000006611dfbb30
Event: 9.978 Thread 0x0000018af1d74000 DEOPT UNPACKING pc=0x0000018ade00a1af sp=0x0000006611dfbab0 mode 2
Event: 10.381 Thread 0x0000018af1d74000 Uncommon trap: trap_request=0xffffff4d fr.pc=0x0000018ae5aec3c0 relative=0x0000000000000280
Event: 10.381 Thread 0x0000018af1d74000 Uncommon trap: reason=unstable_if action=reinterpret pc=0x0000018ae5aec3c0 method=java.util.concurrent.ConcurrentHashMap.get(Ljava/lang/Object;)Ljava/lang/Object; @ 152 c2
Event: 10.381 Thread 0x0000018af1d74000 DEOPT PACKING pc=0x0000018ae5aec3c0 sp=0x0000006611dfa1a0
Event: 10.381 Thread 0x0000018af1d74000 DEOPT UNPACKING pc=0x0000018ade00a1af sp=0x0000006611dfa108 mode 2

Classes redefined (0 events):
No events

Internal exceptions (20 events):
Event: 5.794 Thread 0x0000018ad5877000 Exception <a 'java/security/PrivilegedActionException'{0x00000000ec7c6c18}> (0x00000000ec7c6c18) thrown at [./src/hotspot/share/prims/jvm.cpp, line 1306]
Event: 6.844 Thread 0x0000018ad5877000 Implicit null exception at 0x0000018ae5b33176 to 0x0000018ae5b3325c
Event: 7.092 Thread 0x0000018ad5877000 Exception <a 'java/lang/NoSuchMethodError'{0x00000000eaf6bed8}: 'java.lang.Object java.lang.invoke.DirectMethodHandle$Holder.invokeStaticInit(java.lang.Object, java.lang.Object, java.lang.Object)'> (0x00000000eaf6bed8) thrown at [./src/hotspot/share/interpreter/linkResolver.cpp, line 773]
Event: 7.509 Thread 0x0000018ad5877000 Exception <a 'java/lang/NoSuchMethodError'{0x00000000ea841bb0}: 'java.lang.Object java.lang.invoke.DirectMethodHandle$Holder.invokeStaticInit(java.lang.Object, int, int, int, int)'> (0x00000000ea841bb0) thrown at [./src/hotspot/share/interpreter/linkResolver.cpp, line 773]
Event: 8.044 Thread 0x0000018ad5877000 Exception <a 'java/lang/NoSuchMethodError'{0x00000000ea7307b0}: 'java.lang.Object java.lang.invoke.DirectMethodHandle$Holder.invokeStaticInit(java.lang.Object, java.lang.Object, int, int, int, int)'> (0x00000000ea7307b0) thrown at [./src/hotspot/share/interpreter/linkResolver.cpp, line 773]
Event: 9.065 Thread 0x0000018ad5877000 Exception <a 'java/lang/NoSuchMethodError'{0x00000000effed5e0}: 'void java.lang.invoke.DirectMethodHandle$Holder.invokeSpecial(java.lang.Object, java.lang.Object)'> (0x00000000effed5e0) thrown at [./src/hotspot/share/interpreter/linkResolver.cpp, line 773]
Event: 9.082 Thread 0x0000018ad5877000 Exception <a 'java/io/IOException'{0x00000000efe0a8c8}> (0x00000000efe0a8c8) thrown at [./src/hotspot/share/prims/jni.cpp, line 617]
Event: 9.978 Thread 0x0000018af1d74000 Exception <a 'java/lang/NoSuchMethodError'{0x00000000ef9b1090}: 'long java.lang.invoke.DirectMethodHandle$Holder.invokeInterface(java.lang.Object, java.lang.Object)'> (0x00000000ef9b1090) thrown at [./src/hotspot/share/interpreter/linkResolver.cpp, line 773]
Event: 9.993 Thread 0x0000018af1d74000 Exception <a 'java/lang/NoSuchMethodError'{0x00000000ef80a1a8}: 'java.lang.Object java.lang.invoke.DirectMethodHandle$Holder.invokeVirtual(java.lang.Object, java.lang.Object, java.lang.Object)'> (0x00000000ef80a1a8) thrown at [./src/hotspot/share/interpreter/linkResolver.cpp, line 773]
Event: 10.707 Thread 0x0000018af1d74000 Exception <a 'java/lang/NoSuchMethodError'{0x00000000efde71a8}: 'java.lang.Object java.lang.invoke.Invokers$Holder.linkToTargetMethod(java.lang.Object, java.lang.Object, java.lang.Object, java.lang.Object, java.lang.Object, java.lang.Object)'> (0x00000000efde71a8) thrown at [./src/hotspot/share/interpreter/linkResolver.cpp, line 773]
Event: 10.714 Thread 0x0000018af1d74000 Exception <a 'java/lang/NoSuchMethodError'{0x00000000efc2c638}: 'void java.lang.invoke.DirectMethodHandle$Holder.invokeStaticInit(java.lang.Object, java.lang.Object)'> (0x00000000efc2c638) thrown at [./src/hotspot/share/interpreter/linkResolver.cpp, line 773]
Event: 10.732 Thread 0x0000018af1d74000 Exception <a 'java/lang/NoSuchMethodError'{0x00000000efc75ce8}: 'java.lang.Object java.lang.invoke.DirectMethodHandle$Holder.invokeSpecial(java.lang.Object, java.lang.Object, java.lang.Object, java.lang.Object, java.lang.Object, java.lang.Object, java.lang.Object, java.lang.Object, int, int)'> (0x00000000efc75ce8) thrown at [./src/hotspot/share/interpreter/linkResolver.cpp, line 773]
Event: 10.779 Thread 0x0000018af1d74000 Exception <a 'java/lang/NoSuchMethodError'{0x00000000efb78a00}: 'void java.lang.invoke.DirectMethodHandle$Holder.invokeSpecial(java.lang.Object, java.lang.Object, java.lang.Object, java.lang.Object, java.lang.Object, java.lang.Object)'> (0x00000000efb78a00) thrown at [./src/hotspot/share/interpreter/linkResolver.cpp, line 773]
Event: 10.786 Thread 0x0000018af1d74000 Exception <a 'java/lang/NoSuchMethodError'{0x00000000efbc0e70}: 'java.lang.Object java.lang.invoke.DirectMethodHandle$Holder.invokeStatic(java.lang.Object, java.lang.Object, java.lang.Object, int, java.lang.Object, java.lang.Object)'> (0x00000000efbc0e70) thrown at [./src/hotspot/share/interpreter/linkResolver.cpp, line 773]
Event: 10.786 Thread 0x0000018af1d74000 Exception <a 'java/lang/NoSuchMethodError'{0x00000000efbc82d8}: 'java.lang.Object java.lang.invoke.Invokers$Holder.linkToTargetMethod(java.lang.Object, java.lang.Object, int, java.lang.Object, java.lang.Object, java.lang.Object)'> (0x00000000efbc82d8) thrown at [./src/hotspot/share/interpreter/linkResolver.cpp, line 773]
Event: 11.045 Thread 0x0000018af1d74000 Exception <a 'java/lang/NoSuchMethodError'{0x00000000efd05fd0}: 'void java.lang.invoke.DelegatingMethodHandle$Holder.reinvoke_L(java.lang.Object, java.lang.Object, java.lang.Object, java.lang.Object, java.lang.Object, java.lang.Object, java.lang.Object, java.lang.Object, java.lang.Object, java.lang.Object)'> (0x00000000efd05fd0) thrown at [./src/hotspot/share/interpreter/linkResolver.cpp, line 773]
Event: 11.045 Thread 0x0000018af1d74000 Exception <a 'java/lang/NoSuchMethodError'{0x00000000efd0ded0}: 'java.lang.Object java.lang.invoke.DirectMethodHandle$Holder.invokeSpecial(java.lang.Object, java.lang.Object, java.lang.Object, java.lang.Object, java.lang.Object, java.lang.Object, java.lang.Object, java.lang.Object, java.lang.Object, java.lang.Object)'> (0x00000000efd0ded0) thrown at [./src/hotspot/share/interpreter/linkResolver.cpp, line 773]
Event: 11.046 Thread 0x0000018af1d74000 Exception <a 'java/lang/NoSuchMethodError'{0x00000000efd123a8}: 'java.lang.Object java.lang.invoke.Invokers$Holder.invoker(java.lang.Object, java.lang.Object, java.lang.Object, java.lang.Object, java.lang.Object, java.lang.Object, java.lang.Object, java.lang.Object, java.lang.Object, java.lang.Object)'> (0x00000000efd123a8) thrown at [./src/hotspot/share/interpreter/linkResolver.cpp, line 773]
Event: 11.046 Thread 0x0000018af1d74000 Exception <a 'java/lang/NoSuchMethodError'{0x00000000efd17248}: 'java.lang.Object java.lang.invoke.DirectMethodHandle$Holder.invokeSpecial(java.lang.Object, java.lang.Object, java.lang.Object, java.lang.Object, java.lang.Object, java.lang.Object, java.lang.Object, java.lang.Object, java.lang.Object, java.lang.Object, java.lang.Object)'> (0x00000000efd17248) thrown at [./src/hotspot/share/interpreter/linkResolver.cpp, line 773]
Event: 11.442 Thread 0x0000018af1d74000 Exception <a 'java/lang/NoSuchMethodError'{0x00000000ef2ca660}: 'void java.lang.invoke.DirectMethodHandle$Holder.invokeStaticInit(java.lang.Object)'> (0x00000000ef2ca660) thrown at [./src/hotspot/share/interpreter/linkResolver.cpp, line 773]

Events (20 events):
Event: 11.448 loading class org/gradle/cache/FileLock done
Event: 11.448 loading class org/gradle/cache/internal/DefaultCacheCoordinator
Event: 11.448 loading class org/gradle/cache/internal/DefaultCacheCoordinator done
Event: 11.449 loading class org/gradle/cache/internal/DefaultCacheCoordinator$1
Event: 11.449 loading class org/gradle/cache/internal/DefaultCacheCoordinator$1 done
Event: 11.464 loading class org/gradle/cache/internal/LockOnDemandCrossProcessCacheAccess$UnlockAction
Event: 11.464 loading class org/gradle/cache/internal/LockOnDemandCrossProcessCacheAccess$UnlockAction done
Event: 11.464 loading class org/gradle/cache/internal/LockOnDemandCrossProcessCacheAccess$ContendedAction
Event: 11.464 loading class org/gradle/cache/internal/LockOnDemandCrossProcessCacheAccess$ContendedAction done
Event: 11.465 loading class org/gradle/cache/internal/DefaultCacheCoordinator$UnitOfWorkFileAccess
Event: 11.465 loading class org/gradle/cache/internal/DefaultCacheCoordinator$UnitOfWorkFileAccess done
Event: 11.465 loading class org/gradle/cache/internal/DefaultCacheCoordinator
Event: 11.465 loading class org/gradle/cache/internal/DefaultCacheCoordinator done
Event: 11.465 loading class org/gradle/cache/internal/cacheops/CacheOperationStack
Event: 11.465 loading class org/gradle/cache/internal/cacheops/CacheOperationStack done
Event: 11.466 loading class org/gradle/cache/internal/DefaultCacheFactory$DirCacheReference
Event: 11.466 loading class org/gradle/cache/internal/DefaultCacheFactory$DirCacheReference done
Event: 11.466 loading class org/gradle/cache/internal/DefaultCacheFactory$ReferenceTrackingCache
Event: 11.466 loading class org/gradle/cache/internal/DefaultCacheFactory$ReferenceTrackingCache done
Event: 11.468 Executing VM operation: CollectForMetadataAllocation


Dynamic libraries:
0x00007ff6f9dc0000 - 0x00007ff6f9dcd000 	C:\Program Files\Microsoft\jdk-11.0.16.101-hotspot\bin\java.exe
0x00007ffe8cf10000 - 0x00007ffe8d126000 	C:\WINDOWS\SYSTEM32\ntdll.dll
0x00007ffe8b350000 - 0x00007ffe8b414000 	C:\WINDOWS\System32\KERNEL32.DLL
0x00007ffe8a500000 - 0x00007ffe8a8a7000 	C:\WINDOWS\System32\KERNELBASE.dll
0x00007ffe8a980000 - 0x00007ffe8aa91000 	C:\WINDOWS\System32\ucrtbase.dll
0x00007ffe4ae70000 - 0x00007ffe4ae87000 	C:\Program Files\Microsoft\jdk-11.0.16.101-hotspot\bin\jli.dll
0x00007ffe8c1b0000 - 0x00007ffe8c35e000 	C:\WINDOWS\System32\USER32.dll
0x00007ffe8a8b0000 - 0x00007ffe8a8d6000 	C:\WINDOWS\System32\win32u.dll
0x00007ffe8ad30000 - 0x00007ffe8ad59000 	C:\WINDOWS\System32\GDI32.dll
0x00007ffe8a230000 - 0x00007ffe8a349000 	C:\WINDOWS\System32\gdi32full.dll
0x00007ffe8a8e0000 - 0x00007ffe8a97a000 	C:\WINDOWS\System32\msvcp_win.dll
0x00007ffe4ae50000 - 0x00007ffe4ae65000 	C:\Program Files\Microsoft\jdk-11.0.16.101-hotspot\bin\VCRUNTIME140.dll
0x00007ffe72fd0000 - 0x00007ffe73263000 	C:\WINDOWS\WinSxS\amd64_microsoft.windows.common-controls_6595b64144ccf1df_6.0.22621.3235_none_270f74e173860f98\COMCTL32.dll
0x00007ffe8ad60000 - 0x00007ffe8ae07000 	C:\WINDOWS\System32\msvcrt.dll
0x00007ffe8c5f0000 - 0x00007ffe8c621000 	C:\WINDOWS\System32\IMM32.DLL
0x00007ffe4a890000 - 0x00007ffe4a92b000 	C:\Program Files\Microsoft\jdk-11.0.16.101-hotspot\bin\msvcp140.dll
0x00007ffe0d9f0000 - 0x00007ffe0e57a000 	C:\Program Files\Microsoft\jdk-11.0.16.101-hotspot\bin\server\jvm.dll
0x00007ffe8b290000 - 0x00007ffe8b342000 	C:\WINDOWS\System32\ADVAPI32.dll
0x00007ffe8b1e0000 - 0x00007ffe8b288000 	C:\WINDOWS\System32\sechost.dll
0x00007ffe8aaa0000 - 0x00007ffe8aac8000 	C:\WINDOWS\System32\bcrypt.dll
0x00007ffe8c010000 - 0x00007ffe8c125000 	C:\WINDOWS\System32\RPCRT4.dll
0x00007ffe8c3e0000 - 0x00007ffe8c3e8000 	C:\WINDOWS\System32\PSAPI.DLL
0x00007ffe66c20000 - 0x00007ffe66c29000 	C:\WINDOWS\SYSTEM32\WSOCK32.dll
0x00007ffe8ae10000 - 0x00007ffe8ae81000 	C:\WINDOWS\System32\WS2_32.dll
0x00007ffe81d20000 - 0x00007ffe81d54000 	C:\WINDOWS\SYSTEM32\WINMM.dll
0x00007ffe81d60000 - 0x00007ffe81d6a000 	C:\WINDOWS\SYSTEM32\VERSION.dll
0x00007ffe89240000 - 0x00007ffe89258000 	C:\WINDOWS\SYSTEM32\kernel.appcore.dll
0x00007ffe603f0000 - 0x00007ffe60400000 	C:\Program Files\Microsoft\jdk-11.0.16.101-hotspot\bin\verify.dll
0x00007ffe80070000 - 0x00007ffe802a3000 	C:\WINDOWS\SYSTEM32\DBGHELP.DLL
0x00007ffe8b420000 - 0x00007ffe8b7a8000 	C:\WINDOWS\System32\combase.dll
0x00007ffe8c460000 - 0x00007ffe8c537000 	C:\WINDOWS\System32\OLEAUT32.dll
0x00007ffe6b430000 - 0x00007ffe6b462000 	C:\WINDOWS\SYSTEM32\dbgcore.DLL
0x00007ffe8a480000 - 0x00007ffe8a4f9000 	C:\WINDOWS\System32\bcryptPrimitives.dll
0x00007ffe4a860000 - 0x00007ffe4a888000 	C:\Program Files\Microsoft\jdk-11.0.16.101-hotspot\bin\java.dll
0x00007ffe5fb00000 - 0x00007ffe5fb0a000 	C:\Program Files\Microsoft\jdk-11.0.16.101-hotspot\bin\jimage.dll
0x00007ffe5fac0000 - 0x00007ffe5face000 	C:\Program Files\Microsoft\jdk-11.0.16.101-hotspot\bin\instrument.dll
0x00007ffe4a840000 - 0x00007ffe4a858000 	C:\Program Files\Microsoft\jdk-11.0.16.101-hotspot\bin\zip.dll
0x00007ffe8b7b0000 - 0x00007ffe8c00c000 	C:\WINDOWS\System32\SHELL32.dll
0x00007ffe88140000 - 0x00007ffe88a39000 	C:\WINDOWS\SYSTEM32\windows.storage.dll
0x00007ffe88000000 - 0x00007ffe8813e000 	C:\WINDOWS\SYSTEM32\wintypes.dll
0x00007ffe8cdd0000 - 0x00007ffe8cec3000 	C:\WINDOWS\System32\SHCORE.dll
0x00007ffe8acd0000 - 0x00007ffe8ad2e000 	C:\WINDOWS\System32\shlwapi.dll
0x00007ffe8a160000 - 0x00007ffe8a181000 	C:\WINDOWS\SYSTEM32\profapi.dll
0x00007ffe4a820000 - 0x00007ffe4a839000 	C:\Program Files\Microsoft\jdk-11.0.16.101-hotspot\bin\net.dll
0x00007ffe81ba0000 - 0x00007ffe81cd6000 	C:\WINDOWS\SYSTEM32\WINHTTP.dll
0x00007ffe896c0000 - 0x00007ffe89729000 	C:\WINDOWS\system32\mswsock.dll
0x00007ffe4a800000 - 0x00007ffe4a813000 	C:\Program Files\Microsoft\jdk-11.0.16.101-hotspot\bin\nio.dll
0x00007ffe4ae10000 - 0x00007ffe4ae37000 	C:\Users\Abel Apriliani\.gradle\native\c067742578af261105cb4f569cf0c3c89f3d7b1fecec35dd04571415982c5e48\windows-amd64\native-platform.dll
0x00007ffe42530000 - 0x00007ffe42674000 	C:\Users\Abel Apriliani\.gradle\native\38dada09dfb8b06ba9b0570ebf7e218e3eb74d4ef43ca46872605cf95ebc2f47\windows-amd64\native-platform-file-events.dll
0x00007ffe5e2d0000 - 0x00007ffe5e2d9000 	C:\Program Files\Microsoft\jdk-11.0.16.101-hotspot\bin\management.dll
0x00007ffe4cec0000 - 0x00007ffe4cecb000 	C:\Program Files\Microsoft\jdk-11.0.16.101-hotspot\bin\management_ext.dll
0x00007ffe89940000 - 0x00007ffe8995b000 	C:\WINDOWS\SYSTEM32\CRYPTSP.dll
0x00007ffe891a0000 - 0x00007ffe891d5000 	C:\WINDOWS\system32\rsaenh.dll
0x00007ffe897e0000 - 0x00007ffe89808000 	C:\WINDOWS\SYSTEM32\USERENV.dll
0x00007ffe89960000 - 0x00007ffe8996c000 	C:\WINDOWS\SYSTEM32\CRYPTBASE.dll
0x00007ffe88d30000 - 0x00007ffe88d5d000 	C:\WINDOWS\SYSTEM32\IPHLPAPI.DLL
0x00007ffe8cc10000 - 0x00007ffe8cc19000 	C:\WINDOWS\System32\NSI.dll
0x00007ffe81b80000 - 0x00007ffe81b99000 	C:\WINDOWS\SYSTEM32\dhcpcsvc6.DLL
0x00007ffe81b60000 - 0x00007ffe81b7f000 	C:\WINDOWS\SYSTEM32\dhcpcsvc.DLL
0x00007ffe88d60000 - 0x00007ffe88e59000 	C:\WINDOWS\SYSTEM32\DNSAPI.dll

dbghelp: loaded successfully - version: 4.0.5 - missing functions: none
symbol engine: initialized successfully - sym options: 0x614 - pdb path: .;C:\Program Files\Microsoft\jdk-11.0.16.101-hotspot\bin;C:\WINDOWS\SYSTEM32;C:\WINDOWS\WinSxS\amd64_microsoft.windows.common-controls_6595b64144ccf1df_6.0.22621.3235_none_270f74e173860f98;C:\Program Files\Microsoft\jdk-11.0.16.101-hotspot\bin\server;C:\Users\Abel Apriliani\.gradle\native\c067742578af261105cb4f569cf0c3c89f3d7b1fecec35dd04571415982c5e48\windows-amd64;C:\Users\Abel Apriliani\.gradle\native\38dada09dfb8b06ba9b0570ebf7e218e3eb74d4ef43ca46872605cf95ebc2f47\windows-amd64

VM Arguments:
jvm_args: --add-opens=java.base/java.util=ALL-UNNAMED --add-opens=java.base/java.lang=ALL-UNNAMED --add-opens=java.base/java.lang.invoke=ALL-UNNAMED --add-opens=java.prefs/java.util.prefs=ALL-UNNAMED --add-opens=java.base/java.nio.charset=ALL-UNNAMED --add-opens=java.base/java.net=ALL-UNNAMED --add-opens=java.base/java.util.concurrent.atomic=ALL-UNNAMED -XX:MaxMetaspaceSize=384m -XX:+HeapDumpOnOutOfMemoryError -Xms256m -Xmx512m -Dfile.encoding=utf8 -Duser.country=ID -Duser.language=en -Duser.variant -javaagent:C:\Users\Abel Apriliani\.gradle\wrapper\dists\gradle-8.7-bin\bhs2wmbdwecv87pi65oeuq5iu\gradle-8.7\lib\agents\gradle-instrumentation-agent-8.7.jar 
java_command: org.gradle.launcher.daemon.bootstrap.GradleDaemon 8.7
java_class_path (initial): C:\Users\Abel Apriliani\.gradle\wrapper\dists\gradle-8.7-bin\bhs2wmbdwecv87pi65oeuq5iu\gradle-8.7\lib\gradle-launcher-8.7.jar
Launcher Type: SUN_STANDARD

[Global flags]
     intx CICompilerCount                          = 2                                         {product} {ergonomic}
   size_t CompressedClassSpaceSize                 = 394264576                                 {product} {ergonomic}
     uint ConcGCThreads                            = 1                                         {product} {ergonomic}
     uint G1ConcRefinementThreads                  = 2                                         {product} {ergonomic}
   size_t G1HeapRegionSize                         = 1048576                                   {product} {ergonomic}
    uintx GCDrainStackTargetSize                   = 64                                        {product} {ergonomic}
     bool HeapDumpOnOutOfMemoryError               = true                                   {manageable} {command line}
   size_t InitialHeapSize                          = 268435456                                 {product} {command line}
   size_t MarkStackSize                            = 4194304                                   {product} {ergonomic}
   size_t MaxHeapSize                              = 536870912                                 {product} {command line}
   size_t MaxMetaspaceSize                         = 402653184                                 {product} {command line}
   size_t MaxNewSize                               = 321912832                                 {product} {ergonomic}
   size_t MinHeapDeltaBytes                        = 1048576                                   {product} {ergonomic}
    uintx NonNMethodCodeHeapSize                   = 5825164                                {pd product} {ergonomic}
    uintx NonProfiledCodeHeapSize                  = 122916538                              {pd product} {ergonomic}
    uintx ProfiledCodeHeapSize                     = 122916538                              {pd product} {ergonomic}
    uintx ReservedCodeCacheSize                    = 251658240                              {pd product} {ergonomic}
     bool SegmentedCodeCache                       = true                                      {product} {ergonomic}
     bool UseCompressedClassPointers               = true                                 {lp64_product} {ergonomic}
     bool UseCompressedOops                        = true                                 {lp64_product} {ergonomic}
     bool UseG1GC                                  = true                                      {product} {ergonomic}
     bool UseLargePagesIndividualAllocation        = false                                  {pd product} {ergonomic}

Logging:
Log output configuration:
 #0: stdout all=warning uptime,level,tags
 #1: stderr all=off uptime,level,tags

Environment Variables:
PATH=C:\Program Files\Common Files\Oracle\Java\javapath;C:\Program Files\Microsoft\jdk-11.0.16.101-hotspot\bin;C:\WINDOWS\system32;C:\WINDOWS;C:\WINDOWS\System32\Wbem;C:\WINDOWS\System32\WindowsPowerShell\v1.0\;C:\WINDOWS\System32\OpenSSH\;C:\Program Files\Git\cmd;C:\Users\Abel Apriliani\Downloads\flutter_windows_3.7.5-stable.zip\flutter\bin;C:\Users\Abel Apriliani\Downloads\flutter_windows_3.7.5-stable.zip\flutter\bin;C:\Program Files\MySQL\MySQL Server 8.0\bin;C:\Program Files\MySQL\MySQL Server 8.0\bin;C:\ProgramData\chocolatey\bin;C:\Users\Abel Apriliani\AppData\Local\Programs\Python\Python310\Scripts\;C:\Users\Abel Apriliani\AppData\Local\Programs\Python\Python310\;C:\Users\Abel Apriliani\AppData\Local\Microsoft\WindowsApps;C:\Users\Abel Apriliani\AppData\Local\Programs\Microsoft VS Code\bin;C:\ghcup\bin;C:\Users\Abel Apriliani\Downloads\flutter_windows_3.7.5-stable.zip\flutter\bin;C:\Users\Abel Apriliani\Downloads\flutter_windows_3.7.5-stable.zip\flutter\bin;C:\MinGW\bin;C:\Program Files\MySQL\MySQL Server 8.0\bin;C:\Users\Abel Apriliani\AppData\Local\GitHubDesktop\bin;C:\ProgramData\Abel Apriliani\GitHubDesktop\bin;D:\IntelliJ IDEA 2023.3.2\bin;;D:\IntelliJ IDEA Community Edition 2023.3.2\bin;
USERNAME=Abel Apriliani
OS=Windows_NT
PROCESSOR_IDENTIFIER=AMD64 Family 23 Model 24 Stepping 1, AuthenticAMD
TMP=C:\Users\ABELAP~1\AppData\Local\Temp
TEMP=C:\Users\ABELAP~1\AppData\Local\Temp



---------------  S Y S T E M  ---------------

OS: Windows 11 , 64 bit Build 22621 (10.0.22621.3374)
OS uptime: 0 days 0:45 hours
Hyper-V role detected

CPU:total 2 (initial active 2) (2 cores per cpu, 1 threads per core) family 23 model 24 stepping 1 microcode 0x0, cmov, cx8, fxsr, mmx, sse, sse2, sse3, ssse3, sse4.1, sse4.2, popcnt, avx, avx2, aes, clmul, mmxext, 3dnowpref, lzcnt, sse4a, tsc, tscinvbit, tscinv, bmi1, bmi2, adx, sha, fma

Memory: 4k page, system-wide physical 6094M (353M free)
TotalPageFile size 12098M (AvailPageFile size 3M)
current process WorkingSet (physical memory assigned to process): 207M, peak: 208M
current process commit charge ("private bytes"): 377M, peak: 379M

vm_info: OpenJDK 64-Bit Server VM (11.0.16.1+1-LTS) for windows-amd64 JRE (11.0.16.1+1-LTS), built on Aug 20 2022 20:09:04 by "" with MS VC++ 15.9 (VS2017)

END.
