#
# There is insufficient memory for the Java Runtime Environment to continue.
# Native memory allocation (malloc) failed to allocate 913776 bytes for Chunk::new
# Possible reasons:
#   The system is out of physical RAM or swap space
#   The process is running with CompressedOops enabled, and the Java Heap may be blocking the growth of the native heap
# Possible solutions:
#   Reduce memory load on the system
#   Increase physical memory or swap space
#   Check if swap backing store is full
#   Decrease Java heap size (-Xmx/-Xms)
#   Decrease number of Java threads
#   Decrease Java thread stack sizes (-Xss)
#   Set larger code cache with -XX:ReservedCodeCacheSize=
#   JVM is running with Unscaled Compressed Oops mode in which the Java heap is
#     placed in the first 4GB address space. The Java Heap base address is the
#     maximum limit for the native heap growth. Please use -XX:HeapBaseMinAddress
#     to set the Java Heap base and to place the Java Heap above 4GB virtual address.
# This output file may be truncated or incomplete.
#
#  Out of Memory Error (arena.cpp:191), pid=12876, tid=12604
#
# JRE version: OpenJDK Runtime Environment Temurin-17.0.10+7 (17.0.10+7) (build 17.0.10+7)
# Java VM: OpenJDK 64-Bit Server VM Temurin-17.0.10+7 (17.0.10+7, mixed mode, tiered, compressed oops, compressed class ptrs, parallel gc, windows-amd64)
# No core dump will be written. Minidumps are not enabled by default on client versions of Windows
#

---------------  S U M M A R Y ------------

Command Line: --add-modules=ALL-SYSTEM --add-opens=java.base/java.util=ALL-UNNAMED --add-opens=java.base/java.lang=ALL-UNNAMED --add-opens=java.base/sun.nio.fs=ALL-UNNAMED -Declipse.application=org.eclipse.jdt.ls.core.id1 -Dosgi.bundles.defaultStartLevel=4 -Declipse.product=org.eclipse.jdt.ls.core.product -Djava.import.generatesMetadataFilesAtProjectRoot=false -DDetectVMInstallationsJob.disabled=true -Dfile.encoding=utf8 -XX:+UseParallelGC -XX:GCTimeRatio=4 -XX:AdaptiveSizePolicyWeight=90 -Dsun.zip.disableMemoryMapping=true -Xmx1G -Xms100m -Xlog:disable -javaagent:c:\Users\Abel Apriliani\.vscode\extensions\redhat.java-1.30.0-win32-x64\lombok\lombok-1.18.32.jar -XX:+HeapDumpOnOutOfMemoryError -XX:HeapDumpPath=c:\Users\Abel Apriliani\AppData\Roaming\Code\User\workspaceStorage\c818537a7e6f00fbf71c54d39c6815c5\redhat.java -Daether.dependencyCollector.impl=bf c:\Users\Abel Apriliani\.vscode\extensions\redhat.java-1.30.0-win32-x64\server\plugins\org.eclipse.equinox.launcher_1.6.800.v20240330-1250.jar -configuration c:\Users\Abel Apriliani\AppData\Roaming\Code\User\globalStorage\redhat.java\1.30.0\config_win -data c:\Users\Abel Apriliani\AppData\Roaming\Code\User\workspaceStorage\c818537a7e6f00fbf71c54d39c6815c5\redhat.java\jdt_ws --pipe=\\.\pipe\lsp-1bf4d1e8920a5245c5a0938088141f49-sock

Host: AMD Athlon Silver 3050U with Radeon Graphics   , 2 cores, 5G,  Windows 11 , 64 bit Build 22621 (10.0.22621.3374)
Time: Wed May 15 22:55:51 2024 SE Asia Standard Time elapsed time: 43.909452 seconds (0d 0h 0m 43s)

---------------  T H R E A D  ---------------

Current thread (0x000001cc49004cc0):  JavaThread "C2 CompilerThread0" daemon [_thread_in_native, id=12604, stack(0x0000003731600000,0x0000003731700000)]


Current CompileTask:
C2:  43909 10194       4       org.eclipse.jdt.internal.compiler.parser.Parser::consumeToken (2337 bytes)

Stack: [0x0000003731600000,0x0000003731700000]
Native frames: (J=compiled Java code, j=interpreted, Vv=VM code, C=native code)
V  [jvm.dll+0x67d2c9]
V  [jvm.dll+0x834afa]
V  [jvm.dll+0x8365be]
V  [jvm.dll+0x836c23]
V  [jvm.dll+0x2477ff]
V  [jvm.dll+0xac514]
V  [jvm.dll+0xacb5c]
V  [jvm.dll+0x366782]
V  [jvm.dll+0x330bfa]
V  [jvm.dll+0x33009a]
V  [jvm.dll+0x219ef1]
V  [jvm.dll+0x219311]
V  [jvm.dll+0x1a502d]
V  [jvm.dll+0x2290de]
V  [jvm.dll+0x2272ac]
V  [jvm.dll+0x7e9bb7]
V  [jvm.dll+0x7e3fba]
V  [jvm.dll+0x67c1b5]
C  [ucrtbase.dll+0x29333]
C  [KERNEL32.DLL+0x1257d]
C  [ntdll.dll+0x5aa48]


---------------  P R O C E S S  ---------------

Threads class SMR info:
_java_thread_list=0x000001cc511dd450, length=49, elements={
0x000001cc3327f650, 0x000001cc3332dfd0, 0x000001cc3332eaa0, 0x000001cc48ffe330,
0x000001cc48ffee00, 0x000001cc490037f0, 0x000001cc490040c0, 0x000001cc49004cc0,
0x000001cc49b4af10, 0x000001cc4905d120, 0x000001cc332e0800, 0x000001cc49e085f0,
0x000001cc4e4aefb0, 0x000001cc4e9506d0, 0x000001cc4e44ea20, 0x000001cc4ebbaf50,
0x000001cc4eaa26d0, 0x000001cc4ec150d0, 0x000001cc4ec14bc0, 0x000001cc4ec16a20,
0x000001cc4ec16f30, 0x000001cc4ec155e0, 0x000001cc4ec15af0, 0x000001cc4ec16000,
0x000001cc4ec13c90, 0x000001cc4ec146b0, 0x000001cc4f2a94d0, 0x000001cc4f2a6230,
0x000001cc4f2a6740, 0x000001cc4f2a3ec0, 0x000001cc4f2a2570, 0x000001cc4f2a4df0,
0x000001cc4f2a8090, 0x000001cc4f2a2a80, 0x000001cc4f2a6c50, 0x000001cc4f2a43d0,
0x000001cc4f2a5300, 0x000001cc4f2a5d20, 0x000001cc4f2a99e0, 0x000001cc4f2a2f90,
0x000001cc4f2a48e0, 0x000001cc4f2a34a0, 0x000001cc4f2a7b80, 0x000001cc4ecaba90,
0x000001cc4eca8d00, 0x000001cc4eca9720, 0x000001cc4eca73b0, 0x000001cc4eca6990,
0x000001cc4eca6ea0
}

Java Threads: ( => current thread )
  0x000001cc3327f650 JavaThread "main" [_thread_blocked, id=5720, stack(0x0000003730c00000,0x0000003730d00000)]
  0x000001cc3332dfd0 JavaThread "Reference Handler" daemon [_thread_blocked, id=12548, stack(0x0000003731000000,0x0000003731100000)]
  0x000001cc3332eaa0 JavaThread "Finalizer" daemon [_thread_blocked, id=10664, stack(0x0000003731100000,0x0000003731200000)]
  0x000001cc48ffe330 JavaThread "Signal Dispatcher" daemon [_thread_blocked, id=13880, stack(0x0000003731200000,0x0000003731300000)]
  0x000001cc48ffee00 JavaThread "Attach Listener" daemon [_thread_blocked, id=9416, stack(0x0000003731300000,0x0000003731400000)]
  0x000001cc490037f0 JavaThread "Service Thread" daemon [_thread_blocked, id=13884, stack(0x0000003731400000,0x0000003731500000)]
  0x000001cc490040c0 JavaThread "Monitor Deflation Thread" daemon [_thread_blocked, id=15004, stack(0x0000003731500000,0x0000003731600000)]
=>0x000001cc49004cc0 JavaThread "C2 CompilerThread0" daemon [_thread_in_native, id=12604, stack(0x0000003731600000,0x0000003731700000)]
  0x000001cc49b4af10 JavaThread "C1 CompilerThread0" daemon [_thread_in_native, id=12752, stack(0x0000003731700000,0x0000003731800000)]
  0x000001cc4905d120 JavaThread "Sweeper thread" daemon [_thread_blocked, id=9844, stack(0x0000003731800000,0x0000003731900000)]
  0x000001cc332e0800 JavaThread "Common-Cleaner" daemon [_thread_blocked, id=13452, stack(0x0000003731900000,0x0000003731a00000)]
  0x000001cc49e085f0 JavaThread "Notification Thread" daemon [_thread_blocked, id=12096, stack(0x0000003731a00000,0x0000003731b00000)]
  0x000001cc4e4aefb0 JavaThread "Active Thread: Equinox Container: 098ee3f0-7b67-4662-8f77-13cbc645d21e" [_thread_blocked, id=14616, stack(0x0000003731d00000,0x0000003731e00000)]
  0x000001cc4e9506d0 JavaThread "Framework Event Dispatcher: Equinox Container: 098ee3f0-7b67-4662-8f77-13cbc645d21e" daemon [_thread_blocked, id=15008, stack(0x0000003731e00000,0x0000003731f00000)]
  0x000001cc4e44ea20 JavaThread "Start Level: Equinox Container: 098ee3f0-7b67-4662-8f77-13cbc645d21e" daemon [_thread_blocked, id=8728, stack(0x0000003731f00000,0x0000003732000000)]
  0x000001cc4ebbaf50 JavaThread "Bundle File Closer" daemon [_thread_blocked, id=4276, stack(0x0000003732000000,0x0000003732100000)]
  0x000001cc4eaa26d0 JavaThread "SCR Component Actor" daemon [_thread_blocked, id=8308, stack(0x0000003732100000,0x0000003732200000)]
  0x000001cc4ec150d0 JavaThread "Worker-JM" [_thread_blocked, id=1932, stack(0x0000003732300000,0x0000003732400000)]
  0x000001cc4ec14bc0 JavaThread "Worker-0: Initialize workspace" [_thread_blocked, id=13808, stack(0x0000003732400000,0x0000003732500000)]
  0x000001cc4ec16a20 JavaThread "Worker-1" [_thread_blocked, id=7428, stack(0x0000003732500000,0x0000003732600000)]
  0x000001cc4ec16f30 JavaThread "Worker-2: Updating workspace" [_thread_blocked, id=9188, stack(0x0000003732600000,0x0000003732700000)]
  0x000001cc4ec155e0 JavaThread "Worker-3: Publish Diagnostics" [_thread_blocked, id=10024, stack(0x0000003732700000,0x0000003732800000)]
  0x000001cc4ec15af0 JavaThread "Worker-4" [_thread_blocked, id=2864, stack(0x0000003732800000,0x0000003732900000)]
  0x000001cc4ec16000 JavaThread "Java indexing" daemon [_thread_blocked, id=11488, stack(0x0000003732900000,0x0000003732a00000)]
  0x000001cc4ec13c90 JavaThread "JNA Cleaner" daemon [_thread_blocked, id=1800, stack(0x0000003732200000,0x0000003732300000)]
  0x000001cc4ec146b0 JavaThread "Thread-2" daemon [_thread_in_native, id=14668, stack(0x0000003732a00000,0x0000003732b00000)]
  0x000001cc4f2a94d0 JavaThread "Thread-3" daemon [_thread_in_native, id=11332, stack(0x0000003732b00000,0x0000003732c00000)]
  0x000001cc4f2a6230 JavaThread "Thread-4" daemon [_thread_in_native, id=8920, stack(0x0000003732c00000,0x0000003732d00000)]
  0x000001cc4f2a6740 JavaThread "Worker-5" [_thread_blocked, id=7284, stack(0x0000003732d00000,0x0000003732e00000)]
  0x000001cc4f2a3ec0 JavaThread "pool-2-thread-1" [_thread_blocked, id=9848, stack(0x0000003732e00000,0x0000003732f00000)]
  0x000001cc4f2a2570 JavaThread "WorkspaceEventsHandler" [_thread_blocked, id=6724, stack(0x0000003732f00000,0x0000003733000000)]
  0x000001cc4f2a4df0 JavaThread "pool-1-thread-1" [_thread_blocked, id=3900, stack(0x0000003733000000,0x0000003733100000)]
  0x000001cc4f2a8090 JavaThread "Worker-6: Building" [_thread_in_Java, id=3552, stack(0x0000003733100000,0x0000003733200000)]
  0x000001cc4f2a2a80 JavaThread "Timer-0" [_thread_blocked, id=12592, stack(0x0000003733200000,0x0000003733300000)]
  0x000001cc4f2a6c50 JavaThread "Exec process" [_thread_blocked, id=10012, stack(0x0000003733400000,0x0000003733500000)]
  0x000001cc4f2a43d0 JavaThread "Exec process Thread 2" [_thread_blocked, id=13768, stack(0x0000003733500000,0x0000003733600000)]
  0x000001cc4f2a5300 JavaThread "Exec process Thread 3" [_thread_blocked, id=5108, stack(0x0000003733600000,0x0000003733700000)]
  0x000001cc4f2a5d20 JavaThread "Timer-1" [_thread_blocked, id=9880, stack(0x0000003733300000,0x0000003733400000)]
  0x000001cc4f2a99e0 JavaThread "Worker-7" [_thread_blocked, id=7412, stack(0x0000003734200000,0x0000003734300000)]
  0x000001cc4f2a2f90 JavaThread "Thread-25" [_thread_blocked, id=14420, stack(0x0000003733700000,0x0000003733800000)]
  0x000001cc4f2a48e0 JavaThread "Thread-28" [_thread_blocked, id=11520, stack(0x0000003733b00000,0x0000003733c00000)]
  0x000001cc4f2a34a0 JavaThread "Thread-31" [_thread_blocked, id=11132, stack(0x0000003733e00000,0x0000003733f00000)]
  0x000001cc4f2a7b80 JavaThread "Thread-34" [_thread_blocked, id=9856, stack(0x0000003733f00000,0x0000003734000000)]
  0x000001cc4ecaba90 JavaThread "Thread-37" [_thread_blocked, id=12808, stack(0x0000003734300000,0x0000003734400000)]
  0x000001cc4eca8d00 JavaThread "Thread-44" [_thread_blocked, id=10320, stack(0x0000003734100000,0x0000003734200000)]
  0x000001cc4eca9720 JavaThread "Thread-48" [_thread_blocked, id=15000, stack(0x0000003733c00000,0x0000003733d00000)]
  0x000001cc4eca73b0 JavaThread "ForkJoinPool.commonPool-worker-1" daemon [_thread_blocked, id=10212, stack(0x0000003734000000,0x0000003734100000)]
  0x000001cc4eca6990 JavaThread "Thread-50" [_thread_blocked, id=3976, stack(0x0000003733800000,0x0000003733900000)]
  0x000001cc4eca6ea0 JavaThread "Thread-51" [_thread_blocked, id=240, stack(0x0000003733d00000,0x0000003733e00000)]

Other Threads:
  0x000001cc33328bf0 VMThread "VM Thread" [stack: 0x0000003730f00000,0x0000003731000000] [id=4748]
  0x000001cc49e0ac70 WatcherThread [stack: 0x0000003731b00000,0x0000003731c00000] [id=8132]
  0x000001cc332941d0 GCTaskThread "GC Thread#0" [stack: 0x0000003730e00000,0x0000003730f00000] [id=14600]
  0x000001cc4e729d50 GCTaskThread "GC Thread#1" [stack: 0x0000003731c00000,0x0000003731d00000] [id=8980]

Threads with active compile tasks:
C2 CompilerThread0    43930 10194       4       org.eclipse.jdt.internal.compiler.parser.Parser::consumeToken (2337 bytes)
C1 CompilerThread0    43930 10346  s    3       org.eclipse.jdt.internal.core.JavaModelManager::putInfos (192 bytes)

VM state: not at safepoint (normal execution)

VM Mutex/Monitor currently owned by a thread:  ([mutex/lock_event])
[0x000001cc3327c480] Heap_lock - owner thread: 0x000001cc4eca6ea0

Heap address: 0x00000000c0000000, size: 1024 MB, Compressed Oops mode: 32-bit

CDS archive(s) not mapped
Compressed class space mapped at: 0x0000000100000000-0x0000000140000000, reserved size: 1073741824
Narrow klass base: 0x0000000000000000, Narrow klass shift: 3, Narrow klass range: 0x140000000

GC Precious Log:
 CPUs: 2 total, 2 available
 Memory: 6094M
 Large Page Support: Disabled
 NUMA Support: Disabled
 Compressed Oops: Enabled (32-bit)
 Alignments: Space 512K, Generation 512K, Heap 2M
 Heap Min Capacity: 100M
 Heap Initial Capacity: 100M
 Heap Max Capacity: 1G
 Pre-touch: Disabled
 Parallel Workers: 2

Heap:
 PSYoungGen      total 3584K, used 1329K [0x00000000eab00000, 0x00000000eaf80000, 0x0000000100000000)
  eden space 2560K, 17% used [0x00000000eab00000,0x00000000eab71c70,0x00000000ead80000)
  from space 1024K, 85% used [0x00000000eae80000,0x00000000eaf5a860,0x00000000eaf80000)
  to   space 1024K, 0% used [0x00000000ead80000,0x00000000ead80000,0x00000000eae80000)
 ParOldGen       total 151552K, used 128404K [0x00000000c0000000, 0x00000000c9400000, 0x00000000eab00000)
  object space 151552K, 84% used [0x00000000c0000000,0x00000000c7d653f8,0x00000000c9400000)
 Metaspace       used 76997K, committed 78208K, reserved 1179648K
  class space    used 8626K, committed 9152K, reserved 1048576K

Card table byte_map: [0x000001cc468f0000,0x000001cc46b00000] _byte_map_base: 0x000001cc462f0000

Marking Bits: (ParMarkBitMap*) 0x00007ffe11fad7d0
 Begin Bits: [0x000001cc46c60000, 0x000001cc47c60000)
 End Bits:   [0x000001cc47c60000, 0x000001cc48c60000)

Polling page: 0x000001cc33330000

Metaspace:

Usage:
  Non-class:     66.77 MB used.
      Class:      8.42 MB used.
       Both:     75.19 MB used.

Virtual space:
  Non-class space:      128.00 MB reserved,      67.44 MB ( 53%) committed,  2 nodes.
      Class space:        1.00 GB reserved,       8.94 MB ( <1%) committed,  1 nodes.
             Both:        1.12 GB reserved,      76.38 MB (  7%) committed. 

Chunk freelists:
   Non-Class:  11.62 MB
       Class:  7.01 MB
        Both:  18.63 MB

MaxMetaspaceSize: unlimited
CompressedClassSpaceSize: 1.00 GB
Initial GC threshold: 21.00 MB
Current GC threshold: 127.00 MB
CDS: off
MetaspaceReclaimPolicy: balanced
 - commit_granule_bytes: 65536.
 - commit_granule_words: 8192.
 - virtual_space_node_default_size: 8388608.
 - enlarge_chunks_in_place: 1.
 - new_chunks_are_fully_committed: 0.
 - uncommit_free_chunks: 1.
 - use_allocation_guard: 0.
 - handle_deallocations: 1.


Internal statistics:

num_allocs_failed_limit: 9.
num_arena_births: 794.
num_arena_deaths: 14.
num_vsnodes_births: 3.
num_vsnodes_deaths: 0.
num_space_committed: 1222.
num_space_uncommitted: 0.
num_chunks_returned_to_freelist: 23.
num_chunks_taken_from_freelist: 3909.
num_chunk_merges: 11.
num_chunk_splits: 2462.
num_chunks_enlarged: 1512.
num_inconsistent_stats: 0.

CodeHeap 'non-profiled nmethods': size=120064Kb used=5841Kb max_used=5957Kb free=114222Kb
 bounds [0x000001cc3f1d0000, 0x000001cc3f7c0000, 0x000001cc46710000]
CodeHeap 'profiled nmethods': size=120000Kb used=16829Kb max_used=16829Kb free=103170Kb
 bounds [0x000001cc37710000, 0x000001cc38790000, 0x000001cc3ec40000]
CodeHeap 'non-nmethods': size=5696Kb used=1381Kb max_used=1417Kb free=4314Kb
 bounds [0x000001cc3ec40000, 0x000001cc3eeb0000, 0x000001cc3f1d0000]
 total_blobs=9054 nmethods=8316 adapters=652
 compilation: enabled
              stopped_count=0, restarted_count=0
 full_count=0

Compilation events (20 events):
Event: 43.850 Thread 0x000001cc49b4af10 10320       3       java.lang.invoke.MemberName::asConstructor (58 bytes)
Event: 43.851 Thread 0x000001cc49b4af10 nmethod 10320 0x000001cc3876dd10 code [0x000001cc3876df20, 0x000001cc3876e508]
Event: 43.859 Thread 0x000001cc49b4af10 10321   !   3       org.eclipse.jdt.core.dom.AST::disableEvents (26 bytes)
Event: 43.882 Thread 0x000001cc49b4af10 nmethod 10321 0x000001cc3876e790 code [0x000001cc3876e920, 0x000001cc3876eb18]
Event: 43.882 Thread 0x000001cc49b4af10 10329       3       org.eclipse.jdt.internal.compiler.util.HashtableOfObjectToInt::put (104 bytes)
Event: 43.882 Thread 0x000001cc49b4af10 nmethod 10329 0x000001cc3876ec10 code [0x000001cc3876ee00, 0x000001cc3876f488]
Event: 43.883 Thread 0x000001cc49b4af10 10328       3       org.eclipse.jdt.internal.core.PackageFragmentRoot::equals (58 bytes)
Event: 43.883 Thread 0x000001cc49b4af10 nmethod 10328 0x000001cc3876f790 code [0x000001cc3876fa60, 0x000001cc38770f38]
Event: 43.883 Thread 0x000001cc49b4af10 10322   !   3       org.eclipse.jdt.core.dom.AST::reenableEvents (26 bytes)
Event: 43.883 Thread 0x000001cc49b4af10 nmethod 10322 0x000001cc38771390 code [0x000001cc38771520, 0x000001cc38771718]
Event: 43.883 Thread 0x000001cc49b4af10 10323       1       org.eclipse.jdt.core.dom.AST::getDefaultNodeFlag (5 bytes)
Event: 43.883 Thread 0x000001cc49b4af10 nmethod 10323 0x000001cc3f4f8a90 code [0x000001cc3f4f8c20, 0x000001cc3f4f8cf8]
Event: 43.883 Thread 0x000001cc49b4af10 10325       3       sun.nio.ch.WindowsAsynchronousFileChannelImpl$WriteTask::<init> (38 bytes)
Event: 43.884 Thread 0x000001cc49b4af10 nmethod 10325 0x000001cc38771810 code [0x000001cc387719a0, 0x000001cc38771b58]
Event: 43.884 Thread 0x000001cc49b4af10 10326   !   3       sun.nio.ch.WindowsAsynchronousFileChannelImpl$WriteTask::run (253 bytes)
Event: 43.886 Thread 0x000001cc49b4af10 nmethod 10326 0x000001cc38771c10 code [0x000001cc387720c0, 0x000001cc387745e8]
Event: 43.886 Thread 0x000001cc49b4af10 10324       1       org.eclipse.jdt.core.dom.AST::getBindingResolver (5 bytes)
Event: 43.886 Thread 0x000001cc49b4af10 nmethod 10324 0x000001cc3f5b7e10 code [0x000001cc3f5b7fa0, 0x000001cc3f5b8078]
Event: 43.886 Thread 0x000001cc49b4af10 10327       1       java.nio.HeapByteBuffer::isReadOnly (2 bytes)
Event: 43.886 Thread 0x000001cc49b4af10 nmethod 10327 0x000001cc3f5b7b10 code [0x000001cc3f5b7ca0, 0x000001cc3f5b7d78]

GC Heap History (20 events):
Event: 42.531 GC heap before
{Heap before GC invocations=187 (full 6):
 PSYoungGen      total 3584K, used 3562K [0x00000000eab00000, 0x00000000eb000000, 0x0000000100000000)
  eden space 3072K, 100% used [0x00000000eab00000,0x00000000eae00000,0x00000000eae00000)
  from space 512K, 95% used [0x00000000eaf00000,0x00000000eaf7aa00,0x00000000eaf80000)
  to   space 1024K, 0% used [0x00000000eae00000,0x00000000eae00000,0x00000000eaf00000)
 ParOldGen       total 138240K, used 131527K [0x00000000c0000000, 0x00000000c8700000, 0x00000000eab00000)
  object space 138240K, 95% used [0x00000000c0000000,0x00000000c8071e48,0x00000000c8700000)
 Metaspace       used 75988K, committed 77184K, reserved 1179648K
  class space    used 8555K, committed 9088K, reserved 1048576K
}
Event: 42.534 GC heap after
{Heap after GC invocations=187 (full 6):
 PSYoungGen      total 4096K, used 673K [0x00000000eab00000, 0x00000000eb000000, 0x0000000100000000)
  eden space 3072K, 0% used [0x00000000eab00000,0x00000000eab00000,0x00000000eae00000)
  from space 1024K, 65% used [0x00000000eae00000,0x00000000eaea8568,0x00000000eaf00000)
  to   space 1024K, 0% used [0x00000000eaf00000,0x00000000eaf00000,0x00000000eb000000)
 ParOldGen       total 138240K, used 131861K [0x00000000c0000000, 0x00000000c8700000, 0x00000000eab00000)
  object space 138240K, 95% used [0x00000000c0000000,0x00000000c80c55a0,0x00000000c8700000)
 Metaspace       used 75988K, committed 77184K, reserved 1179648K
  class space    used 8555K, committed 9088K, reserved 1048576K
}
Event: 42.616 GC heap before
{Heap before GC invocations=188 (full 6):
 PSYoungGen      total 4096K, used 3745K [0x00000000eab00000, 0x00000000eb000000, 0x0000000100000000)
  eden space 3072K, 100% used [0x00000000eab00000,0x00000000eae00000,0x00000000eae00000)
  from space 1024K, 65% used [0x00000000eae00000,0x00000000eaea8568,0x00000000eaf00000)
  to   space 1024K, 0% used [0x00000000eaf00000,0x00000000eaf00000,0x00000000eb000000)
 ParOldGen       total 138240K, used 131861K [0x00000000c0000000, 0x00000000c8700000, 0x00000000eab00000)
  object space 138240K, 95% used [0x00000000c0000000,0x00000000c80c55a0,0x00000000c8700000)
 Metaspace       used 76029K, committed 77184K, reserved 1179648K
  class space    used 8562K, committed 9088K, reserved 1048576K
}
Event: 42.624 GC heap after
{Heap after GC invocations=188 (full 6):
 PSYoungGen      total 3584K, used 1008K [0x00000000eab00000, 0x00000000eb100000, 0x0000000100000000)
  eden space 2560K, 0% used [0x00000000eab00000,0x00000000eab00000,0x00000000ead80000)
  from space 1024K, 98% used [0x00000000eaf00000,0x00000000eaffc140,0x00000000eb000000)
  to   space 1536K, 0% used [0x00000000ead80000,0x00000000ead80000,0x00000000eaf00000)
 ParOldGen       total 138240K, used 131997K [0x00000000c0000000, 0x00000000c8700000, 0x00000000eab00000)
  object space 138240K, 95% used [0x00000000c0000000,0x00000000c80e77e0,0x00000000c8700000)
 Metaspace       used 76029K, committed 77184K, reserved 1179648K
  class space    used 8562K, committed 9088K, reserved 1048576K
}
Event: 42.697 GC heap before
{Heap before GC invocations=189 (full 6):
 PSYoungGen      total 3584K, used 3568K [0x00000000eab00000, 0x00000000eb100000, 0x0000000100000000)
  eden space 2560K, 100% used [0x00000000eab00000,0x00000000ead80000,0x00000000ead80000)
  from space 1024K, 98% used [0x00000000eaf00000,0x00000000eaffc140,0x00000000eb000000)
  to   space 1536K, 0% used [0x00000000ead80000,0x00000000ead80000,0x00000000eaf00000)
 ParOldGen       total 138240K, used 131997K [0x00000000c0000000, 0x00000000c8700000, 0x00000000eab00000)
  object space 138240K, 95% used [0x00000000c0000000,0x00000000c80e77e0,0x00000000c8700000)
 Metaspace       used 76032K, committed 77184K, reserved 1179648K
  class space    used 8562K, committed 9088K, reserved 1048576K
}
Event: 42.702 GC heap after
{Heap after GC invocations=189 (full 6):
 PSYoungGen      total 3584K, used 672K [0x00000000eab00000, 0x00000000eaf80000, 0x0000000100000000)
  eden space 2560K, 0% used [0x00000000eab00000,0x00000000eab00000,0x00000000ead80000)
  from space 1024K, 65% used [0x00000000ead80000,0x00000000eae28000,0x00000000eae80000)
  to   space 1024K, 0% used [0x00000000eae80000,0x00000000eae80000,0x00000000eaf80000)
 ParOldGen       total 138240K, used 132974K [0x00000000c0000000, 0x00000000c8700000, 0x00000000eab00000)
  object space 138240K, 96% used [0x00000000c0000000,0x00000000c81dbb00,0x00000000c8700000)
 Metaspace       used 76032K, committed 77184K, reserved 1179648K
  class space    used 8562K, committed 9088K, reserved 1048576K
}
Event: 42.742 GC heap before
{Heap before GC invocations=190 (full 6):
 PSYoungGen      total 3584K, used 3231K [0x00000000eab00000, 0x00000000eaf80000, 0x0000000100000000)
  eden space 2560K, 99% used [0x00000000eab00000,0x00000000ead7ffa8,0x00000000ead80000)
  from space 1024K, 65% used [0x00000000ead80000,0x00000000eae28000,0x00000000eae80000)
  to   space 1024K, 0% used [0x00000000eae80000,0x00000000eae80000,0x00000000eaf80000)
 ParOldGen       total 138240K, used 132974K [0x00000000c0000000, 0x00000000c8700000, 0x00000000eab00000)
  object space 138240K, 96% used [0x00000000c0000000,0x00000000c81dbb00,0x00000000c8700000)
 Metaspace       used 76070K, committed 77248K, reserved 1179648K
  class space    used 8562K, committed 9088K, reserved 1048576K
}
Event: 42.744 GC heap after
{Heap after GC invocations=190 (full 6):
 PSYoungGen      total 3584K, used 626K [0x00000000eab00000, 0x00000000eaf80000, 0x0000000100000000)
  eden space 2560K, 0% used [0x00000000eab00000,0x00000000eab00000,0x00000000ead80000)
  from space 1024K, 61% used [0x00000000eae80000,0x00000000eaf1c868,0x00000000eaf80000)
  to   space 1024K, 0% used [0x00000000ead80000,0x00000000ead80000,0x00000000eae80000)
 ParOldGen       total 138240K, used 133614K [0x00000000c0000000, 0x00000000c8700000, 0x00000000eab00000)
  object space 138240K, 96% used [0x00000000c0000000,0x00000000c827ba78,0x00000000c8700000)
 Metaspace       used 76070K, committed 77248K, reserved 1179648K
  class space    used 8562K, committed 9088K, reserved 1048576K
}
Event: 42.875 GC heap before
{Heap before GC invocations=191 (full 6):
 PSYoungGen      total 3584K, used 3186K [0x00000000eab00000, 0x00000000eaf80000, 0x0000000100000000)
  eden space 2560K, 99% used [0x00000000eab00000,0x00000000ead7ffe0,0x00000000ead80000)
  from space 1024K, 61% used [0x00000000eae80000,0x00000000eaf1c868,0x00000000eaf80000)
  to   space 1024K, 0% used [0x00000000ead80000,0x00000000ead80000,0x00000000eae80000)
 ParOldGen       total 138240K, used 133614K [0x00000000c0000000, 0x00000000c8700000, 0x00000000eab00000)
  object space 138240K, 96% used [0x00000000c0000000,0x00000000c827ba78,0x00000000c8700000)
 Metaspace       used 76243K, committed 77376K, reserved 1179648K
  class space    used 8576K, committed 9088K, reserved 1048576K
}
Event: 42.879 GC heap after
{Heap after GC invocations=191 (full 6):
 PSYoungGen      total 3584K, used 421K [0x00000000eab00000, 0x00000000eaf00000, 0x0000000100000000)
  eden space 2560K, 0% used [0x00000000eab00000,0x00000000eab00000,0x00000000ead80000)
  from space 1024K, 41% used [0x00000000ead80000,0x00000000eade9688,0x00000000eae80000)
  to   space 512K, 0% used [0x00000000eae80000,0x00000000eae80000,0x00000000eaf00000)
 ParOldGen       total 138240K, used 134215K [0x00000000c0000000, 0x00000000c8700000, 0x00000000eab00000)
  object space 138240K, 97% used [0x00000000c0000000,0x00000000c8311fd0,0x00000000c8700000)
 Metaspace       used 76243K, committed 77376K, reserved 1179648K
  class space    used 8576K, committed 9088K, reserved 1048576K
}
Event: 43.007 GC heap before
{Heap before GC invocations=192 (full 6):
 PSYoungGen      total 3584K, used 2981K [0x00000000eab00000, 0x00000000eaf00000, 0x0000000100000000)
  eden space 2560K, 100% used [0x00000000eab00000,0x00000000ead80000,0x00000000ead80000)
  from space 1024K, 41% used [0x00000000ead80000,0x00000000eade9688,0x00000000eae80000)
  to   space 512K, 0% used [0x00000000eae80000,0x00000000eae80000,0x00000000eaf00000)
 ParOldGen       total 138240K, used 134215K [0x00000000c0000000, 0x00000000c8700000, 0x00000000eab00000)
  object space 138240K, 97% used [0x00000000c0000000,0x00000000c8311fd0,0x00000000c8700000)
 Metaspace       used 76406K, committed 77632K, reserved 1179648K
  class space    used 8582K, committed 9088K, reserved 1048576K
}
Event: 43.011 GC heap after
{Heap after GC invocations=192 (full 6):
 PSYoungGen      total 3072K, used 160K [0x00000000eab00000, 0x00000000eaf00000, 0x0000000100000000)
  eden space 2560K, 0% used [0x00000000eab00000,0x00000000eab00000,0x00000000ead80000)
  from space 512K, 31% used [0x00000000eae80000,0x00000000eaea8000,0x00000000eaf00000)
  to   space 512K, 0% used [0x00000000eae00000,0x00000000eae00000,0x00000000eae80000)
 ParOldGen       total 138240K, used 134549K [0x00000000c0000000, 0x00000000c8700000, 0x00000000eab00000)
  object space 138240K, 97% used [0x00000000c0000000,0x00000000c8365678,0x00000000c8700000)
 Metaspace       used 76406K, committed 77632K, reserved 1179648K
  class space    used 8582K, committed 9088K, reserved 1048576K
}
Event: 43.156 GC heap before
{Heap before GC invocations=193 (full 6):
 PSYoungGen      total 3072K, used 2720K [0x00000000eab00000, 0x00000000eaf00000, 0x0000000100000000)
  eden space 2560K, 100% used [0x00000000eab00000,0x00000000ead80000,0x00000000ead80000)
  from space 512K, 31% used [0x00000000eae80000,0x00000000eaea8000,0x00000000eaf00000)
  to   space 512K, 0% used [0x00000000eae00000,0x00000000eae00000,0x00000000eae80000)
 ParOldGen       total 138240K, used 134549K [0x00000000c0000000, 0x00000000c8700000, 0x00000000eab00000)
  object space 138240K, 97% used [0x00000000c0000000,0x00000000c8365678,0x00000000c8700000)
 Metaspace       used 76674K, committed 77952K, reserved 1179648K
  class space    used 8604K, committed 9152K, reserved 1048576K
}
Event: 43.158 GC heap after
{Heap after GC invocations=193 (full 6):
 PSYoungGen      total 3072K, used 512K [0x00000000eab00000, 0x00000000eaf80000, 0x0000000100000000)
  eden space 2560K, 0% used [0x00000000eab00000,0x00000000eab00000,0x00000000ead80000)
  from space 512K, 100% used [0x00000000eae00000,0x00000000eae80000,0x00000000eae80000)
  to   space 1024K, 0% used [0x00000000eae80000,0x00000000eae80000,0x00000000eaf80000)
 ParOldGen       total 138240K, used 134754K [0x00000000c0000000, 0x00000000c8700000, 0x00000000eab00000)
  object space 138240K, 97% used [0x00000000c0000000,0x00000000c8398b08,0x00000000c8700000)
 Metaspace       used 76674K, committed 77952K, reserved 1179648K
  class space    used 8604K, committed 9152K, reserved 1048576K
}
Event: 43.521 GC heap before
{Heap before GC invocations=194 (full 7):
 PSYoungGen      total 3072K, used 3072K [0x00000000eab00000, 0x00000000eaf80000, 0x0000000100000000)
  eden space 2560K, 100% used [0x00000000eab00000,0x00000000ead80000,0x00000000ead80000)
  from space 512K, 100% used [0x00000000eae00000,0x00000000eae80000,0x00000000eae80000)
  to   space 1024K, 0% used [0x00000000eae80000,0x00000000eae80000,0x00000000eaf80000)
 ParOldGen       total 139776K, used 139631K [0x00000000c0000000, 0x00000000c8880000, 0x00000000eab00000)
  object space 139776K, 99% used [0x00000000c0000000,0x00000000c885be70,0x00000000c8880000)
 Metaspace       used 76755K, committed 78016K, reserved 1179648K
  class space    used 8608K, committed 9152K, reserved 1048576K
}
Event: 43.702 GC heap after
{Heap after GC invocations=194 (full 7):
 PSYoungGen      total 3584K, used 0K [0x00000000eab00000, 0x00000000eaf80000, 0x0000000100000000)
  eden space 2560K, 0% used [0x00000000eab00000,0x00000000eab00000,0x00000000ead80000)
  from space 1024K, 0% used [0x00000000eae80000,0x00000000eae80000,0x00000000eaf80000)
  to   space 1024K, 0% used [0x00000000ead80000,0x00000000ead80000,0x00000000eae80000)
 ParOldGen       total 151552K, used 128402K [0x00000000c0000000, 0x00000000c9400000, 0x00000000eab00000)
  object space 151552K, 84% used [0x00000000c0000000,0x00000000c7d64820,0x00000000c9400000)
 Metaspace       used 76755K, committed 78016K, reserved 1179648K
  class space    used 8608K, committed 9152K, reserved 1048576K
}
Event: 43.793 GC heap before
{Heap before GC invocations=195 (full 7):
 PSYoungGen      total 3584K, used 2560K [0x00000000eab00000, 0x00000000eaf80000, 0x0000000100000000)
  eden space 2560K, 100% used [0x00000000eab00000,0x00000000ead80000,0x00000000ead80000)
  from space 1024K, 0% used [0x00000000eae80000,0x00000000eae80000,0x00000000eaf80000)
  to   space 1024K, 0% used [0x00000000ead80000,0x00000000ead80000,0x00000000eae80000)
 ParOldGen       total 151552K, used 128404K [0x00000000c0000000, 0x00000000c9400000, 0x00000000eab00000)
  object space 151552K, 84% used [0x00000000c0000000,0x00000000c7d653f8,0x00000000c9400000)
 Metaspace       used 76883K, committed 78080K, reserved 1179648K
  class space    used 8622K, committed 9152K, reserved 1048576K
}
Event: 43.795 GC heap after
{Heap after GC invocations=195 (full 7):
 PSYoungGen      total 3584K, used 439K [0x00000000eab00000, 0x00000000eaf80000, 0x0000000100000000)
  eden space 2560K, 0% used [0x00000000eab00000,0x00000000eab00000,0x00000000ead80000)
  from space 1024K, 42% used [0x00000000ead80000,0x00000000eadedc50,0x00000000eae80000)
  to   space 1024K, 0% used [0x00000000eae80000,0x00000000eae80000,0x00000000eaf80000)
 ParOldGen       total 151552K, used 128404K [0x00000000c0000000, 0x00000000c9400000, 0x00000000eab00000)
  object space 151552K, 84% used [0x00000000c0000000,0x00000000c7d653f8,0x00000000c9400000)
 Metaspace       used 76883K, committed 78080K, reserved 1179648K
  class space    used 8622K, committed 9152K, reserved 1048576K
}
Event: 43.879 GC heap before
{Heap before GC invocations=196 (full 7):
 PSYoungGen      total 3584K, used 2987K [0x00000000eab00000, 0x00000000eaf80000, 0x0000000100000000)
  eden space 2560K, 99% used [0x00000000eab00000,0x00000000ead7d2c0,0x00000000ead80000)
  from space 1024K, 42% used [0x00000000ead80000,0x00000000eadedc50,0x00000000eae80000)
  to   space 1024K, 0% used [0x00000000eae80000,0x00000000eae80000,0x00000000eaf80000)
 ParOldGen       total 151552K, used 128404K [0x00000000c0000000, 0x00000000c9400000, 0x00000000eab00000)
  object space 151552K, 84% used [0x00000000c0000000,0x00000000c7d653f8,0x00000000c9400000)
 Metaspace       used 76990K, committed 78208K, reserved 1179648K
  class space    used 8626K, committed 9152K, reserved 1048576K
}
Event: 43.882 GC heap after
{Heap after GC invocations=196 (full 7):
 PSYoungGen      total 3584K, used 874K [0x00000000eab00000, 0x00000000eaf80000, 0x0000000100000000)
  eden space 2560K, 0% used [0x00000000eab00000,0x00000000eab00000,0x00000000ead80000)
  from space 1024K, 85% used [0x00000000eae80000,0x00000000eaf5a860,0x00000000eaf80000)
  to   space 1024K, 0% used [0x00000000ead80000,0x00000000ead80000,0x00000000eae80000)
 ParOldGen       total 151552K, used 128404K [0x00000000c0000000, 0x00000000c9400000, 0x00000000eab00000)
  object space 151552K, 84% used [0x00000000c0000000,0x00000000c7d653f8,0x00000000c9400000)
 Metaspace       used 76990K, committed 78208K, reserved 1179648K
  class space    used 8626K, committed 9152K, reserved 1048576K
}

Dll operation events (15 events):
Event: 0.042 Loaded shared library c:\Users\Abel Apriliani\.vscode\extensions\redhat.java-1.30.0-win32-x64\jre\17.0.10-win32-x86_64\bin\java.dll
Event: 0.381 Loaded shared library c:\Users\Abel Apriliani\.vscode\extensions\redhat.java-1.30.0-win32-x64\jre\17.0.10-win32-x86_64\bin\zip.dll
Event: 0.384 Loaded shared library C:\Users\Abel Apriliani\.vscode\extensions\redhat.java-1.30.0-win32-x64\jre\17.0.10-win32-x86_64\bin\instrument.dll
Event: 0.403 Loaded shared library C:\Users\Abel Apriliani\.vscode\extensions\redhat.java-1.30.0-win32-x64\jre\17.0.10-win32-x86_64\bin\net.dll
Event: 0.406 Loaded shared library C:\Users\Abel Apriliani\.vscode\extensions\redhat.java-1.30.0-win32-x64\jre\17.0.10-win32-x86_64\bin\nio.dll
Event: 0.415 Loaded shared library C:\Users\Abel Apriliani\.vscode\extensions\redhat.java-1.30.0-win32-x64\jre\17.0.10-win32-x86_64\bin\zip.dll
Event: 0.444 Loaded shared library C:\Users\Abel Apriliani\.vscode\extensions\redhat.java-1.30.0-win32-x64\jre\17.0.10-win32-x86_64\bin\jimage.dll
Event: 0.571 Loaded shared library c:\Users\Abel Apriliani\.vscode\extensions\redhat.java-1.30.0-win32-x64\jre\17.0.10-win32-x86_64\bin\verify.dll
Event: 3.065 Loaded shared library C:\Users\Abel Apriliani\AppData\Roaming\Code\User\globalStorage\redhat.java\1.30.0\config_win\org.eclipse.equinox.launcher\org.eclipse.equinox.launcher.win32.win32.x86_64_1.2.900.v20240213-1244\eclipse_11900.dll
Event: 11.334 Loaded shared library C:\Users\Abel Apriliani\AppData\Local\Temp\jna-1777510081\jna5420337986751897320.dll
Event: 17.068 Loaded shared library C:\Users\Abel Apriliani\.gradle\native\c067742578af261105cb4f569cf0c3c89f3d7b1fecec35dd04571415982c5e48\windows-amd64\native-platform.dll
Event: 20.662 Loaded shared library C:\Users\Abel Apriliani\.vscode\extensions\redhat.java-1.30.0-win32-x64\jre\17.0.10-win32-x86_64\bin\management.dll
Event: 20.667 Loaded shared library C:\Users\Abel Apriliani\.vscode\extensions\redhat.java-1.30.0-win32-x64\jre\17.0.10-win32-x86_64\bin\management_ext.dll
Event: 22.296 Loaded shared library C:\Users\Abel Apriliani\.vscode\extensions\redhat.java-1.30.0-win32-x64\jre\17.0.10-win32-x86_64\bin\extnet.dll
Event: 22.476 Loaded shared library C:\Users\Abel Apriliani\.vscode\extensions\redhat.java-1.30.0-win32-x64\jre\17.0.10-win32-x86_64\bin\sunmscapi.dll

Deoptimization events (20 events):
Event: 43.116 Thread 0x000001cc4ec155e0 Uncommon trap: trap_request=0xffffff45 fr.pc=0x000001cc3f47cc30 relative=0x00000000000000b0
Event: 43.116 Thread 0x000001cc4ec155e0 Uncommon trap: reason=unstable_if action=reinterpret pc=0x000001cc3f47cc30 method=java.util.Hashtable$Enumerator.nextElement()Ljava/lang/Object; @ 87 c2
Event: 43.116 Thread 0x000001cc4ec155e0 DEOPT PACKING pc=0x000001cc3f47cc30 sp=0x00000037327fed70
Event: 43.116 Thread 0x000001cc4ec155e0 DEOPT UNPACKING pc=0x000001cc3ec966a3 sp=0x00000037327fec90 mode 2
Event: 43.257 Thread 0x000001cc4ec155e0 Uncommon trap: trap_request=0xffffff45 fr.pc=0x000001cc3f44630c relative=0x000000000000008c
Event: 43.257 Thread 0x000001cc4ec155e0 Uncommon trap: reason=unstable_if action=reinterpret pc=0x000001cc3f44630c method=java.util.Hashtable$Enumerator.nextElement()Ljava/lang/Object; @ 87 c2
Event: 43.257 Thread 0x000001cc4ec155e0 DEOPT PACKING pc=0x000001cc3f44630c sp=0x00000037327fed30
Event: 43.257 Thread 0x000001cc4ec155e0 DEOPT UNPACKING pc=0x000001cc3ec966a3 sp=0x00000037327fecb0 mode 2
Event: 43.728 Thread 0x000001cc4eca9720 Uncommon trap: trap_request=0xffffff45 fr.pc=0x000001cc3f4488d4 relative=0x00000000000008b4
Event: 43.728 Thread 0x000001cc4eca9720 Uncommon trap: reason=unstable_if action=reinterpret pc=0x000001cc3f4488d4 method=org.eclipse.jdt.internal.compiler.parser.Scanner.scanIdentifierOrKeyword()I @ 27 c2
Event: 43.728 Thread 0x000001cc4eca9720 DEOPT PACKING pc=0x000001cc3f4488d4 sp=0x0000003733cfe2b0
Event: 43.728 Thread 0x000001cc4eca9720 DEOPT UNPACKING pc=0x000001cc3ec966a3 sp=0x0000003733cfe1b0 mode 2
Event: 43.730 Thread 0x000001cc4eca9720 Uncommon trap: trap_request=0xffffff45 fr.pc=0x000001cc3f265468 relative=0x00000000000001c8
Event: 43.730 Thread 0x000001cc4eca9720 Uncommon trap: reason=unstable_if action=reinterpret pc=0x000001cc3f265468 method=org.eclipse.jdt.internal.compiler.parser.Scanner.scanIdentifierOrKeyword()I @ 27 c2
Event: 43.730 Thread 0x000001cc4eca9720 DEOPT PACKING pc=0x000001cc3f265468 sp=0x0000003733cfe030
Event: 43.730 Thread 0x000001cc4eca9720 DEOPT UNPACKING pc=0x000001cc3ec966a3 sp=0x0000003733cfdfb8 mode 2
Event: 43.799 Thread 0x000001cc4ec155e0 DEOPT PACKING pc=0x000001cc386b4fd7 sp=0x00000037327fdfa0
Event: 43.799 Thread 0x000001cc4ec155e0 DEOPT UNPACKING pc=0x000001cc3ec96e43 sp=0x00000037327fd4a8 mode 3
Event: 43.808 Thread 0x000001cc4ec155e0 DEOPT PACKING pc=0x000001cc37a8ec51 sp=0x00000037327fe280
Event: 43.808 Thread 0x000001cc4ec155e0 DEOPT UNPACKING pc=0x000001cc3ec96e43 sp=0x00000037327fd790 mode 0

Classes unloaded (7 events):
Event: 8.026 Thread 0x000001cc33328bf0 Unloading class 0x0000000100250400 'java/lang/invoke/LambdaForm$MH+0x0000000100250400'
Event: 8.026 Thread 0x000001cc33328bf0 Unloading class 0x0000000100250000 'java/lang/invoke/LambdaForm$MH+0x0000000100250000'
Event: 8.026 Thread 0x000001cc33328bf0 Unloading class 0x000000010024fc00 'java/lang/invoke/LambdaForm$MH+0x000000010024fc00'
Event: 8.026 Thread 0x000001cc33328bf0 Unloading class 0x000000010024f800 'java/lang/invoke/LambdaForm$MH+0x000000010024f800'
Event: 8.026 Thread 0x000001cc33328bf0 Unloading class 0x000000010024f400 'java/lang/invoke/LambdaForm$BMH+0x000000010024f400'
Event: 8.026 Thread 0x000001cc33328bf0 Unloading class 0x000000010024f000 'java/lang/invoke/LambdaForm$DMH+0x000000010024f000'
Event: 8.026 Thread 0x000001cc33328bf0 Unloading class 0x000000010024c400 'java/lang/invoke/LambdaForm$DMH+0x000000010024c400'

Classes redefined (0 events):
No events

Internal exceptions (20 events):
Event: 28.947 Thread 0x000001cc4ec155e0 Exception <a 'java/io/FileNotFoundException'{0x00000000eaf07498}> (0x00000000eaf07498) 
thrown [s\src\hotspot\share\prims\jni.cpp, line 516]
Event: 34.569 Thread 0x000001cc4f2a8090 Exception <a 'java/lang/NoSuchMethodError'{0x00000000eaf5b260}: 'java.lang.Object java.lang.invoke.DirectMethodHandle$Holder.invokeSpecial(java.lang.Object, java.lang.Object, int, long)'> (0x00000000eaf5b260) 
thrown [s\src\hotspot\share\interpreter\linkResolver.cpp, line 759]
Event: 36.196 Thread 0x000001cc4f2a4df0 Exception <a 'sun/nio/fs/WindowsException'{0x00000000eab53258}> (0x00000000eab53258) 
thrown [s\src\hotspot\share\prims\jni.cpp, line 516]
Event: 36.224 Thread 0x000001cc4f2a4df0 Exception <a 'sun/nio/fs/WindowsException'{0x00000000eab65888}> (0x00000000eab65888) 
thrown [s\src\hotspot\share\prims\jni.cpp, line 516]
Event: 36.379 Thread 0x000001cc4f2a8090 Exception <a 'java/lang/NoSuchMethodError'{0x00000000eaeb3b38}: 'java.lang.Object java.lang.invoke.DirectMethodHandle$Holder.newInvokeSpecial(java.lang.Object, java.lang.Object, java.lang.Object, java.lang.Object, java.lang.Object, java.lang.Object)'> (0x00000000eaeb3b38) 
thrown [s\src\hotspot\share\interpreter\linkResolver.cpp, line 759]
Event: 36.385 Thread 0x000001cc4f2a8090 Exception <a 'java/lang/NoSuchMethodError'{0x00000000eaf39030}: 'int java.lang.invoke.DirectMethodHandle$Holder.invokeStatic(java.lang.Object)'> (0x00000000eaf39030) 
thrown [s\src\hotspot\share\interpreter\linkResolver.cpp, line 759]
Event: 38.730 Thread 0x000001cc4f2a8090 Exception <a 'sun/nio/fs/WindowsException'{0x00000000eabb6998}> (0x00000000eabb6998) 
thrown [s\src\hotspot\share\prims\jni.cpp, line 516]
Event: 38.730 Thread 0x000001cc4f2a8090 Exception <a 'sun/nio/fs/WindowsException'{0x00000000eabb75d8}> (0x00000000eabb75d8) 
thrown [s\src\hotspot\share\prims\jni.cpp, line 516]
Event: 39.889 Thread 0x000001cc4ecab580 Exception <a 'java/lang/IncompatibleClassChangeError'{0x00000000eab1fd20}: Found class java.lang.Object, but interface was expected> (0x00000000eab1fd20) 
thrown [s\src\hotspot\share\interpreter\linkResolver.cpp, line 826]
Event: 40.593 Thread 0x000001cc4f2a48e0 Exception <a 'java/lang/NoSuchMethodError'{0x00000000eab1ef88}: 'int java.lang.invoke.DirectMethodHandle$Holder.invokeStatic(java.lang.Object, java.lang.Object, java.lang.Object, int)'> (0x00000000eab1ef88) 
thrown [s\src\hotspot\share\interpreter\linkResolver.cpp, line 759]
Event: 41.078 Thread 0x000001cc4ecab580 Exception <a 'java/lang/NoSuchMethodError'{0x00000000eabf6210}: 'int java.lang.invoke.DirectMethodHandle$Holder.invokeSpecialIFC(java.lang.Object, java.lang.Object, java.lang.Object)'> (0x00000000eabf6210) 
thrown [s\src\hotspot\share\interpreter\linkResolver.cpp, line 759]
Event: 41.080 Thread 0x000001cc4ecab580 Implicit null exception at 0x000001cc3f6e58c7 to 0x000001cc3f6e7238
Event: 41.103 Thread 0x000001cc4ecab580 Implicit null exception at 0x000001cc3f79ac4c to 0x000001cc3f79bcc4
Event: 41.332 Thread 0x000001cc4eca5040 Exception <a 'java/lang/ArrayIndexOutOfBoundsException'{0x00000000eab38ac8}> (0x00000000eab38ac8) 
thrown [s\src\hotspot\share\runtime\sharedRuntime.cpp, line 631]
Event: 42.135 Thread 0x000001cc4f2a48e0 Exception <a 'java/lang/LinkageError'{0x00000000ead86b98}: loader lombok.launch.ShadowClassLoader @73f1cd16 attempted duplicate class definition for lombok.launch.PatchFixesHider$Delegate. (lombok.launch.PatchFixesHider$Delegate is in unnamed module of loader lombok.launch.ShadowClassLoader @73f1cd16, parent loader org.eclipse.osgi.internal.loader.EquinoxClassLoader @399575e2)> (0x00000000ead86b98) 
thrown [s\src\hotspot\share\classfile\systemDictionary.cpp, line 1724]
Event: 42.210 Thread 0x000001cc4f2a8090 Implicit null exception at 0x000001cc3f734e1c to 0x000001cc3f7356e4
Event: 42.813 Thread 0x000001cc4ec155e0 Implicit null exception at 0x000001cc3f4a5239 to 0x000001cc3f4a563c
Event: 43.102 Thread 0x000001cc4f2a48e0 Exception <a 'java/lang/NoSuchMethodError'{0x00000000eac9abe8}: 'int java.lang.invoke.DirectMethodHandle$Holder.invokeStatic(java.lang.Object, int, java.lang.Object)'> (0x00000000eac9abe8) 
thrown [s\src\hotspot\share\interpreter\linkResolver.cpp, line 759]
Event: 43.717 Thread 0x000001cc4eca9720 Exception <a 'java/lang/LinkageError'{0x00000000eab7fbb0}: loader lombok.launch.ShadowClassLoader @181802e8 attempted duplicate class definition for lombok.eclipse.agent.PatchDiagnostics. (lombok.eclipse.agent.PatchDiagnostics is in unnamed module of loader lombok.launch.ShadowClassLoader @181802e8, parent loader org.eclipse.osgi.internal.loader.EquinoxClassLoader @67131a29)> (0x00000000eab7fbb0) 
thrown [s\src\hotspot\share\classfile\systemDictionary.cpp, line 1724]
Event: 43.749 Thread 0x000001cc4f2a48e0 Exception <a 'java/lang/LinkageError'{0x00000000eac08500}: loader lombok.launch.ShadowClassLoader @181802e8 attempted duplicate class definition for lombok.eclipse.EcjAugments. (lombok.eclipse.EcjAugments is in unnamed module of loader lombok.launch.ShadowClassLoader @181802e8, parent loader org.eclipse.osgi.internal.loader.EquinoxClassLoader @67131a29)> (0x00000000eac08500) 
thrown [s\src\hotspot\share\classfile\systemDictionary.cpp, line 1724]

VM Operations (20 events):
Event: 42.719 Executing VM operation: ParallelGCFailedAllocation done
Event: 42.729 Executing VM operation: ParallelGCFailedAllocation
Event: 42.758 Executing VM operation: ParallelGCFailedAllocation done
Event: 42.800 Executing VM operation: HandshakeAllThreads
Event: 42.800 Executing VM operation: HandshakeAllThreads done
Event: 42.875 Executing VM operation: ParallelGCFailedAllocation
Event: 42.879 Executing VM operation: ParallelGCFailedAllocation done
Event: 43.007 Executing VM operation: ParallelGCFailedAllocation
Event: 43.067 Executing VM operation: ParallelGCFailedAllocation done
Event: 43.131 Executing VM operation: ParallelGCFailedAllocation
Event: 43.163 Executing VM operation: ParallelGCFailedAllocation done
Event: 43.177 Executing VM operation: ParallelGCFailedAllocation
Event: 43.186 Executing VM operation: ParallelGCFailedAllocation done
Event: 43.260 Executing VM operation: ParallelGCSystemGC
Event: 43.713 Executing VM operation: ParallelGCSystemGC done
Event: 43.748 Executing VM operation: HandshakeAllThreads
Event: 43.788 Executing VM operation: HandshakeAllThreads done
Event: 43.792 Executing VM operation: ParallelGCFailedAllocation
Event: 43.858 Executing VM operation: ParallelGCFailedAllocation done
Event: 43.872 Executing VM operation: ParallelGCFailedAllocation

Events (20 events):
Event: 41.469 loading class java/util/TreeMap$AscendingSubMap$AscendingEntrySetView done
Event: 41.469 loading class java/util/TreeMap$NavigableSubMap$SubMapEntryIterator
Event: 41.469 loading class java/util/TreeMap$NavigableSubMap$SubMapIterator
Event: 41.469 loading class java/util/TreeMap$NavigableSubMap$SubMapIterator done
Event: 41.469 loading class java/util/TreeMap$NavigableSubMap$SubMapEntryIterator done
Event: 41.729 Thread 0x000001cc4eca9720 Thread added: 0x000001cc4eca9720
Event: 42.102 loading class java/util/concurrent/ForkJoinTask$AdaptedCallable
Event: 42.102 loading class java/util/concurrent/ForkJoinTask$AdaptedCallable done
Event: 42.103 loading class java/util/concurrent/ForkJoinPool$DefaultCommonPoolForkJoinWorkerThreadFactory$1
Event: 42.103 loading class java/util/concurrent/ForkJoinPool$DefaultCommonPoolForkJoinWorkerThreadFactory$1 done
Event: 42.104 Thread 0x000001cc4eca73b0 Thread added: 0x000001cc4eca73b0
Event: 42.104 loading class java/util/concurrent/CountedCompleter
Event: 42.104 loading class java/util/concurrent/CountedCompleter done
Event: 42.324 Thread 0x000001cc4eca6480 Thread added: 0x000001cc4eca6480
Event: 42.494 Thread 0x000001cc4f2a2060 Thread exited: 0x000001cc4f2a2060
Event: 42.681 Thread 0x000001cc4ecab580 Thread exited: 0x000001cc4ecab580
Event: 43.714 Thread 0x000001cc4eca6990 Thread added: 0x000001cc4eca6990
Event: 43.715 Thread 0x000001cc4eca6ea0 Thread added: 0x000001cc4eca6ea0
Event: 43.742 Thread 0x000001cc4eca87f0 Thread exited: 0x000001cc4eca87f0
Event: 43.742 Thread 0x000001cc4eca6480 Thread exited: 0x000001cc4eca6480


Dynamic libraries:
0x00007ff600740000 - 0x00007ff60074e000 	c:\Users\Abel Apriliani\.vscode\extensions\redhat.java-1.30.0-win32-x64\jre\17.0.10-win32-x86_64\bin\java.exe
0x00007ffe8cf10000 - 0x00007ffe8d126000 	C:\WINDOWS\SYSTEM32\ntdll.dll
0x00007ffe8b350000 - 0x00007ffe8b414000 	C:\WINDOWS\System32\KERNEL32.DLL
0x00007ffe8a500000 - 0x00007ffe8a8a7000 	C:\WINDOWS\System32\KERNELBASE.dll
0x00007ffe8a980000 - 0x00007ffe8aa91000 	C:\WINDOWS\System32\ucrtbase.dll
0x00007ffe78b10000 - 0x00007ffe78b27000 	c:\Users\Abel Apriliani\.vscode\extensions\redhat.java-1.30.0-win32-x64\jre\17.0.10-win32-x86_64\bin\jli.dll
0x00007ffe8c1b0000 - 0x00007ffe8c35e000 	C:\WINDOWS\System32\USER32.dll
0x00007ffe8a8b0000 - 0x00007ffe8a8d6000 	C:\WINDOWS\System32\win32u.dll
0x00007ffe8ad30000 - 0x00007ffe8ad59000 	C:\WINDOWS\System32\GDI32.dll
0x00007ffe8a230000 - 0x00007ffe8a349000 	C:\WINDOWS\System32\gdi32full.dll
0x00007ffe8a8e0000 - 0x00007ffe8a97a000 	C:\WINDOWS\System32\msvcp_win.dll
0x00007ffe76530000 - 0x00007ffe7654b000 	c:\Users\Abel Apriliani\.vscode\extensions\redhat.java-1.30.0-win32-x64\jre\17.0.10-win32-x86_64\bin\VCRUNTIME140.dll
0x00007ffe72fd0000 - 0x00007ffe73263000 	C:\WINDOWS\WinSxS\amd64_microsoft.windows.common-controls_6595b64144ccf1df_6.0.22621.3235_none_270f74e173860f98\COMCTL32.dll
0x00007ffe8ad60000 - 0x00007ffe8ae07000 	C:\WINDOWS\System32\msvcrt.dll
0x00007ffe8c5f0000 - 0x00007ffe8c621000 	C:\WINDOWS\System32\IMM32.DLL
0x00007ffe78b00000 - 0x00007ffe78b0c000 	c:\Users\Abel Apriliani\.vscode\extensions\redhat.java-1.30.0-win32-x64\jre\17.0.10-win32-x86_64\bin\vcruntime140_1.dll
0x00007ffe6be40000 - 0x00007ffe6becd000 	c:\Users\Abel Apriliani\.vscode\extensions\redhat.java-1.30.0-win32-x64\jre\17.0.10-win32-x86_64\bin\msvcp140.dll
0x00007ffe11410000 - 0x00007ffe12072000 	c:\Users\Abel Apriliani\.vscode\extensions\redhat.java-1.30.0-win32-x64\jre\17.0.10-win32-x86_64\bin\server\jvm.dll
0x00007ffe8b290000 - 0x00007ffe8b342000 	C:\WINDOWS\System32\ADVAPI32.dll
0x00007ffe8b1e0000 - 0x00007ffe8b288000 	C:\WINDOWS\System32\sechost.dll
0x00007ffe8aaa0000 - 0x00007ffe8aac8000 	C:\WINDOWS\System32\bcrypt.dll
0x00007ffe8c010000 - 0x00007ffe8c125000 	C:\WINDOWS\System32\RPCRT4.dll
0x00007ffe8a100000 - 0x00007ffe8a14d000 	C:\WINDOWS\SYSTEM32\POWRPROF.dll
0x00007ffe66c20000 - 0x00007ffe66c29000 	C:\WINDOWS\SYSTEM32\WSOCK32.dll
0x00007ffe8ae10000 - 0x00007ffe8ae81000 	C:\WINDOWS\System32\WS2_32.dll
0x00007ffe81d20000 - 0x00007ffe81d54000 	C:\WINDOWS\SYSTEM32\WINMM.dll
0x00007ffe81d60000 - 0x00007ffe81d6a000 	C:\WINDOWS\SYSTEM32\VERSION.dll
0x00007ffe8a0e0000 - 0x00007ffe8a0f3000 	C:\WINDOWS\SYSTEM32\UMPDC.dll
0x00007ffe89240000 - 0x00007ffe89258000 	C:\WINDOWS\SYSTEM32\kernel.appcore.dll
0x00007ffe76520000 - 0x00007ffe7652a000 	c:\Users\Abel Apriliani\.vscode\extensions\redhat.java-1.30.0-win32-x64\jre\17.0.10-win32-x86_64\bin\jimage.dll
0x00007ffe80070000 - 0x00007ffe802a3000 	C:\WINDOWS\SYSTEM32\DBGHELP.DLL
0x00007ffe8b420000 - 0x00007ffe8b7a8000 	C:\WINDOWS\System32\combase.dll
0x00007ffe8c460000 - 0x00007ffe8c537000 	C:\WINDOWS\System32\OLEAUT32.dll
0x00007ffe6b430000 - 0x00007ffe6b462000 	C:\WINDOWS\SYSTEM32\dbgcore.DLL
0x00007ffe8a480000 - 0x00007ffe8a4f9000 	C:\WINDOWS\System32\bcryptPrimitives.dll
0x00007ffe756f0000 - 0x00007ffe756fe000 	c:\Users\Abel Apriliani\.vscode\extensions\redhat.java-1.30.0-win32-x64\jre\17.0.10-win32-x86_64\bin\instrument.dll
0x00007ffe71120000 - 0x00007ffe71145000 	c:\Users\Abel Apriliani\.vscode\extensions\redhat.java-1.30.0-win32-x64\jre\17.0.10-win32-x86_64\bin\java.dll
0x00007ffe708e0000 - 0x00007ffe708f8000 	c:\Users\Abel Apriliani\.vscode\extensions\redhat.java-1.30.0-win32-x64\jre\17.0.10-win32-x86_64\bin\zip.dll
0x00007ffe8b7b0000 - 0x00007ffe8c00c000 	C:\WINDOWS\System32\SHELL32.dll
0x00007ffe88140000 - 0x00007ffe88a39000 	C:\WINDOWS\SYSTEM32\windows.storage.dll
0x00007ffe88000000 - 0x00007ffe8813e000 	C:\WINDOWS\SYSTEM32\wintypes.dll
0x00007ffe8cdd0000 - 0x00007ffe8cec3000 	C:\WINDOWS\System32\SHCORE.dll
0x00007ffe8acd0000 - 0x00007ffe8ad2e000 	C:\WINDOWS\System32\shlwapi.dll
0x00007ffe8a160000 - 0x00007ffe8a181000 	C:\WINDOWS\SYSTEM32\profapi.dll
0x00007ffe76590000 - 0x00007ffe765a9000 	C:\Users\Abel Apriliani\.vscode\extensions\redhat.java-1.30.0-win32-x64\jre\17.0.10-win32-x86_64\bin\net.dll
0x00007ffe81ba0000 - 0x00007ffe81cd6000 	C:\WINDOWS\SYSTEM32\WINHTTP.dll
0x00007ffe896c0000 - 0x00007ffe89729000 	C:\WINDOWS\system32\mswsock.dll
0x00007ffe6e490000 - 0x00007ffe6e4a6000 	C:\Users\Abel Apriliani\.vscode\extensions\redhat.java-1.30.0-win32-x64\jre\17.0.10-win32-x86_64\bin\nio.dll
0x00007ffe7fd70000 - 0x00007ffe7fd80000 	c:\Users\Abel Apriliani\.vscode\extensions\redhat.java-1.30.0-win32-x64\jre\17.0.10-win32-x86_64\bin\verify.dll
0x00007ffe65ed0000 - 0x00007ffe65f0e000 	C:\Users\Abel Apriliani\AppData\Roaming\Code\User\globalStorage\redhat.java\1.30.0\config_win\org.eclipse.equinox.launcher\org.eclipse.equinox.launcher.win32.win32.x86_64_1.2.900.v20240213-1244\eclipse_11900.dll
0x00007ffe8cc20000 - 0x00007ffe8cdc5000 	C:\WINDOWS\System32\ole32.dll
0x00007ffe89940000 - 0x00007ffe8995b000 	C:\WINDOWS\SYSTEM32\CRYPTSP.dll
0x00007ffe891a0000 - 0x00007ffe891d5000 	C:\WINDOWS\system32\rsaenh.dll
0x00007ffe897e0000 - 0x00007ffe89808000 	C:\WINDOWS\SYSTEM32\USERENV.dll
0x00007ffe89960000 - 0x00007ffe8996c000 	C:\WINDOWS\SYSTEM32\CRYPTBASE.dll
0x00007ffe88d30000 - 0x00007ffe88d5d000 	C:\WINDOWS\SYSTEM32\IPHLPAPI.DLL
0x00007ffe8cc10000 - 0x00007ffe8cc19000 	C:\WINDOWS\System32\NSI.dll
0x00007ffe81b80000 - 0x00007ffe81b99000 	C:\WINDOWS\SYSTEM32\dhcpcsvc6.DLL
0x00007ffe81b60000 - 0x00007ffe81b7f000 	C:\WINDOWS\SYSTEM32\dhcpcsvc.DLL
0x00007ffe88d60000 - 0x00007ffe88e59000 	C:\WINDOWS\SYSTEM32\DNSAPI.dll
0x00007ffe5e6c0000 - 0x00007ffe5e705000 	C:\Users\Abel Apriliani\AppData\Local\Temp\jna-1777510081\jna5420337986751897320.dll
0x00007ffe8c3e0000 - 0x00007ffe8c3e8000 	C:\WINDOWS\System32\PSAPI.DLL
0x00007ffe61130000 - 0x00007ffe61157000 	C:\Users\Abel Apriliani\.gradle\native\c067742578af261105cb4f569cf0c3c89f3d7b1fecec35dd04571415982c5e48\windows-amd64\native-platform.dll
0x00007ffe76580000 - 0x00007ffe76589000 	C:\Users\Abel Apriliani\.vscode\extensions\redhat.java-1.30.0-win32-x64\jre\17.0.10-win32-x86_64\bin\management.dll
0x00007ffe756e0000 - 0x00007ffe756eb000 	C:\Users\Abel Apriliani\.vscode\extensions\redhat.java-1.30.0-win32-x64\jre\17.0.10-win32-x86_64\bin\management_ext.dll
0x00007ffe71b10000 - 0x00007ffe71b19000 	C:\Users\Abel Apriliani\.vscode\extensions\redhat.java-1.30.0-win32-x64\jre\17.0.10-win32-x86_64\bin\extnet.dll
0x00007ffe710c0000 - 0x00007ffe710ce000 	C:\Users\Abel Apriliani\.vscode\extensions\redhat.java-1.30.0-win32-x64\jre\17.0.10-win32-x86_64\bin\sunmscapi.dll
0x00007ffe8aad0000 - 0x00007ffe8ac37000 	C:\WINDOWS\System32\CRYPT32.dll
0x00007ffe89b00000 - 0x00007ffe89b2e000 	C:\WINDOWS\SYSTEM32\ncrypt.dll
0x00007ffe89ac0000 - 0x00007ffe89af7000 	C:\WINDOWS\SYSTEM32\NTASN1.dll
0x00007ffe66de0000 - 0x00007ffe66de8000 	C:\WINDOWS\system32\wshunix.dll

dbghelp: loaded successfully - version: 4.0.5 - missing functions: none
symbol engine: initialized successfully - sym options: 0x614 - pdb path: .;c:\Users\Abel Apriliani\.vscode\extensions\redhat.java-1.30.0-win32-x64\jre\17.0.10-win32-x86_64\bin;C:\WINDOWS\SYSTEM32;C:\WINDOWS\WinSxS\amd64_microsoft.windows.common-controls_6595b64144ccf1df_6.0.22621.3235_none_270f74e173860f98;c:\Users\Abel Apriliani\.vscode\extensions\redhat.java-1.30.0-win32-x64\jre\17.0.10-win32-x86_64\bin\server;C:\Users\Abel Apriliani\AppData\Roaming\Code\User\globalStorage\redhat.java\1.30.0\config_win\org.eclipse.equinox.launcher\org.eclipse.equinox.launcher.win32.win32.x86_64_1.2.900.v20240213-1244;C:\Users\Abel Apriliani\AppData\Local\Temp\jna-1777510081;C:\Users\Abel Apriliani\.gradle\native\c067742578af261105cb4f569cf0c3c89f3d7b1fecec35dd04571415982c5e48\windows-amd64

VM Arguments:
jvm_args: --add-modules=ALL-SYSTEM --add-opens=java.base/java.util=ALL-UNNAMED --add-opens=java.base/java.lang=ALL-UNNAMED --add-opens=java.base/sun.nio.fs=ALL-UNNAMED -Declipse.application=org.eclipse.jdt.ls.core.id1 -Dosgi.bundles.defaultStartLevel=4 -Declipse.product=org.eclipse.jdt.ls.core.product -Djava.import.generatesMetadataFilesAtProjectRoot=false -DDetectVMInstallationsJob.disabled=true -Dfile.encoding=utf8 -XX:+UseParallelGC -XX:GCTimeRatio=4 -XX:AdaptiveSizePolicyWeight=90 -Dsun.zip.disableMemoryMapping=true -Xmx1G -Xms100m -Xlog:disable -javaagent:c:\Users\Abel Apriliani\.vscode\extensions\redhat.java-1.30.0-win32-x64\lombok\lombok-1.18.32.jar -XX:+HeapDumpOnOutOfMemoryError -XX:HeapDumpPath=c:\Users\Abel Apriliani\AppData\Roaming\Code\User\workspaceStorage\c818537a7e6f00fbf71c54d39c6815c5\redhat.java -Daether.dependencyCollector.impl=bf 
java_command: c:\Users\Abel Apriliani\.vscode\extensions\redhat.java-1.30.0-win32-x64\server\plugins\org.eclipse.equinox.launcher_1.6.800.v20240330-1250.jar -configuration c:\Users\Abel Apriliani\AppData\Roaming\Code\User\globalStorage\redhat.java\1.30.0\config_win -data c:\Users\Abel Apriliani\AppData\Roaming\Code\User\workspaceStorage\c818537a7e6f00fbf71c54d39c6815c5\redhat.java\jdt_ws --pipe=\\.\pipe\lsp-1bf4d1e8920a5245c5a0938088141f49-sock
java_class_path (initial): c:\Users\Abel Apriliani\.vscode\extensions\redhat.java-1.30.0-win32-x64\server\plugins\org.eclipse.equinox.launcher_1.6.800.v20240330-1250.jar
Launcher Type: SUN_STANDARD

[Global flags]
    uintx AdaptiveSizePolicyWeight                 = 90                                        {product} {command line}
     intx CICompilerCount                          = 2                                         {product} {ergonomic}
    uintx GCTimeRatio                              = 4                                         {product} {command line}
     bool HeapDumpOnOutOfMemoryError               = true                                   {manageable} {command line}
    ccstr HeapDumpPath                             = c:\Users\Abel Apriliani\AppData\Roaming\Code\User\workspaceStorage\c818537a7e6f00fbf71c54d39c6815c5\redhat.java         {manageable} {command line}
   size_t InitialHeapSize                          = 104857600                                 {product} {command line}
   size_t MaxHeapSize                              = 1073741824                                {product} {command line}
   size_t MaxNewSize                               = 357564416                                 {product} {ergonomic}
   size_t MinHeapDeltaBytes                        = 524288                                    {product} {ergonomic}
   size_t MinHeapSize                              = 104857600                                 {product} {command line}
   size_t NewSize                                  = 34603008                                  {product} {ergonomic}
    uintx NonNMethodCodeHeapSize                   = 5826188                                {pd product} {ergonomic}
    uintx NonProfiledCodeHeapSize                  = 122916026                              {pd product} {ergonomic}
   size_t OldSize                                  = 70254592                                  {product} {ergonomic}
    uintx ProfiledCodeHeapSize                     = 122916026                              {pd product} {ergonomic}
    uintx ReservedCodeCacheSize                    = 251658240                              {pd product} {ergonomic}
     bool SegmentedCodeCache                       = true                                      {product} {ergonomic}
   size_t SoftMaxHeapSize                          = 1073741824                             {manageable} {ergonomic}
     bool UseCompressedClassPointers               = true                           {product lp64_product} {ergonomic}
     bool UseCompressedOops                        = true                           {product lp64_product} {ergonomic}
     bool UseLargePagesIndividualAllocation        = false                                  {pd product} {ergonomic}
     bool UseParallelGC                            = true                                      {product} {command line}

Logging:
Log output configuration:
 #0: stdout all=off uptime,level,tags
 #1: stderr all=off uptime,level,tags

Environment Variables:
PATH=C:\Program Files\Common Files\Oracle\Java\javapath;C:\Program Files\Microsoft\jdk-11.0.16.101-hotspot\bin;C:\WINDOWS\system32;C:\WINDOWS;C:\WINDOWS\System32\Wbem;C:\WINDOWS\System32\WindowsPowerShell\v1.0\;C:\WINDOWS\System32\OpenSSH\;C:\Program Files\Git\cmd;C:\Users\Abel Apriliani\Downloads\flutter_windows_3.7.5-stable.zip\flutter\bin;C:\Users\Abel Apriliani\Downloads\flutter_windows_3.7.5-stable.zip\flutter\bin;C:\Program Files\MySQL\MySQL Server 8.0\bin;C:\Program Files\MySQL\MySQL Server 8.0\bin;C:\ProgramData\chocolatey\bin;C:\Users\Abel Apriliani\AppData\Local\Programs\Python\Python310\Scripts\;C:\Users\Abel Apriliani\AppData\Local\Programs\Python\Python310\;C:\Users\Abel Apriliani\AppData\Local\Microsoft\WindowsApps;C:\Users\Abel Apriliani\AppData\Local\Programs\Microsoft VS Code\bin;C:\ghcup\bin;C:\Users\Abel Apriliani\Downloads\flutter_windows_3.7.5-stable.zip\flutter\bin;C:\Users\Abel Apriliani\Downloads\flutter_windows_3.7.5-stable.zip\flutter\bin;C:\MinGW\bin;C:\Program Files\MySQL\MySQL Server 8.0\bin;C:\Users\Abel Apriliani\AppData\Local\GitHubDesktop\bin;C:\ProgramData\Abel Apriliani\GitHubDesktop\bin;D:\IntelliJ IDEA 2023.3.2\bin;;D:\IntelliJ IDEA Community Edition 2023.3.2\bin;
USERNAME=Abel Apriliani
OS=Windows_NT
PROCESSOR_IDENTIFIER=AMD64 Family 23 Model 24 Stepping 1, AuthenticAMD
TMP=C:\Users\ABELAP~1\AppData\Local\Temp
TEMP=C:\Users\ABELAP~1\AppData\Local\Temp



Periodic native trim disabled


---------------  S Y S T E M  ---------------

OS:
 Windows 11 , 64 bit Build 22621 (10.0.22621.3374)
OS uptime: 0 days 4:04 hours
Hyper-V role detected

CPU: total 2 (initial active 2) (2 cores per cpu, 1 threads per core) family 23 model 24 stepping 1 microcode 0x0, cx8, cmov, fxsr, mmx, 3dnowpref, sse, sse2, sse3, ssse3, sse4a, sse4.1, sse4.2, popcnt, lzcnt, tsc, tscinvbit, avx, avx2, aes, clmul, bmi1, bmi2, adx, sha, fma, vzeroupper, clflush, clflushopt, hv
Processor Information for all 2 processors :
  Max Mhz: 2300, Current Mhz: 2300, Mhz Limit: 2300

Memory: 4k page, system-wide physical 6094M (532M free)
TotalPageFile size 13055M (AvailPageFile size 5M)
current process WorkingSet (physical memory assigned to process): 386M, peak: 386M
current process commit charge ("private bytes"): 391M, peak: 392M

vm_info: OpenJDK 64-Bit Server VM (17.0.10+7) for windows-amd64 JRE (17.0.10+7), built on Jan 16 2024 23:25:11 by "admin" with MS VC++ 16.10 / 16.11 (VS2019)

END.
