#
# There is insufficient memory for the Java Runtime Environment to continue.
# Native memory allocation (malloc) failed to allocate 142336 bytes for Chunk::new
# Possible reasons:
#   The system is out of physical RAM or swap space
#   The process is running with CompressedOops enabled, and the Java Heap may be blocking the growth of the native heap
# Possible solutions:
#   Reduce memory load on the system
#   Increase physical memory or swap space
#   Check if swap backing store is full
#   Decrease Java heap size (-Xmx/-Xms)
#   Decrease number of Java threads
#   Decrease Java thread stack sizes (-Xss)
#   Set larger code cache with -XX:ReservedCodeCacheSize=
#   JVM is running with Unscaled Compressed Oops mode in which the Java heap is
#     placed in the first 4GB address space. The Java Heap base address is the
#     maximum limit for the native heap growth. Please use -XX:HeapBaseMinAddress
#     to set the Java Heap base and to place the Java Heap above 4GB virtual address.
# This output file may be truncated or incomplete.
#
#  Out of Memory Error (arena.cpp:191), pid=12956, tid=8920
#
# JRE version: OpenJDK Runtime Environment Temurin-17.0.10+7 (17.0.10+7) (build 17.0.10+7)
# Java VM: OpenJDK 64-Bit Server VM Temurin-17.0.10+7 (17.0.10+7, mixed mode, tiered, compressed oops, compressed class ptrs, parallel gc, windows-amd64)
# No core dump will be written. Minidumps are not enabled by default on client versions of Windows
#

---------------  S U M M A R Y ------------

Command Line: --add-modules=ALL-SYSTEM --add-opens=java.base/java.util=ALL-UNNAMED --add-opens=java.base/java.lang=ALL-UNNAMED --add-opens=java.base/sun.nio.fs=ALL-UNNAMED -Declipse.application=org.eclipse.jdt.ls.core.id1 -Dosgi.bundles.defaultStartLevel=4 -Declipse.product=org.eclipse.jdt.ls.core.product -Djava.import.generatesMetadataFilesAtProjectRoot=false -DDetectVMInstallationsJob.disabled=true -Dfile.encoding=utf8 -XX:+UseParallelGC -XX:GCTimeRatio=4 -XX:AdaptiveSizePolicyWeight=90 -Dsun.zip.disableMemoryMapping=true -Xmx1G -Xms100m -Xlog:disable -javaagent:c:\Users\Abel Apriliani\.vscode\extensions\redhat.java-1.30.0-win32-x64\lombok\lombok-1.18.32.jar -XX:+HeapDumpOnOutOfMemoryError -XX:HeapDumpPath=c:\Users\Abel Apriliani\AppData\Roaming\Code\User\workspaceStorage\c818537a7e6f00fbf71c54d39c6815c5\redhat.java -Daether.dependencyCollector.impl=bf c:\Users\Abel Apriliani\.vscode\extensions\redhat.java-1.30.0-win32-x64\server\plugins\org.eclipse.equinox.launcher_1.6.800.v20240330-1250.jar -configuration c:\Users\Abel Apriliani\AppData\Roaming\Code\User\globalStorage\redhat.java\1.30.0\config_win -data c:\Users\Abel Apriliani\AppData\Roaming\Code\User\workspaceStorage\c818537a7e6f00fbf71c54d39c6815c5\redhat.java\jdt_ws --pipe=\\.\pipe\lsp-e3163d1304ea0c1ab559e6ecb59069e3-sock

Host: AMD Athlon Silver 3050U with Radeon Graphics   , 2 cores, 5G,  Windows 11 , 64 bit Build 22621 (10.0.22621.3374)
Time: Wed May 15 19:13:24 2024 SE Asia Standard Time elapsed time: 2.875811 seconds (0d 0h 0m 2s)

---------------  T H R E A D  ---------------

Current thread (0x0000026582199aa0):  JavaThread "C2 CompilerThread0" daemon [_thread_in_native, id=8920, stack(0x000000eec3700000,0x000000eec3800000)]


Current CompileTask:
C2:   2875  510       4       lombok.patcher.PatchScript::classMatches (41 bytes)

Stack: [0x000000eec3700000,0x000000eec3800000]
Native frames: (J=compiled Java code, j=interpreted, Vv=VM code, C=native code)
V  [jvm.dll+0x67d2c9]
V  [jvm.dll+0x834afa]
V  [jvm.dll+0x8365be]
V  [jvm.dll+0x836c23]
V  [jvm.dll+0x2477ff]
V  [jvm.dll+0xac514]
V  [jvm.dll+0xacb5c]
V  [jvm.dll+0x2aed1f]
V  [jvm.dll+0x584b67]
V  [jvm.dll+0x2228a2]
V  [jvm.dll+0x21bb42]
V  [jvm.dll+0x219201]
V  [jvm.dll+0x1a502d]
V  [jvm.dll+0x2290de]
V  [jvm.dll+0x2272ac]
V  [jvm.dll+0x7e9bb7]
V  [jvm.dll+0x7e3fba]
V  [jvm.dll+0x67c1b5]
C  [ucrtbase.dll+0x29333]
C  [KERNEL32.DLL+0x1257d]
C  [ntdll.dll+0x5aa48]


---------------  P R O C E S S  ---------------

Threads class SMR info:
_java_thread_list=0x00000265872b6d20, length=12, elements={
0x00000265ee27f360, 0x000002658216e030, 0x000002658216f2a0, 0x0000026582188750,
0x0000026582193c30, 0x0000026582198520, 0x0000026582198df0, 0x0000026582199aa0,
0x00000265821fc950, 0x0000026587012fb0, 0x00000265ee2e0a10, 0x00000265872a9510
}

Java Threads: ( => current thread )
  0x00000265ee27f360 JavaThread "main" [_thread_in_vm, id=2632, stack(0x000000eec2e00000,0x000000eec2f00000)]
  0x000002658216e030 JavaThread "Reference Handler" daemon [_thread_blocked, id=9612, stack(0x000000eec3100000,0x000000eec3200000)]
  0x000002658216f2a0 JavaThread "Finalizer" daemon [_thread_blocked, id=10216, stack(0x000000eec3200000,0x000000eec3300000)]
  0x0000026582188750 JavaThread "Signal Dispatcher" daemon [_thread_blocked, id=1196, stack(0x000000eec3300000,0x000000eec3400000)]
  0x0000026582193c30 JavaThread "Attach Listener" daemon [_thread_blocked, id=7684, stack(0x000000eec3400000,0x000000eec3500000)]
  0x0000026582198520 JavaThread "Service Thread" daemon [_thread_blocked, id=11668, stack(0x000000eec3500000,0x000000eec3600000)]
  0x0000026582198df0 JavaThread "Monitor Deflation Thread" daemon [_thread_blocked, id=8784, stack(0x000000eec3600000,0x000000eec3700000)]
=>0x0000026582199aa0 JavaThread "C2 CompilerThread0" daemon [_thread_in_native, id=8920, stack(0x000000eec3700000,0x000000eec3800000)]
  0x00000265821fc950 JavaThread "C1 CompilerThread0" daemon [_thread_blocked, id=7364, stack(0x000000eec3800000,0x000000eec3900000)]
  0x0000026587012fb0 JavaThread "Sweeper thread" daemon [_thread_blocked, id=8524, stack(0x000000eec3900000,0x000000eec3a00000)]
  0x00000265ee2e0a10 JavaThread "Common-Cleaner" daemon [_thread_blocked, id=7880, stack(0x000000eec3a00000,0x000000eec3b00000)]
  0x00000265872a9510 JavaThread "Notification Thread" daemon [_thread_blocked, id=13256, stack(0x000000eec3b00000,0x000000eec3c00000)]

Other Threads:
  0x0000026582155af0 VMThread "VM Thread" [stack: 0x000000eec3000000,0x000000eec3100000] [id=6204]
  0x00000265872a99f0 WatcherThread [stack: 0x000000eec3c00000,0x000000eec3d00000] [id=5140]
  0x00000265ee2941c0 GCTaskThread "GC Thread#0" [stack: 0x000000eec2f00000,0x000000eec3000000] [id=10348]

Threads with active compile tasks:
C2 CompilerThread0     2899  510       4       lombok.patcher.PatchScript::classMatches (41 bytes)

VM state: not at safepoint (normal execution)

VM Mutex/Monitor currently owned by a thread:  ([mutex/lock_event])
[0x00000265ee279e40] SymbolArena_lock - owner thread: 0x0000000000000000

Heap address: 0x00000000c0000000, size: 1024 MB, Compressed Oops mode: 32-bit

CDS archive(s) not mapped
Compressed class space mapped at: 0x0000000100000000-0x0000000140000000, reserved size: 1073741824
Narrow klass base: 0x0000000000000000, Narrow klass shift: 3, Narrow klass range: 0x140000000

GC Precious Log:
 CPUs: 2 total, 2 available
 Memory: 6094M
 Large Page Support: Disabled
 NUMA Support: Disabled
 Compressed Oops: Enabled (32-bit)
 Alignments: Space 512K, Generation 512K, Heap 2M
 Heap Min Capacity: 100M
 Heap Initial Capacity: 100M
 Heap Max Capacity: 1G
 Pre-touch: Disabled
 Parallel Workers: 2

Heap:
 PSYoungGen      total 29696K, used 11494K [0x00000000eab00000, 0x00000000ecc00000, 0x0000000100000000)
  eden space 25600K, 44% used [0x00000000eab00000,0x00000000eb639930,0x00000000ec400000)
  from space 4096K, 0% used [0x00000000ec800000,0x00000000ec800000,0x00000000ecc00000)
  to   space 4096K, 0% used [0x00000000ec400000,0x00000000ec400000,0x00000000ec800000)
 ParOldGen       total 68608K, used 0K [0x00000000c0000000, 0x00000000c4300000, 0x00000000eab00000)
  object space 68608K, 0% used [0x00000000c0000000,0x00000000c0000000,0x00000000c4300000)
 Metaspace       used 8019K, committed 8128K, reserved 1114112K
  class space    used 785K, committed 832K, reserved 1048576K

Card table byte_map: [0x00000265edc10000,0x00000265ede20000] _byte_map_base: 0x00000265ed610000

Marking Bits: (ParMarkBitMap*) 0x00007ffe0fbfd7d0
 Begin Bits: [0x0000026580000000, 0x0000026581000000)
 End Bits:   [0x0000026581000000, 0x0000026582000000)

Polling page: 0x00000265ec1e0000

Metaspace:

Usage:
  Non-class:      7.06 MB used.
      Class:    785.15 KB used.
       Both:      7.83 MB used.

Virtual space:
  Non-class space:       64.00 MB reserved,       7.12 MB ( 11%) committed,  1 nodes.
      Class space:        1.00 GB reserved,     832.00 KB ( <1%) committed,  1 nodes.
             Both:        1.06 GB reserved,       7.94 MB ( <1%) committed. 

Chunk freelists:
   Non-Class:  8.00 MB
       Class:  15.21 MB
        Both:  23.21 MB

MaxMetaspaceSize: unlimited
CompressedClassSpaceSize: 1.00 GB
Initial GC threshold: 21.00 MB
Current GC threshold: 21.00 MB
CDS: off
MetaspaceReclaimPolicy: balanced
 - commit_granule_bytes: 65536.
 - commit_granule_words: 8192.
 - virtual_space_node_default_size: 8388608.
 - enlarge_chunks_in_place: 1.
 - new_chunks_are_fully_committed: 0.
 - uncommit_free_chunks: 1.
 - use_allocation_guard: 0.
 - handle_deallocations: 1.


Internal statistics:

num_allocs_failed_limit: 0.
num_arena_births: 10.
num_arena_deaths: 0.
num_vsnodes_births: 2.
num_vsnodes_deaths: 0.
num_space_committed: 127.
num_space_uncommitted: 0.
num_chunks_returned_to_freelist: 0.
num_chunks_taken_from_freelist: 40.
num_chunk_merges: 0.
num_chunk_splits: 23.
num_chunks_enlarged: 22.
num_inconsistent_stats: 0.

CodeHeap 'non-profiled nmethods': size=120064Kb used=191Kb max_used=191Kb free=119872Kb
 bounds [0x00000265f89d0000, 0x00000265f8c40000, 0x00000265fff10000]
CodeHeap 'profiled nmethods': size=120000Kb used=759Kb max_used=759Kb free=119240Kb
 bounds [0x00000265f0f10000, 0x00000265f1180000, 0x00000265f8440000]
CodeHeap 'non-nmethods': size=5696Kb used=1119Kb max_used=1133Kb free=4576Kb
 bounds [0x00000265f8440000, 0x00000265f86b0000, 0x00000265f89d0000]
 total_blobs=936 nmethods=530 adapters=321
 compilation: enabled
              stopped_count=0, restarted_count=0
 full_count=0

Compilation events (20 events):
Event: 2.842 Thread 0x0000026582199aa0 nmethod 501 0x00000265f89fd690 code [0x00000265f89fd820, 0x00000265f89fd938]
Event: 2.842 Thread 0x00000265821fc950 nmethod 504 0x00000265f0fbec10 code [0x00000265f0fbedc0, 0x00000265f0fbf028]
Event: 2.842 Thread 0x0000026582199aa0  505       4       java.lang.Math::min (11 bytes)
Event: 2.842 Thread 0x0000026582199aa0 nmethod 505 0x00000265f89fda10 code [0x00000265f89fdb80, 0x00000265f89fdbd8]
Event: 2.844 Thread 0x0000026582199aa0  506       4       java.util.HashMap$KeyIterator::next (8 bytes)
Event: 2.848 Thread 0x0000026582199aa0 nmethod 506 0x00000265f89fdd10 code [0x00000265f89fdea0, 0x00000265f89fe118]
Event: 2.849 Thread 0x00000265821fc950  507       3       sun.security.util.DerInputStream::available (10 bytes)
Event: 2.849 Thread 0x00000265821fc950 nmethod 507 0x00000265f0fbf190 code [0x00000265f0fbf320, 0x00000265f0fbf438]
Event: 2.853 Thread 0x0000026582199aa0  508       4       java.util.Collections$UnmodifiableCollection::iterator (9 bytes)
Event: 2.857 Thread 0x00000265821fc950  511       3       sun.instrument.InstrumentationImpl::transform (73 bytes)
Event: 2.858 Thread 0x00000265821fc950 nmethod 511 0x00000265f0fbf510 code [0x00000265f0fbf6e0, 0x00000265f0fbfa88]
Event: 2.858 Thread 0x00000265821fc950  512       3       java.lang.instrument.ClassFileTransformer::transform (15 bytes)
Event: 2.858 Thread 0x00000265821fc950 nmethod 512 0x00000265f0fbfc10 code [0x00000265f0fbfdc0, 0x00000265f0fbff48]
Event: 2.863 Thread 0x0000026582199aa0 nmethod 508 0x00000265f89fe590 code [0x00000265f89fe760, 0x00000265f89fed98]
Event: 2.863 Thread 0x0000026582199aa0  510       4       lombok.patcher.PatchScript::classMatches (41 bytes)
Event: 2.866 Thread 0x00000265821fc950  513       3       lombok.eclipse.agent.EclipsePatcher$1::shouldTransform (93 bytes)
Event: 2.866 Thread 0x00000265821fc950 nmethod 513 0x00000265f0fc0090 code [0x00000265f0fc0340, 0x00000265f0fc0fc8]
Event: 2.867 Thread 0x00000265821fc950  514   !   3       java.lang.String::replace (258 bytes)
Event: 2.869 Thread 0x00000265821fc950 nmethod 514 0x00000265f0fc1410 code [0x00000265f0fc18e0, 0x00000265f0fc3c08]
Event: 2.873 Thread 0x00000265821fc950  515       3       java.math.BigInteger::destructiveMulAdd (150 bytes)

GC Heap History (0 events):
No events

Dll operation events (8 events):
Event: 0.344 Loaded shared library c:\Users\Abel Apriliani\.vscode\extensions\redhat.java-1.30.0-win32-x64\jre\17.0.10-win32-x86_64\bin\java.dll
Event: 1.887 Loaded shared library c:\Users\Abel Apriliani\.vscode\extensions\redhat.java-1.30.0-win32-x64\jre\17.0.10-win32-x86_64\bin\zip.dll
Event: 1.965 Loaded shared library C:\Users\Abel Apriliani\.vscode\extensions\redhat.java-1.30.0-win32-x64\jre\17.0.10-win32-x86_64\bin\instrument.dll
Event: 2.028 Loaded shared library C:\Users\Abel Apriliani\.vscode\extensions\redhat.java-1.30.0-win32-x64\jre\17.0.10-win32-x86_64\bin\net.dll
Event: 2.032 Loaded shared library C:\Users\Abel Apriliani\.vscode\extensions\redhat.java-1.30.0-win32-x64\jre\17.0.10-win32-x86_64\bin\nio.dll
Event: 2.061 Loaded shared library C:\Users\Abel Apriliani\.vscode\extensions\redhat.java-1.30.0-win32-x64\jre\17.0.10-win32-x86_64\bin\zip.dll
Event: 2.133 Loaded shared library C:\Users\Abel Apriliani\.vscode\extensions\redhat.java-1.30.0-win32-x64\jre\17.0.10-win32-x86_64\bin\jimage.dll
Event: 2.332 Loaded shared library c:\Users\Abel Apriliani\.vscode\extensions\redhat.java-1.30.0-win32-x64\jre\17.0.10-win32-x86_64\bin\verify.dll

Deoptimization events (20 events):
Event: 2.827 Thread 0x00000265ee27f360 Uncommon trap: trap_request=0xffffffde fr.pc=0x00000265f89fc1a4 relative=0x0000000000000104
Event: 2.827 Thread 0x00000265ee27f360 Uncommon trap: reason=class_check action=maybe_recompile pc=0x00000265f89fc1a4 method=jdk.internal.misc.Unsafe.allocateUninitializedArray(Ljava/lang/Class;I)Ljava/lang/Object; @ 51 c2
Event: 2.827 Thread 0x00000265ee27f360 DEOPT PACKING pc=0x00000265f89fc1a4 sp=0x000000eec2efb900
Event: 2.827 Thread 0x00000265ee27f360 DEOPT UNPACKING pc=0x00000265f84966a3 sp=0x000000eec2efb888 mode 2
Event: 2.827 Thread 0x00000265ee27f360 Uncommon trap: trap_request=0xffffffde fr.pc=0x00000265f89fc1a4 relative=0x0000000000000104
Event: 2.827 Thread 0x00000265ee27f360 Uncommon trap: reason=class_check action=maybe_recompile pc=0x00000265f89fc1a4 method=jdk.internal.misc.Unsafe.allocateUninitializedArray(Ljava/lang/Class;I)Ljava/lang/Object; @ 51 c2
Event: 2.827 Thread 0x00000265ee27f360 DEOPT PACKING pc=0x00000265f89fc1a4 sp=0x000000eec2efb900
Event: 2.827 Thread 0x00000265ee27f360 DEOPT UNPACKING pc=0x00000265f84966a3 sp=0x000000eec2efb888 mode 2
Event: 2.827 Thread 0x00000265ee27f360 Uncommon trap: trap_request=0xffffffde fr.pc=0x00000265f89fc1a4 relative=0x0000000000000104
Event: 2.827 Thread 0x00000265ee27f360 Uncommon trap: reason=class_check action=maybe_recompile pc=0x00000265f89fc1a4 method=jdk.internal.misc.Unsafe.allocateUninitializedArray(Ljava/lang/Class;I)Ljava/lang/Object; @ 51 c2
Event: 2.827 Thread 0x00000265ee27f360 DEOPT PACKING pc=0x00000265f89fc1a4 sp=0x000000eec2efb900
Event: 2.827 Thread 0x00000265ee27f360 DEOPT UNPACKING pc=0x00000265f84966a3 sp=0x000000eec2efb888 mode 2
Event: 2.827 Thread 0x00000265ee27f360 Uncommon trap: trap_request=0xffffffde fr.pc=0x00000265f89fc1a4 relative=0x0000000000000104
Event: 2.827 Thread 0x00000265ee27f360 Uncommon trap: reason=class_check action=maybe_recompile pc=0x00000265f89fc1a4 method=jdk.internal.misc.Unsafe.allocateUninitializedArray(Ljava/lang/Class;I)Ljava/lang/Object; @ 51 c2
Event: 2.827 Thread 0x00000265ee27f360 DEOPT PACKING pc=0x00000265f89fc1a4 sp=0x000000eec2efb940
Event: 2.827 Thread 0x00000265ee27f360 DEOPT UNPACKING pc=0x00000265f84966a3 sp=0x000000eec2efb8c8 mode 2
Event: 2.858 Thread 0x00000265ee27f360 Uncommon trap: trap_request=0xffffff45 fr.pc=0x00000265f89fac24 relative=0x00000000000005a4
Event: 2.858 Thread 0x00000265ee27f360 Uncommon trap: reason=unstable_if action=reinterpret pc=0x00000265f89fac24 method=java.lang.String.replace(Ljava/lang/CharSequence;Ljava/lang/CharSequence;)Ljava/lang/String; @ 48 c2
Event: 2.858 Thread 0x00000265ee27f360 DEOPT PACKING pc=0x00000265f89fac24 sp=0x000000eec2efca40
Event: 2.858 Thread 0x00000265ee27f360 DEOPT UNPACKING pc=0x00000265f84966a3 sp=0x000000eec2efc9b0 mode 2

Classes unloaded (0 events):
No events

Classes redefined (0 events):
No events

Internal exceptions (2 events):
Event: 1.812 Thread 0x00000265ee27f360 Exception <a 'java/lang/NoSuchMethodError'{0x00000000eacb4de8}: 'void java.lang.invoke.DirectMethodHandle$Holder.invokeStatic(java.lang.Object, java.lang.Object, java.lang.Object)'> (0x00000000eacb4de8) 
thrown [s\src\hotspot\share\interpreter\linkResolver.cpp, line 759]
Event: 2.381 Thread 0x00000265ee27f360 Exception <a 'java/lang/reflect/InvocationTargetException'{0x00000000eaff8c00}> (0x00000000eaff8c00) 
thrown [s\src\hotspot\share\runtime\reflection.cpp, line 1121]

VM Operations (6 events):
Event: 1.789 Executing VM operation: Cleanup
Event: 1.804 Executing VM operation: Cleanup done
Event: 1.822 Executing VM operation: HandshakeAllThreads
Event: 1.822 Executing VM operation: HandshakeAllThreads done
Event: 2.188 Executing VM operation: HandshakeAllThreads
Event: 2.188 Executing VM operation: HandshakeAllThreads done

Events (20 events):
Event: 2.857 loading class java/util/TreeMap$KeyIterator
Event: 2.857 loading class java/util/TreeMap$PrivateEntryIterator
Event: 2.857 loading class java/util/TreeMap$PrivateEntryIterator done
Event: 2.857 loading class java/util/TreeMap$KeyIterator done
Event: 2.857 loading class sun/security/util/DisabledAlgorithmConstraints$Constraints
Event: 2.858 loading class sun/security/util/DisabledAlgorithmConstraints$Constraints done
Event: 2.858 loading class sun/security/util/CurveDB
Event: 2.870 loading class sun/security/util/CurveDB done
Event: 2.870 loading class java/security/spec/ECFieldFp
Event: 2.870 loading class java/security/spec/ECField
Event: 2.870 loading class java/security/spec/ECField done
Event: 2.870 loading class java/security/spec/ECFieldFp done
Event: 2.870 loading class java/security/spec/EllipticCurve
Event: 2.870 loading class java/security/spec/EllipticCurve done
Event: 2.871 loading class java/security/spec/ECPoint
Event: 2.871 loading class java/security/spec/ECPoint done
Event: 2.871 loading class sun/security/util/NamedCurve
Event: 2.872 loading class java/security/spec/ECParameterSpec
Event: 2.872 loading class java/security/spec/ECParameterSpec done
Event: 2.872 loading class sun/security/util/NamedCurve done


Dynamic libraries:
0x00007ff62d270000 - 0x00007ff62d27e000 	c:\Users\Abel Apriliani\.vscode\extensions\redhat.java-1.30.0-win32-x64\jre\17.0.10-win32-x86_64\bin\java.exe
0x00007ffe8cf10000 - 0x00007ffe8d126000 	C:\WINDOWS\SYSTEM32\ntdll.dll
0x00007ffe8b350000 - 0x00007ffe8b414000 	C:\WINDOWS\System32\KERNEL32.DLL
0x00007ffe8a500000 - 0x00007ffe8a8a7000 	C:\WINDOWS\System32\KERNELBASE.dll
0x00007ffe8a980000 - 0x00007ffe8aa91000 	C:\WINDOWS\System32\ucrtbase.dll
0x00007ffe720e0000 - 0x00007ffe720f7000 	c:\Users\Abel Apriliani\.vscode\extensions\redhat.java-1.30.0-win32-x64\jre\17.0.10-win32-x86_64\bin\jli.dll
0x00007ffe8c1b0000 - 0x00007ffe8c35e000 	C:\WINDOWS\System32\USER32.dll
0x00007ffe8a8b0000 - 0x00007ffe8a8d6000 	C:\WINDOWS\System32\win32u.dll
0x00007ffe8ad30000 - 0x00007ffe8ad59000 	C:\WINDOWS\System32\GDI32.dll
0x00007ffe8a230000 - 0x00007ffe8a349000 	C:\WINDOWS\System32\gdi32full.dll
0x00007ffe8a8e0000 - 0x00007ffe8a97a000 	C:\WINDOWS\System32\msvcp_win.dll
0x00007ffe71b30000 - 0x00007ffe71b4b000 	c:\Users\Abel Apriliani\.vscode\extensions\redhat.java-1.30.0-win32-x64\jre\17.0.10-win32-x86_64\bin\VCRUNTIME140.dll
0x00007ffe72fd0000 - 0x00007ffe73263000 	C:\WINDOWS\WinSxS\amd64_microsoft.windows.common-controls_6595b64144ccf1df_6.0.22621.3235_none_270f74e173860f98\COMCTL32.dll
0x00007ffe8ad60000 - 0x00007ffe8ae07000 	C:\WINDOWS\System32\msvcrt.dll
0x00007ffe8c5f0000 - 0x00007ffe8c621000 	C:\WINDOWS\System32\IMM32.DLL
0x00007ffe76550000 - 0x00007ffe7655c000 	c:\Users\Abel Apriliani\.vscode\extensions\redhat.java-1.30.0-win32-x64\jre\17.0.10-win32-x86_64\bin\vcruntime140_1.dll
0x00007ffe437a0000 - 0x00007ffe4382d000 	c:\Users\Abel Apriliani\.vscode\extensions\redhat.java-1.30.0-win32-x64\jre\17.0.10-win32-x86_64\bin\msvcp140.dll
0x00007ffe0f060000 - 0x00007ffe0fcc2000 	c:\Users\Abel Apriliani\.vscode\extensions\redhat.java-1.30.0-win32-x64\jre\17.0.10-win32-x86_64\bin\server\jvm.dll
0x00007ffe8b290000 - 0x00007ffe8b342000 	C:\WINDOWS\System32\ADVAPI32.dll
0x00007ffe8b1e0000 - 0x00007ffe8b288000 	C:\WINDOWS\System32\sechost.dll
0x00007ffe8aaa0000 - 0x00007ffe8aac8000 	C:\WINDOWS\System32\bcrypt.dll
0x00007ffe8c010000 - 0x00007ffe8c125000 	C:\WINDOWS\System32\RPCRT4.dll
0x00007ffe8a100000 - 0x00007ffe8a14d000 	C:\WINDOWS\SYSTEM32\POWRPROF.dll
0x00007ffe66c20000 - 0x00007ffe66c29000 	C:\WINDOWS\SYSTEM32\WSOCK32.dll
0x00007ffe8ae10000 - 0x00007ffe8ae81000 	C:\WINDOWS\System32\WS2_32.dll
0x00007ffe81d20000 - 0x00007ffe81d54000 	C:\WINDOWS\SYSTEM32\WINMM.dll
0x00007ffe81d60000 - 0x00007ffe81d6a000 	C:\WINDOWS\SYSTEM32\VERSION.dll
0x00007ffe8a0e0000 - 0x00007ffe8a0f3000 	C:\WINDOWS\SYSTEM32\UMPDC.dll
0x00007ffe89240000 - 0x00007ffe89258000 	C:\WINDOWS\SYSTEM32\kernel.appcore.dll
0x00007ffe76510000 - 0x00007ffe7651a000 	c:\Users\Abel Apriliani\.vscode\extensions\redhat.java-1.30.0-win32-x64\jre\17.0.10-win32-x86_64\bin\jimage.dll
0x00007ffe80070000 - 0x00007ffe802a3000 	C:\WINDOWS\SYSTEM32\DBGHELP.DLL
0x00007ffe8b420000 - 0x00007ffe8b7a8000 	C:\WINDOWS\System32\combase.dll
0x00007ffe8c460000 - 0x00007ffe8c537000 	C:\WINDOWS\System32\OLEAUT32.dll
0x00007ffe6b430000 - 0x00007ffe6b462000 	C:\WINDOWS\SYSTEM32\dbgcore.DLL
0x00007ffe8a480000 - 0x00007ffe8a4f9000 	C:\WINDOWS\System32\bcryptPrimitives.dll
0x00007ffe71b20000 - 0x00007ffe71b2e000 	c:\Users\Abel Apriliani\.vscode\extensions\redhat.java-1.30.0-win32-x64\jre\17.0.10-win32-x86_64\bin\instrument.dll
0x00007ffe70a30000 - 0x00007ffe70a55000 	c:\Users\Abel Apriliani\.vscode\extensions\redhat.java-1.30.0-win32-x64\jre\17.0.10-win32-x86_64\bin\java.dll
0x00007ffe709a0000 - 0x00007ffe709b8000 	c:\Users\Abel Apriliani\.vscode\extensions\redhat.java-1.30.0-win32-x64\jre\17.0.10-win32-x86_64\bin\zip.dll
0x00007ffe8b7b0000 - 0x00007ffe8c00c000 	C:\WINDOWS\System32\SHELL32.dll
0x00007ffe88140000 - 0x00007ffe88a39000 	C:\WINDOWS\SYSTEM32\windows.storage.dll
0x00007ffe88000000 - 0x00007ffe8813e000 	C:\WINDOWS\SYSTEM32\wintypes.dll
0x00007ffe8cdd0000 - 0x00007ffe8cec3000 	C:\WINDOWS\System32\SHCORE.dll
0x00007ffe8acd0000 - 0x00007ffe8ad2e000 	C:\WINDOWS\System32\shlwapi.dll
0x00007ffe8a160000 - 0x00007ffe8a181000 	C:\WINDOWS\SYSTEM32\profapi.dll
0x00007ffe6be10000 - 0x00007ffe6be29000 	C:\Users\Abel Apriliani\.vscode\extensions\redhat.java-1.30.0-win32-x64\jre\17.0.10-win32-x86_64\bin\net.dll
0x00007ffe81ba0000 - 0x00007ffe81cd6000 	C:\WINDOWS\SYSTEM32\WINHTTP.dll
0x00007ffe896c0000 - 0x00007ffe89729000 	C:\WINDOWS\system32\mswsock.dll
0x00007ffe65d60000 - 0x00007ffe65d76000 	C:\Users\Abel Apriliani\.vscode\extensions\redhat.java-1.30.0-win32-x64\jre\17.0.10-win32-x86_64\bin\nio.dll
0x00007ffe71b10000 - 0x00007ffe71b20000 	c:\Users\Abel Apriliani\.vscode\extensions\redhat.java-1.30.0-win32-x64\jre\17.0.10-win32-x86_64\bin\verify.dll

dbghelp: loaded successfully - version: 4.0.5 - missing functions: none
symbol engine: initialized successfully - sym options: 0x614 - pdb path: .;c:\Users\Abel Apriliani\.vscode\extensions\redhat.java-1.30.0-win32-x64\jre\17.0.10-win32-x86_64\bin;C:\WINDOWS\SYSTEM32;C:\WINDOWS\WinSxS\amd64_microsoft.windows.common-controls_6595b64144ccf1df_6.0.22621.3235_none_270f74e173860f98;c:\Users\Abel Apriliani\.vscode\extensions\redhat.java-1.30.0-win32-x64\jre\17.0.10-win32-x86_64\bin\server

VM Arguments:
jvm_args: --add-modules=ALL-SYSTEM --add-opens=java.base/java.util=ALL-UNNAMED --add-opens=java.base/java.lang=ALL-UNNAMED --add-opens=java.base/sun.nio.fs=ALL-UNNAMED -Declipse.application=org.eclipse.jdt.ls.core.id1 -Dosgi.bundles.defaultStartLevel=4 -Declipse.product=org.eclipse.jdt.ls.core.product -Djava.import.generatesMetadataFilesAtProjectRoot=false -DDetectVMInstallationsJob.disabled=true -Dfile.encoding=utf8 -XX:+UseParallelGC -XX:GCTimeRatio=4 -XX:AdaptiveSizePolicyWeight=90 -Dsun.zip.disableMemoryMapping=true -Xmx1G -Xms100m -Xlog:disable -javaagent:c:\Users\Abel Apriliani\.vscode\extensions\redhat.java-1.30.0-win32-x64\lombok\lombok-1.18.32.jar -XX:+HeapDumpOnOutOfMemoryError -XX:HeapDumpPath=c:\Users\Abel Apriliani\AppData\Roaming\Code\User\workspaceStorage\c818537a7e6f00fbf71c54d39c6815c5\redhat.java -Daether.dependencyCollector.impl=bf 
java_command: c:\Users\Abel Apriliani\.vscode\extensions\redhat.java-1.30.0-win32-x64\server\plugins\org.eclipse.equinox.launcher_1.6.800.v20240330-1250.jar -configuration c:\Users\Abel Apriliani\AppData\Roaming\Code\User\globalStorage\redhat.java\1.30.0\config_win -data c:\Users\Abel Apriliani\AppData\Roaming\Code\User\workspaceStorage\c818537a7e6f00fbf71c54d39c6815c5\redhat.java\jdt_ws --pipe=\\.\pipe\lsp-e3163d1304ea0c1ab559e6ecb59069e3-sock
java_class_path (initial): c:\Users\Abel Apriliani\.vscode\extensions\redhat.java-1.30.0-win32-x64\server\plugins\org.eclipse.equinox.launcher_1.6.800.v20240330-1250.jar
Launcher Type: SUN_STANDARD

[Global flags]
    uintx AdaptiveSizePolicyWeight                 = 90                                        {product} {command line}
     intx CICompilerCount                          = 2                                         {product} {ergonomic}
    uintx GCTimeRatio                              = 4                                         {product} {command line}
     bool HeapDumpOnOutOfMemoryError               = true                                   {manageable} {command line}
    ccstr HeapDumpPath                             = c:\Users\Abel Apriliani\AppData\Roaming\Code\User\workspaceStorage\c818537a7e6f00fbf71c54d39c6815c5\redhat.java         {manageable} {command line}
   size_t InitialHeapSize                          = 104857600                                 {product} {command line}
   size_t MaxHeapSize                              = 1073741824                                {product} {command line}
   size_t MaxNewSize                               = 357564416                                 {product} {ergonomic}
   size_t MinHeapDeltaBytes                        = 524288                                    {product} {ergonomic}
   size_t MinHeapSize                              = 104857600                                 {product} {command line}
   size_t NewSize                                  = 34603008                                  {product} {ergonomic}
    uintx NonNMethodCodeHeapSize                   = 5826188                                {pd product} {ergonomic}
    uintx NonProfiledCodeHeapSize                  = 122916026                              {pd product} {ergonomic}
   size_t OldSize                                  = 70254592                                  {product} {ergonomic}
    uintx ProfiledCodeHeapSize                     = 122916026                              {pd product} {ergonomic}
    uintx ReservedCodeCacheSize                    = 251658240                              {pd product} {ergonomic}
     bool SegmentedCodeCache                       = true                                      {product} {ergonomic}
   size_t SoftMaxHeapSize                          = 1073741824                             {manageable} {ergonomic}
     bool UseCompressedClassPointers               = true                           {product lp64_product} {ergonomic}
     bool UseCompressedOops                        = true                           {product lp64_product} {ergonomic}
     bool UseLargePagesIndividualAllocation        = false                                  {pd product} {ergonomic}
     bool UseParallelGC                            = true                                      {product} {command line}

Logging:
Log output configuration:
 #0: stdout all=off uptime,level,tags
 #1: stderr all=off uptime,level,tags

Environment Variables:
PATH=C:\Program Files\Common Files\Oracle\Java\javapath;C:\Program Files\Microsoft\jdk-11.0.16.101-hotspot\bin;C:\WINDOWS\system32;C:\WINDOWS;C:\WINDOWS\System32\Wbem;C:\WINDOWS\System32\WindowsPowerShell\v1.0\;C:\WINDOWS\System32\OpenSSH\;C:\Program Files\Git\cmd;C:\Users\Abel Apriliani\Downloads\flutter_windows_3.7.5-stable.zip\flutter\bin;C:\Users\Abel Apriliani\Downloads\flutter_windows_3.7.5-stable.zip\flutter\bin;C:\Program Files\MySQL\MySQL Server 8.0\bin;C:\Program Files\MySQL\MySQL Server 8.0\bin;C:\ProgramData\chocolatey\bin;C:\Users\Abel Apriliani\AppData\Local\Programs\Python\Python310\Scripts\;C:\Users\Abel Apriliani\AppData\Local\Programs\Python\Python310\;C:\Users\Abel Apriliani\AppData\Local\Microsoft\WindowsApps;C:\Users\Abel Apriliani\AppData\Local\Programs\Microsoft VS Code\bin;C:\ghcup\bin;C:\Users\Abel Apriliani\Downloads\flutter_windows_3.7.5-stable.zip\flutter\bin;C:\Users\Abel Apriliani\Downloads\flutter_windows_3.7.5-stable.zip\flutter\bin;C:\MinGW\bin;C:\Program Files\MySQL\MySQL Server 8.0\bin;C:\Users\Abel Apriliani\AppData\Local\GitHubDesktop\bin;C:\ProgramData\Abel Apriliani\GitHubDesktop\bin;D:\IntelliJ IDEA 2023.3.2\bin;;D:\IntelliJ IDEA Community Edition 2023.3.2\bin;
USERNAME=Abel Apriliani
OS=Windows_NT
PROCESSOR_IDENTIFIER=AMD64 Family 23 Model 24 Stepping 1, AuthenticAMD
TMP=C:\Users\ABELAP~1\AppData\Local\Temp
TEMP=C:\Users\ABELAP~1\AppData\Local\Temp



Periodic native trim disabled


---------------  S Y S T E M  ---------------

OS:
 Windows 11 , 64 bit Build 22621 (10.0.22621.3374)
OS uptime: 0 days 0:22 hours
Hyper-V role detected

CPU: total 2 (initial active 2) (2 cores per cpu, 1 threads per core) family 23 model 24 stepping 1 microcode 0x0, cx8, cmov, fxsr, mmx, 3dnowpref, sse, sse2, sse3, ssse3, sse4a, sse4.1, sse4.2, popcnt, lzcnt, tsc, tscinvbit, avx, avx2, aes, clmul, bmi1, bmi2, adx, sha, fma, vzeroupper, clflush, clflushopt, hv
Processor Information for all 2 processors :
  Max Mhz: 2300, Current Mhz: 2300, Mhz Limit: 2300

Memory: 4k page, system-wide physical 6094M (390M free)
TotalPageFile size 11807M (AvailPageFile size 5M)
current process WorkingSet (physical memory assigned to process): 48M, peak: 48M
current process commit charge ("private bytes"): 171M, peak: 171M

vm_info: OpenJDK 64-Bit Server VM (17.0.10+7) for windows-amd64 JRE (17.0.10+7), built on Jan 16 2024 23:25:11 by "admin" with MS VC++ 16.10 / 16.11 (VS2019)

END.
